#
# There is insufficient memory for the Java Runtime Environment to continue.
# Native memory allocation (malloc) failed to allocate 1409776 bytes for Chunk::new
# Possible reasons:
#   The system is out of physical RAM or swap space
#   The process is running with CompressedOops enabled, and the Java Heap may be blocking the growth of the native heap
# Possible solutions:
#   Reduce memory load on the system
#   Increase physical memory or swap space
#   Check if swap backing store is full
#   Decrease Java heap size (-Xmx/-Xms)
#   Decrease number of Java threads
#   Decrease Java thread stack sizes (-Xss)
#   Set larger code cache with -XX:ReservedCodeCacheSize=
#   JVM is running with Zero Based Compressed Oops mode in which the Java heap is
#     placed in the first 32GB address space. The Java Heap base address is the
#     maximum limit for the native heap growth. Please use -XX:HeapBaseMinAddress
#     to set the Java Heap base and to place the Java Heap above 32GB virtual address.
# This output file may be truncated or incomplete.
#
#  Out of Memory Error (arena.cpp:168), pid=4308, tid=23360
#
# JRE version: Java(TM) SE Runtime Environment (21.0.4+8) (build 21.0.4+8-LTS-274)
# Java VM: Java HotSpot(TM) 64-Bit Server VM (21.0.4+8-LTS-274, mixed mode, sharing, tiered, compressed oops, compressed class ptrs, g1 gc, windows-amd64)
# No core dump will be written. Minidumps are not enabled by default on client versions of Windows
#

---------------  S U M M A R Y ------------

Command Line: -Dmaven.multiModuleProjectDirectory=C:\Users\aleks\Downloads\literatura-jpn org.apache.maven.wrapper.MavenWrapperMain compile quarkus:dev

Host: AMD Ryzen 5 5500U with Radeon Graphics         , 12 cores, 11G,  Windows 11 , 64 bit Build 22621 (10.0.22621.3958)
Time: Sat Oct 26 03:32:26 2024 Horário Padrão de Tocantins elapsed time: 9.298303 seconds (0d 0h 0m 9s)

---------------  T H R E A D  ---------------

Current thread (0x0000024a041bade0):  JavaThread "C2 CompilerThread1" daemon [_thread_in_native, id=23360, stack(0x000000562f100000,0x000000562f200000) (1024K)]


Current CompileTask:
C2:   9298 5988       4       org.apache.maven.repository.internal.ArtifactDescriptorReaderDelegate::populateResult (426 bytes)

Stack: [0x000000562f100000,0x000000562f200000]
Native frames: (J=compiled Java code, j=interpreted, Vv=VM code, C=native code)
V  [jvm.dll+0x6c8e59]
V  [jvm.dll+0x853181]
V  [jvm.dll+0x8556ae]
V  [jvm.dll+0x855d83]
V  [jvm.dll+0x27d526]
V  [jvm.dll+0xc4aad]
V  [jvm.dll+0xc4fe3]
V  [jvm.dll+0x3b400c]
V  [jvm.dll+0x1df243]
V  [jvm.dll+0x2463d2]
V  [jvm.dll+0x24585f]
V  [jvm.dll+0x1c69de]
V  [jvm.dll+0x254d49]
V  [jvm.dll+0x2532da]
V  [jvm.dll+0x3ed426]
V  [jvm.dll+0x7fd65b]
V  [jvm.dll+0x6c753d]
C  [ucrtbase.dll+0x29333]
C  [KERNEL32.DLL+0x1257d]
C  [ntdll.dll+0x5af08]


---------------  P R O C E S S  ---------------

Threads class SMR info:
_java_thread_list=0x0000024a05f48320, length=24, elements={
0x000002499e75c3e0, 0x00000249be8c04f0, 0x00000249be8c1210, 0x00000249be8c3780,
0x00000249be8c41e0, 0x00000249be8c4c40, 0x00000249be8c57d0, 0x00000249be8d5c00,
0x00000249be8cbb40, 0x00000249beb82b70, 0x00000249beba6080, 0x0000024a041bade0,
0x0000024a05284bb0, 0x0000024a053ab8f0, 0x0000024a0535f270, 0x00000249bee34610,
0x0000024a05f47a80, 0x0000024a05362950, 0x0000024a05d5d160, 0x0000024a05d5aa00,
0x0000024a05d5b090, 0x0000024a05d59ce0, 0x0000024a05d5b720, 0x0000024a05d5a370
}

Java Threads: ( => current thread )
  0x000002499e75c3e0 JavaThread "main"                              [_thread_in_native, id=21380, stack(0x000000562df00000,0x000000562e000000) (1024K)]
  0x00000249be8c04f0 JavaThread "Reference Handler"          daemon [_thread_blocked, id=14380, stack(0x000000562e700000,0x000000562e800000) (1024K)]
  0x00000249be8c1210 JavaThread "Finalizer"                  daemon [_thread_blocked, id=17612, stack(0x000000562e800000,0x000000562e900000) (1024K)]
  0x00000249be8c3780 JavaThread "Signal Dispatcher"          daemon [_thread_blocked, id=3672, stack(0x000000562e900000,0x000000562ea00000) (1024K)]
  0x00000249be8c41e0 JavaThread "Attach Listener"            daemon [_thread_blocked, id=9552, stack(0x000000562ea00000,0x000000562eb00000) (1024K)]
  0x00000249be8c4c40 JavaThread "Service Thread"             daemon [_thread_blocked, id=19232, stack(0x000000562eb00000,0x000000562ec00000) (1024K)]
  0x00000249be8c57d0 JavaThread "Monitor Deflation Thread"   daemon [_thread_blocked, id=22892, stack(0x000000562ec00000,0x000000562ed00000) (1024K)]
  0x00000249be8d5c00 JavaThread "C2 CompilerThread0"         daemon [_thread_in_native, id=2696, stack(0x000000562ed00000,0x000000562ee00000) (1024K)]
  0x00000249be8cbb40 JavaThread "C1 CompilerThread0"         daemon [_thread_blocked, id=5932, stack(0x000000562ee00000,0x000000562ef00000) (1024K)]
  0x00000249beb82b70 JavaThread "Notification Thread"        daemon [_thread_blocked, id=18880, stack(0x000000562ef00000,0x000000562f000000) (1024K)]
  0x00000249beba6080 JavaThread "Common-Cleaner"             daemon [_thread_blocked, id=20188, stack(0x000000562f000000,0x000000562f100000) (1024K)]
=>0x0000024a041bade0 JavaThread "C2 CompilerThread1"         daemon [_thread_in_native, id=23360, stack(0x000000562f100000,0x000000562f200000) (1024K)]
  0x0000024a05284bb0 JavaThread "Thread-1"                   daemon [_thread_blocked, id=19288, stack(0x000000562fb00000,0x000000562fc00000) (1024K)]
  0x0000024a053ab8f0 JavaThread "ForkJoinPool.commonPool-worker-1" daemon [_thread_blocked, id=5208, stack(0x000000562fc00000,0x000000562fd00000) (1024K)]
  0x0000024a0535f270 JavaThread "ForkJoinPool.commonPool-worker-2" daemon [_thread_blocked, id=19576, stack(0x000000562fd00000,0x000000562fe00000) (1024K)]
  0x00000249bee34610 JavaThread "ForkJoinPool.commonPool-worker-4" daemon [_thread_blocked, id=17220, stack(0x000000562fe00000,0x000000562ff00000) (1024K)]
  0x0000024a05f47a80 JavaThread "ForkJoinPool.commonPool-worker-3" daemon [_thread_blocked, id=14312, stack(0x000000562ff00000,0x0000005630000000) (1024K)]
  0x0000024a05362950 JavaThread "ForkJoinPool.commonPool-worker-5" daemon [_thread_blocked, id=13824, stack(0x0000005630000000,0x0000005630100000) (1024K)]
  0x0000024a05d5d160 JavaThread "ForkJoinPool.commonPool-worker-6" daemon [_thread_blocked, id=12336, stack(0x0000005630100000,0x0000005630200000) (1024K)]
  0x0000024a05d5aa00 JavaThread "ForkJoinPool.commonPool-worker-7" daemon [_thread_blocked, id=16504, stack(0x0000005630200000,0x0000005630300000) (1024K)]
  0x0000024a05d5b090 JavaThread "ForkJoinPool.commonPool-worker-8" daemon [_thread_blocked, id=18296, stack(0x0000005630300000,0x0000005630400000) (1024K)]
  0x0000024a05d59ce0 JavaThread "ForkJoinPool.commonPool-worker-9" daemon [_thread_blocked, id=22072, stack(0x0000005630400000,0x0000005630500000) (1024K)]
  0x0000024a05d5b720 JavaThread "ForkJoinPool.commonPool-worker-10" daemon [_thread_blocked, id=14632, stack(0x0000005630500000,0x0000005630600000) (1024K)]
  0x0000024a05d5a370 JavaThread "ForkJoinPool.commonPool-worker-11" daemon [_thread_blocked, id=3600, stack(0x0000005630600000,0x0000005630700000) (1024K)]
Total: 24

Other Threads:
  0x00000249be89fa00 VMThread "VM Thread"                           [id=16696, stack(0x000000562e600000,0x000000562e700000) (1024K)]
  0x00000249be887700 WatcherThread "VM Periodic Task Thread"        [id=24248, stack(0x000000562e500000,0x000000562e600000) (1024K)]
  0x00000249a0a4e520 WorkerThread "GC Thread#0"                     [id=3388, stack(0x000000562e000000,0x000000562e100000) (1024K)]
  0x0000024a04717160 WorkerThread "GC Thread#1"                     [id=13552, stack(0x000000562f300000,0x000000562f400000) (1024K)]
  0x0000024a04735af0 WorkerThread "GC Thread#2"                     [id=1248, stack(0x000000562f400000,0x000000562f500000) (1024K)]
  0x0000024a04735e90 WorkerThread "GC Thread#3"                     [id=16680, stack(0x000000562f500000,0x000000562f600000) (1024K)]
  0x0000024a04edcf40 WorkerThread "GC Thread#4"                     [id=16672, stack(0x000000562f600000,0x000000562f700000) (1024K)]
  0x0000024a04edd900 WorkerThread "GC Thread#5"                     [id=22668, stack(0x000000562f700000,0x000000562f800000) (1024K)]
  0x0000024a04d93100 WorkerThread "GC Thread#6"                     [id=22556, stack(0x000000562f800000,0x000000562f900000) (1024K)]
  0x0000024a04d934a0 WorkerThread "GC Thread#7"                     [id=23112, stack(0x000000562f900000,0x000000562fa00000) (1024K)]
  0x0000024a04f85540 WorkerThread "GC Thread#8"                     [id=14884, stack(0x000000562f200000,0x000000562f300000) (1024K)]
  0x0000024a04f858e0 WorkerThread "GC Thread#9"                     [id=17564, stack(0x000000562fa00000,0x000000562fb00000) (1024K)]
  0x00000249a0a5ac40 ConcurrentGCThread "G1 Main Marker"            [id=19036, stack(0x000000562e100000,0x000000562e200000) (1024K)]
  0x00000249a0a5bee0 WorkerThread "G1 Conc#0"                       [id=16888, stack(0x000000562e200000,0x000000562e300000) (1024K)]
  0x0000024a059fafc0 WorkerThread "G1 Conc#1"                       [id=22940, stack(0x0000005630700000,0x0000005630800000) (1024K)]
  0x0000024a059fb360 WorkerThread "G1 Conc#2"                       [id=24468, stack(0x0000005630800000,0x0000005630900000) (1024K)]
  0x00000249a0abe9f0 ConcurrentGCThread "G1 Refine#0"               [id=23592, stack(0x000000562e300000,0x000000562e400000) (1024K)]
  0x00000249be758740 ConcurrentGCThread "G1 Service"                [id=19980, stack(0x000000562e400000,0x000000562e500000) (1024K)]
Total: 18

Threads with active compile tasks:
C2 CompilerThread0     9325 6456       4       org.apache.maven.model.inheritance.DefaultInheritanceAssembler$InheritanceModelMerger::mergePluginContainer_Plugins (433 bytes)
C2 CompilerThread1     9325 5988       4       org.apache.maven.repository.internal.ArtifactDescriptorReaderDelegate::populateResult (426 bytes)
Total: 2

VM state: not at safepoint (normal execution)

VM Mutex/Monitor currently owned by a thread: None

Heap address: 0x000000074a600000, size: 2906 MB, Compressed Oops mode: Zero based, Oop shift amount: 3

CDS archive(s) mapped at: [0x00000249bf000000-0x00000249bfc90000-0x00000249bfc90000), size 13172736, SharedBaseAddress: 0x00000249bf000000, ArchiveRelocationMode: 1.
Compressed class space mapped at: 0x00000249c0000000-0x0000024a00000000, reserved size: 1073741824
Narrow klass base: 0x00000249bf000000, Narrow klass shift: 0, Narrow klass range: 0x100000000

GC Precious Log:
 CardTable entry size: 512
 Card Set container configuration: InlinePtr #cards 4 size 8 Array Of Cards #cards 16 size 48 Howl #buckets 8 coarsen threshold 3686 Howl Bitmap #cards 512 size 80 coarsen threshold 460 Card regions per heap region 1 cards per card region 4096
 CPUs: 12 total, 12 available
 Memory: 11621M
 Large Page Support: Disabled
 NUMA Support: Disabled
 Compressed Oops: Enabled (Zero based)
 Heap Region Size: 2M
 Heap Min Capacity: 8M
 Heap Initial Capacity: 182M
 Heap Max Capacity: 2906M
 Pre-touch: Disabled
 Parallel Workers: 10
 Concurrent Workers: 3
 Concurrent Refinement Workers: 10
 Periodic GC: Disabled

Heap:
 garbage-first heap   total 446464K, used 216970K [0x000000074a600000, 0x0000000800000000)
  region size 2048K, 21 young (43008K), 11 survivors (22528K)
 Metaspace       used 23192K, committed 23680K, reserved 1114112K
  class space    used 2557K, committed 2752K, reserved 1048576K

Heap Regions: E=young(eden), S=young(survivor), O=old, HS=humongous(starts), HC=humongous(continues), CS=collection set, F=free, TAMS=top-at-mark-start, PB=parsable bottom
|   0|0x000000074a600000, 0x000000074a800000, 0x000000074a800000|100%| O|  |TAMS 0x000000074a600000| PB 0x000000074a600000| Untracked 
|   1|0x000000074a800000, 0x000000074aa00000, 0x000000074aa00000|100%| O|  |TAMS 0x000000074a800000| PB 0x000000074a800000| Untracked 
|   2|0x000000074aa00000, 0x000000074ac00000, 0x000000074ac00000|100%| O|  |TAMS 0x000000074aa00000| PB 0x000000074aa00000| Untracked 
|   3|0x000000074ac00000, 0x000000074ae00000, 0x000000074ae00000|100%| O|  |TAMS 0x000000074ac00000| PB 0x000000074ac00000| Untracked 
|   4|0x000000074ae00000, 0x000000074b000000, 0x000000074b000000|100%| O|  |TAMS 0x000000074ae00000| PB 0x000000074ae00000| Untracked 
|   5|0x000000074b000000, 0x000000074b200000, 0x000000074b200000|100%| O|  |TAMS 0x000000074b000000| PB 0x000000074b000000| Untracked 
|   6|0x000000074b200000, 0x000000074b400000, 0x000000074b400000|100%| O|  |TAMS 0x000000074b200000| PB 0x000000074b200000| Untracked 
|   7|0x000000074b400000, 0x000000074b600000, 0x000000074b600000|100%| O|  |TAMS 0x000000074b400000| PB 0x000000074b400000| Untracked 
|   8|0x000000074b600000, 0x000000074b800000, 0x000000074b800000|100%| O|  |TAMS 0x000000074b600000| PB 0x000000074b600000| Untracked 
|   9|0x000000074b800000, 0x000000074ba00000, 0x000000074ba00000|100%| O|  |TAMS 0x000000074b800000| PB 0x000000074b800000| Untracked 
|  10|0x000000074ba00000, 0x000000074bc00000, 0x000000074bc00000|100%| O|  |TAMS 0x000000074ba00000| PB 0x000000074ba00000| Untracked 
|  11|0x000000074bc00000, 0x000000074be00000, 0x000000074be00000|100%| O|  |TAMS 0x000000074bc00000| PB 0x000000074bc00000| Untracked 
|  12|0x000000074be00000, 0x000000074c000000, 0x000000074c000000|100%| O|  |TAMS 0x000000074be00000| PB 0x000000074be00000| Untracked 
|  13|0x000000074c000000, 0x000000074c200000, 0x000000074c200000|100%| O|  |TAMS 0x000000074c000000| PB 0x000000074c000000| Untracked 
|  14|0x000000074c200000, 0x000000074c400000, 0x000000074c400000|100%| O|  |TAMS 0x000000074c200000| PB 0x000000074c200000| Untracked 
|  15|0x000000074c400000, 0x000000074c600000, 0x000000074c600000|100%| O|  |TAMS 0x000000074c400000| PB 0x000000074c400000| Untracked 
|  16|0x000000074c600000, 0x000000074c800000, 0x000000074c800000|100%| O|  |TAMS 0x000000074c600000| PB 0x000000074c600000| Untracked 
|  17|0x000000074c800000, 0x000000074ca00000, 0x000000074ca00000|100%| O|  |TAMS 0x000000074c800000| PB 0x000000074c800000| Untracked 
|  18|0x000000074ca00000, 0x000000074cc00000, 0x000000074cc00000|100%| O|  |TAMS 0x000000074ca00000| PB 0x000000074ca00000| Untracked 
|  19|0x000000074cc00000, 0x000000074ce00000, 0x000000074ce00000|100%| O|  |TAMS 0x000000074cc00000| PB 0x000000074cc00000| Untracked 
|  20|0x000000074ce00000, 0x000000074d000000, 0x000000074d000000|100%| O|  |TAMS 0x000000074ce00000| PB 0x000000074ce00000| Untracked 
|  21|0x000000074d000000, 0x000000074d200000, 0x000000074d200000|100%| O|  |TAMS 0x000000074d000000| PB 0x000000074d000000| Untracked 
|  22|0x000000074d200000, 0x000000074d400000, 0x000000074d400000|100%| O|  |TAMS 0x000000074d200000| PB 0x000000074d200000| Untracked 
|  23|0x000000074d400000, 0x000000074d600000, 0x000000074d600000|100%| O|  |TAMS 0x000000074d400000| PB 0x000000074d400000| Untracked 
|  24|0x000000074d600000, 0x000000074d800000, 0x000000074d800000|100%| O|  |TAMS 0x000000074d600000| PB 0x000000074d600000| Untracked 
|  25|0x000000074d800000, 0x000000074da00000, 0x000000074da00000|100%| O|  |TAMS 0x000000074d800000| PB 0x000000074d800000| Untracked 
|  26|0x000000074da00000, 0x000000074dc00000, 0x000000074dc00000|100%| O|  |TAMS 0x000000074da00000| PB 0x000000074da00000| Untracked 
|  27|0x000000074dc00000, 0x000000074de00000, 0x000000074de00000|100%| O|  |TAMS 0x000000074dc00000| PB 0x000000074dc00000| Untracked 
|  28|0x000000074de00000, 0x000000074e000000, 0x000000074e000000|100%| O|  |TAMS 0x000000074de00000| PB 0x000000074de00000| Untracked 
|  29|0x000000074e000000, 0x000000074e200000, 0x000000074e200000|100%| O|  |TAMS 0x000000074e000000| PB 0x000000074e000000| Untracked 
|  30|0x000000074e200000, 0x000000074e400000, 0x000000074e400000|100%| O|  |TAMS 0x000000074e200000| PB 0x000000074e200000| Untracked 
|  31|0x000000074e400000, 0x000000074e600000, 0x000000074e600000|100%| O|  |TAMS 0x000000074e400000| PB 0x000000074e400000| Untracked 
|  32|0x000000074e600000, 0x000000074e800000, 0x000000074e800000|100%| O|  |TAMS 0x000000074e600000| PB 0x000000074e600000| Untracked 
|  33|0x000000074e800000, 0x000000074ea00000, 0x000000074ea00000|100%| O|  |TAMS 0x000000074e800000| PB 0x000000074e800000| Untracked 
|  34|0x000000074ea00000, 0x000000074ec00000, 0x000000074ec00000|100%| O|  |TAMS 0x000000074ea00000| PB 0x000000074ea00000| Untracked 
|  35|0x000000074ec00000, 0x000000074ee00000, 0x000000074ee00000|100%| O|  |TAMS 0x000000074ec00000| PB 0x000000074ec00000| Untracked 
|  36|0x000000074ee00000, 0x000000074f000000, 0x000000074f000000|100%| O|  |TAMS 0x000000074ee00000| PB 0x000000074ee00000| Untracked 
|  37|0x000000074f000000, 0x000000074f200000, 0x000000074f200000|100%| O|  |TAMS 0x000000074f000000| PB 0x000000074f000000| Untracked 
|  38|0x000000074f200000, 0x000000074f400000, 0x000000074f400000|100%| O|  |TAMS 0x000000074f200000| PB 0x000000074f200000| Untracked 
|  39|0x000000074f400000, 0x000000074f600000, 0x000000074f600000|100%| O|  |TAMS 0x000000074f400000| PB 0x000000074f400000| Untracked 
|  40|0x000000074f600000, 0x000000074f800000, 0x000000074f800000|100%| O|  |TAMS 0x000000074f600000| PB 0x000000074f600000| Untracked 
|  41|0x000000074f800000, 0x000000074fa00000, 0x000000074fa00000|100%| O|  |TAMS 0x000000074f800000| PB 0x000000074f800000| Untracked 
|  42|0x000000074fa00000, 0x000000074fc00000, 0x000000074fc00000|100%| O|  |TAMS 0x000000074fa00000| PB 0x000000074fa00000| Untracked 
|  43|0x000000074fc00000, 0x000000074fe00000, 0x000000074fe00000|100%| O|  |TAMS 0x000000074fc00000| PB 0x000000074fc00000| Untracked 
|  44|0x000000074fe00000, 0x0000000750000000, 0x0000000750000000|100%| O|  |TAMS 0x000000074fe00000| PB 0x000000074fe00000| Untracked 
|  45|0x0000000750000000, 0x0000000750200000, 0x0000000750200000|100%| O|  |TAMS 0x0000000750000000| PB 0x0000000750000000| Untracked 
|  46|0x0000000750200000, 0x0000000750400000, 0x0000000750400000|100%| O|  |TAMS 0x0000000750200000| PB 0x0000000750200000| Untracked 
|  47|0x0000000750400000, 0x0000000750600000, 0x0000000750600000|100%| O|  |TAMS 0x0000000750400000| PB 0x0000000750400000| Untracked 
|  48|0x0000000750600000, 0x0000000750800000, 0x0000000750800000|100%| O|  |TAMS 0x0000000750600000| PB 0x0000000750600000| Untracked 
|  49|0x0000000750800000, 0x0000000750a00000, 0x0000000750a00000|100%| O|  |TAMS 0x0000000750800000| PB 0x0000000750800000| Untracked 
|  50|0x0000000750a00000, 0x0000000750c00000, 0x0000000750c00000|100%| O|  |TAMS 0x0000000750a00000| PB 0x0000000750a00000| Untracked 
|  51|0x0000000750c00000, 0x0000000750e00000, 0x0000000750e00000|100%| O|  |TAMS 0x0000000750c00000| PB 0x0000000750c00000| Untracked 
|  52|0x0000000750e00000, 0x0000000751000000, 0x0000000751000000|100%| O|  |TAMS 0x0000000750e00000| PB 0x0000000750e00000| Untracked 
|  53|0x0000000751000000, 0x0000000751200000, 0x0000000751200000|100%| O|  |TAMS 0x0000000751000000| PB 0x0000000751000000| Untracked 
|  54|0x0000000751200000, 0x0000000751400000, 0x0000000751400000|100%| O|  |TAMS 0x0000000751200000| PB 0x0000000751200000| Untracked 
|  55|0x0000000751400000, 0x0000000751600000, 0x0000000751600000|100%| O|  |TAMS 0x0000000751400000| PB 0x0000000751400000| Untracked 
|  56|0x0000000751600000, 0x0000000751800000, 0x0000000751800000|100%| O|  |TAMS 0x0000000751600000| PB 0x0000000751600000| Untracked 
|  57|0x0000000751800000, 0x0000000751800000, 0x0000000751a00000|  0%| F|  |TAMS 0x0000000751800000| PB 0x0000000751800000| Untracked 
|  58|0x0000000751a00000, 0x0000000751a00000, 0x0000000751c00000|  0%| F|  |TAMS 0x0000000751a00000| PB 0x0000000751a00000| Untracked 
|  59|0x0000000751c00000, 0x0000000751e00000, 0x0000000751e00000|100%| O|  |TAMS 0x0000000751c00000| PB 0x0000000751c00000| Untracked 
|  60|0x0000000751e00000, 0x0000000752000000, 0x0000000752000000|100%| O|  |TAMS 0x0000000751e00000| PB 0x0000000751e00000| Untracked 
|  61|0x0000000752000000, 0x0000000752200000, 0x0000000752200000|100%| O|  |TAMS 0x0000000752000000| PB 0x0000000752000000| Untracked 
|  62|0x0000000752200000, 0x0000000752400000, 0x0000000752400000|100%| O|  |TAMS 0x0000000752200000| PB 0x0000000752200000| Untracked 
|  63|0x0000000752400000, 0x0000000752400000, 0x0000000752600000|  0%| F|  |TAMS 0x0000000752400000| PB 0x0000000752400000| Untracked 
|  64|0x0000000752600000, 0x0000000752800000, 0x0000000752800000|100%| O|  |TAMS 0x0000000752600000| PB 0x0000000752600000| Untracked 
|  65|0x0000000752800000, 0x0000000752a00000, 0x0000000752a00000|100%| O|  |TAMS 0x0000000752800000| PB 0x0000000752800000| Untracked 
|  66|0x0000000752a00000, 0x0000000752c00000, 0x0000000752c00000|100%| O|  |TAMS 0x0000000752a00000| PB 0x0000000752a00000| Untracked 
|  67|0x0000000752c00000, 0x0000000752e00000, 0x0000000752e00000|100%| O|  |TAMS 0x0000000752c00000| PB 0x0000000752c00000| Untracked 
|  68|0x0000000752e00000, 0x0000000753000000, 0x0000000753000000|100%| O|  |TAMS 0x0000000752e00000| PB 0x0000000752e00000| Untracked 
|  69|0x0000000753000000, 0x0000000753200000, 0x0000000753200000|100%| O|  |TAMS 0x0000000753000000| PB 0x0000000753000000| Untracked 
|  70|0x0000000753200000, 0x0000000753400000, 0x0000000753400000|100%| O|  |TAMS 0x0000000753200000| PB 0x0000000753200000| Untracked 
|  71|0x0000000753400000, 0x0000000753600000, 0x0000000753600000|100%| O|  |TAMS 0x0000000753400000| PB 0x0000000753400000| Untracked 
|  72|0x0000000753600000, 0x0000000753800000, 0x0000000753800000|100%| O|  |TAMS 0x0000000753600000| PB 0x0000000753600000| Untracked 
|  73|0x0000000753800000, 0x0000000753a00000, 0x0000000753a00000|100%| O|  |TAMS 0x0000000753800000| PB 0x0000000753800000| Untracked 
|  74|0x0000000753a00000, 0x0000000753c00000, 0x0000000753c00000|100%| O|  |TAMS 0x0000000753a00000| PB 0x0000000753a00000| Untracked 
|  75|0x0000000753c00000, 0x0000000753e00000, 0x0000000753e00000|100%| O|  |TAMS 0x0000000753c00000| PB 0x0000000753c00000| Untracked 
|  76|0x0000000753e00000, 0x0000000753e00000, 0x0000000754000000|  0%| F|  |TAMS 0x0000000753e00000| PB 0x0000000753e00000| Untracked 
|  77|0x0000000754000000, 0x0000000754200000, 0x0000000754200000|100%| O|  |TAMS 0x0000000754000000| PB 0x0000000754000000| Untracked 
|  78|0x0000000754200000, 0x0000000754400000, 0x0000000754400000|100%| O|  |TAMS 0x0000000754200000| PB 0x0000000754200000| Untracked 
|  79|0x0000000754400000, 0x0000000754600000, 0x0000000754600000|100%| O|  |TAMS 0x0000000754400000| PB 0x0000000754400000| Untracked 
|  80|0x0000000754600000, 0x0000000754800000, 0x0000000754800000|100%| O|  |TAMS 0x0000000754600000| PB 0x0000000754600000| Untracked 
|  81|0x0000000754800000, 0x0000000754a00000, 0x0000000754a00000|100%| O|  |TAMS 0x0000000754800000| PB 0x0000000754800000| Untracked 
|  82|0x0000000754a00000, 0x0000000754c00000, 0x0000000754c00000|100%| O|  |TAMS 0x0000000754a00000| PB 0x0000000754a00000| Untracked 
|  83|0x0000000754c00000, 0x0000000754e00000, 0x0000000754e00000|100%| O|  |TAMS 0x0000000754c00000| PB 0x0000000754c00000| Untracked 
|  84|0x0000000754e00000, 0x0000000755000000, 0x0000000755000000|100%| O|  |TAMS 0x0000000754e00000| PB 0x0000000754e00000| Untracked 
|  85|0x0000000755000000, 0x0000000755200000, 0x0000000755200000|100%| O|  |TAMS 0x0000000755000000| PB 0x0000000755000000| Untracked 
|  86|0x0000000755200000, 0x0000000755400000, 0x0000000755400000|100%| O|  |TAMS 0x0000000755200000| PB 0x0000000755200000| Untracked 
|  87|0x0000000755400000, 0x0000000755600000, 0x0000000755600000|100%| O|  |TAMS 0x0000000755400000| PB 0x0000000755400000| Untracked 
|  88|0x0000000755600000, 0x0000000755800000, 0x0000000755800000|100%| O|  |TAMS 0x0000000755600000| PB 0x0000000755600000| Untracked 
|  89|0x0000000755800000, 0x0000000755a00000, 0x0000000755a00000|100%| O|  |TAMS 0x0000000755800000| PB 0x0000000755800000| Untracked 
|  90|0x0000000755a00000, 0x0000000755c00000, 0x0000000755c00000|100%| O|  |TAMS 0x0000000755a00000| PB 0x0000000755a00000| Untracked 
|  91|0x0000000755c00000, 0x0000000755c9a240, 0x0000000755e00000| 30%| O|  |TAMS 0x0000000755c00000| PB 0x0000000755c00000| Untracked 
|  92|0x0000000755e00000, 0x0000000755e00000, 0x0000000756000000|  0%| F|  |TAMS 0x0000000755e00000| PB 0x0000000755e00000| Untracked 
|  93|0x0000000756000000, 0x0000000756000000, 0x0000000756200000|  0%| F|  |TAMS 0x0000000756000000| PB 0x0000000756000000| Untracked 
|  94|0x0000000756200000, 0x0000000756200000, 0x0000000756400000|  0%| F|  |TAMS 0x0000000756200000| PB 0x0000000756200000| Untracked 
|  95|0x0000000756400000, 0x0000000756400000, 0x0000000756600000|  0%| F|  |TAMS 0x0000000756400000| PB 0x0000000756400000| Untracked 
|  96|0x0000000756600000, 0x0000000756600000, 0x0000000756800000|  0%| F|  |TAMS 0x0000000756600000| PB 0x0000000756600000| Untracked 
|  97|0x0000000756800000, 0x0000000756800000, 0x0000000756a00000|  0%| F|  |TAMS 0x0000000756800000| PB 0x0000000756800000| Untracked 
|  98|0x0000000756a00000, 0x0000000756a00000, 0x0000000756c00000|  0%| F|  |TAMS 0x0000000756a00000| PB 0x0000000756a00000| Untracked 
|  99|0x0000000756c00000, 0x0000000756c00000, 0x0000000756e00000|  0%| F|  |TAMS 0x0000000756c00000| PB 0x0000000756c00000| Untracked 
| 100|0x0000000756e00000, 0x0000000756e00000, 0x0000000757000000|  0%| F|  |TAMS 0x0000000756e00000| PB 0x0000000756e00000| Untracked 
| 101|0x0000000757000000, 0x0000000757000000, 0x0000000757200000|  0%| F|  |TAMS 0x0000000757000000| PB 0x0000000757000000| Untracked 
| 102|0x0000000757200000, 0x0000000757200000, 0x0000000757400000|  0%| F|  |TAMS 0x0000000757200000| PB 0x0000000757200000| Untracked 
| 103|0x0000000757400000, 0x0000000757400000, 0x0000000757600000|  0%| F|  |TAMS 0x0000000757400000| PB 0x0000000757400000| Untracked 
| 104|0x0000000757600000, 0x0000000757600000, 0x0000000757800000|  0%| F|  |TAMS 0x0000000757600000| PB 0x0000000757600000| Untracked 
| 105|0x0000000757800000, 0x0000000757800000, 0x0000000757a00000|  0%| F|  |TAMS 0x0000000757800000| PB 0x0000000757800000| Untracked 
| 106|0x0000000757a00000, 0x0000000757a00000, 0x0000000757c00000|  0%| F|  |TAMS 0x0000000757a00000| PB 0x0000000757a00000| Untracked 
| 107|0x0000000757c00000, 0x0000000757c00000, 0x0000000757e00000|  0%| F|  |TAMS 0x0000000757c00000| PB 0x0000000757c00000| Untracked 
| 108|0x0000000757e00000, 0x0000000757e00000, 0x0000000758000000|  0%| F|  |TAMS 0x0000000757e00000| PB 0x0000000757e00000| Untracked 
| 109|0x0000000758000000, 0x0000000758000000, 0x0000000758200000|  0%| F|  |TAMS 0x0000000758000000| PB 0x0000000758000000| Untracked 
| 110|0x0000000758200000, 0x0000000758200000, 0x0000000758400000|  0%| F|  |TAMS 0x0000000758200000| PB 0x0000000758200000| Untracked 
| 111|0x0000000758400000, 0x0000000758400000, 0x0000000758600000|  0%| F|  |TAMS 0x0000000758400000| PB 0x0000000758400000| Untracked 
| 112|0x0000000758600000, 0x0000000758600000, 0x0000000758800000|  0%| F|  |TAMS 0x0000000758600000| PB 0x0000000758600000| Untracked 
| 113|0x0000000758800000, 0x0000000758800000, 0x0000000758a00000|  0%| F|  |TAMS 0x0000000758800000| PB 0x0000000758800000| Untracked 
| 114|0x0000000758a00000, 0x0000000758a00000, 0x0000000758c00000|  0%| F|  |TAMS 0x0000000758a00000| PB 0x0000000758a00000| Untracked 
| 115|0x0000000758c00000, 0x0000000758c00000, 0x0000000758e00000|  0%| F|  |TAMS 0x0000000758c00000| PB 0x0000000758c00000| Untracked 
| 116|0x0000000758e00000, 0x0000000758e00000, 0x0000000759000000|  0%| F|  |TAMS 0x0000000758e00000| PB 0x0000000758e00000| Untracked 
| 117|0x0000000759000000, 0x0000000759000000, 0x0000000759200000|  0%| F|  |TAMS 0x0000000759000000| PB 0x0000000759000000| Untracked 
| 118|0x0000000759200000, 0x0000000759200000, 0x0000000759400000|  0%| F|  |TAMS 0x0000000759200000| PB 0x0000000759200000| Untracked 
| 119|0x0000000759400000, 0x0000000759400000, 0x0000000759600000|  0%| F|  |TAMS 0x0000000759400000| PB 0x0000000759400000| Untracked 
| 120|0x0000000759600000, 0x0000000759600000, 0x0000000759800000|  0%| F|  |TAMS 0x0000000759600000| PB 0x0000000759600000| Untracked 
| 121|0x0000000759800000, 0x0000000759800000, 0x0000000759a00000|  0%| F|  |TAMS 0x0000000759800000| PB 0x0000000759800000| Untracked 
| 122|0x0000000759a00000, 0x0000000759b48920, 0x0000000759c00000| 64%| S|CS|TAMS 0x0000000759a00000| PB 0x0000000759a00000| Complete 
| 123|0x0000000759c00000, 0x0000000759e00000, 0x0000000759e00000|100%| S|CS|TAMS 0x0000000759c00000| PB 0x0000000759c00000| Complete 
| 124|0x0000000759e00000, 0x000000075a000000, 0x000000075a000000|100%| S|CS|TAMS 0x0000000759e00000| PB 0x0000000759e00000| Complete 
| 125|0x000000075a000000, 0x000000075a200000, 0x000000075a200000|100%| S|CS|TAMS 0x000000075a000000| PB 0x000000075a000000| Complete 
| 126|0x000000075a200000, 0x000000075a400000, 0x000000075a400000|100%| S|CS|TAMS 0x000000075a200000| PB 0x000000075a200000| Complete 
| 127|0x000000075a400000, 0x000000075a600000, 0x000000075a600000|100%| S|CS|TAMS 0x000000075a400000| PB 0x000000075a400000| Complete 
| 128|0x000000075a600000, 0x000000075a800000, 0x000000075a800000|100%| S|CS|TAMS 0x000000075a600000| PB 0x000000075a600000| Complete 
| 129|0x000000075a800000, 0x000000075aa00000, 0x000000075aa00000|100%| S|CS|TAMS 0x000000075a800000| PB 0x000000075a800000| Complete 
| 130|0x000000075aa00000, 0x000000075ac00000, 0x000000075ac00000|100%| S|CS|TAMS 0x000000075aa00000| PB 0x000000075aa00000| Complete 
| 131|0x000000075ac00000, 0x000000075ae00000, 0x000000075ae00000|100%| S|CS|TAMS 0x000000075ac00000| PB 0x000000075ac00000| Complete 
| 132|0x000000075ae00000, 0x000000075b000000, 0x000000075b000000|100%| S|CS|TAMS 0x000000075ae00000| PB 0x000000075ae00000| Complete 
| 133|0x000000075b000000, 0x000000075b000000, 0x000000075b200000|  0%| F|  |TAMS 0x000000075b000000| PB 0x000000075b000000| Untracked 
| 134|0x000000075b200000, 0x000000075b200000, 0x000000075b400000|  0%| F|  |TAMS 0x000000075b200000| PB 0x000000075b200000| Untracked 
| 135|0x000000075b400000, 0x000000075b400000, 0x000000075b600000|  0%| F|  |TAMS 0x000000075b400000| PB 0x000000075b400000| Untracked 
| 136|0x000000075b600000, 0x000000075b600000, 0x000000075b800000|  0%| F|  |TAMS 0x000000075b600000| PB 0x000000075b600000| Untracked 
| 137|0x000000075b800000, 0x000000075b800000, 0x000000075ba00000|  0%| F|  |TAMS 0x000000075b800000| PB 0x000000075b800000| Untracked 
| 138|0x000000075ba00000, 0x000000075ba00000, 0x000000075bc00000|  0%| F|  |TAMS 0x000000075ba00000| PB 0x000000075ba00000| Untracked 
| 139|0x000000075bc00000, 0x000000075bc00000, 0x000000075be00000|  0%| F|  |TAMS 0x000000075bc00000| PB 0x000000075bc00000| Untracked 
| 140|0x000000075be00000, 0x000000075be00000, 0x000000075c000000|  0%| F|  |TAMS 0x000000075be00000| PB 0x000000075be00000| Untracked 
| 141|0x000000075c000000, 0x000000075c000000, 0x000000075c200000|  0%| F|  |TAMS 0x000000075c000000| PB 0x000000075c000000| Untracked 
| 142|0x000000075c200000, 0x000000075c200000, 0x000000075c400000|  0%| F|  |TAMS 0x000000075c200000| PB 0x000000075c200000| Untracked 
| 143|0x000000075c400000, 0x000000075c400000, 0x000000075c600000|  0%| F|  |TAMS 0x000000075c400000| PB 0x000000075c400000| Untracked 
| 144|0x000000075c600000, 0x000000075c600000, 0x000000075c800000|  0%| F|  |TAMS 0x000000075c600000| PB 0x000000075c600000| Untracked 
| 145|0x000000075c800000, 0x000000075c800000, 0x000000075ca00000|  0%| F|  |TAMS 0x000000075c800000| PB 0x000000075c800000| Untracked 
| 146|0x000000075ca00000, 0x000000075ca00000, 0x000000075cc00000|  0%| F|  |TAMS 0x000000075ca00000| PB 0x000000075ca00000| Untracked 
| 147|0x000000075cc00000, 0x000000075cc00000, 0x000000075ce00000|  0%| F|  |TAMS 0x000000075cc00000| PB 0x000000075cc00000| Untracked 
| 148|0x000000075ce00000, 0x000000075ce00000, 0x000000075d000000|  0%| F|  |TAMS 0x000000075ce00000| PB 0x000000075ce00000| Untracked 
| 149|0x000000075d000000, 0x000000075d000000, 0x000000075d200000|  0%| F|  |TAMS 0x000000075d000000| PB 0x000000075d000000| Untracked 
| 150|0x000000075d200000, 0x000000075d200000, 0x000000075d400000|  0%| F|  |TAMS 0x000000075d200000| PB 0x000000075d200000| Untracked 
| 151|0x000000075d400000, 0x000000075d400000, 0x000000075d600000|  0%| F|  |TAMS 0x000000075d400000| PB 0x000000075d400000| Untracked 
| 152|0x000000075d600000, 0x000000075d600000, 0x000000075d800000|  0%| F|  |TAMS 0x000000075d600000| PB 0x000000075d600000| Untracked 
| 153|0x000000075d800000, 0x000000075d800000, 0x000000075da00000|  0%| F|  |TAMS 0x000000075d800000| PB 0x000000075d800000| Untracked 
| 154|0x000000075da00000, 0x000000075da00000, 0x000000075dc00000|  0%| F|  |TAMS 0x000000075da00000| PB 0x000000075da00000| Untracked 
| 155|0x000000075dc00000, 0x000000075dc00000, 0x000000075de00000|  0%| F|  |TAMS 0x000000075dc00000| PB 0x000000075dc00000| Untracked 
| 156|0x000000075de00000, 0x000000075de00000, 0x000000075e000000|  0%| F|  |TAMS 0x000000075de00000| PB 0x000000075de00000| Untracked 
| 157|0x000000075e000000, 0x000000075e000000, 0x000000075e200000|  0%| F|  |TAMS 0x000000075e000000| PB 0x000000075e000000| Untracked 
| 158|0x000000075e200000, 0x000000075e200000, 0x000000075e400000|  0%| F|  |TAMS 0x000000075e200000| PB 0x000000075e200000| Untracked 
| 159|0x000000075e400000, 0x000000075e400000, 0x000000075e600000|  0%| F|  |TAMS 0x000000075e400000| PB 0x000000075e400000| Untracked 
| 160|0x000000075e600000, 0x000000075e600000, 0x000000075e800000|  0%| F|  |TAMS 0x000000075e600000| PB 0x000000075e600000| Untracked 
| 161|0x000000075e800000, 0x000000075e800000, 0x000000075ea00000|  0%| F|  |TAMS 0x000000075e800000| PB 0x000000075e800000| Untracked 
| 162|0x000000075ea00000, 0x000000075ea00000, 0x000000075ec00000|  0%| F|  |TAMS 0x000000075ea00000| PB 0x000000075ea00000| Untracked 
| 163|0x000000075ec00000, 0x000000075ec00000, 0x000000075ee00000|  0%| F|  |TAMS 0x000000075ec00000| PB 0x000000075ec00000| Untracked 
| 164|0x000000075ee00000, 0x000000075ee00000, 0x000000075f000000|  0%| F|  |TAMS 0x000000075ee00000| PB 0x000000075ee00000| Untracked 
| 165|0x000000075f000000, 0x000000075f000000, 0x000000075f200000|  0%| F|  |TAMS 0x000000075f000000| PB 0x000000075f000000| Untracked 
| 166|0x000000075f200000, 0x000000075f200000, 0x000000075f400000|  0%| F|  |TAMS 0x000000075f200000| PB 0x000000075f200000| Untracked 
| 167|0x000000075f400000, 0x000000075f400000, 0x000000075f600000|  0%| F|  |TAMS 0x000000075f400000| PB 0x000000075f400000| Untracked 
| 168|0x000000075f600000, 0x000000075f600000, 0x000000075f800000|  0%| F|  |TAMS 0x000000075f600000| PB 0x000000075f600000| Untracked 
| 169|0x000000075f800000, 0x000000075f800000, 0x000000075fa00000|  0%| F|  |TAMS 0x000000075f800000| PB 0x000000075f800000| Untracked 
| 170|0x000000075fa00000, 0x000000075fa00000, 0x000000075fc00000|  0%| F|  |TAMS 0x000000075fa00000| PB 0x000000075fa00000| Untracked 
| 171|0x000000075fc00000, 0x000000075fc00000, 0x000000075fe00000|  0%| F|  |TAMS 0x000000075fc00000| PB 0x000000075fc00000| Untracked 
| 172|0x000000075fe00000, 0x000000075fe00000, 0x0000000760000000|  0%| F|  |TAMS 0x000000075fe00000| PB 0x000000075fe00000| Untracked 
| 173|0x0000000760000000, 0x0000000760000000, 0x0000000760200000|  0%| F|  |TAMS 0x0000000760000000| PB 0x0000000760000000| Untracked 
| 174|0x0000000760200000, 0x0000000760200000, 0x0000000760400000|  0%| F|  |TAMS 0x0000000760200000| PB 0x0000000760200000| Untracked 
| 175|0x0000000760400000, 0x0000000760400000, 0x0000000760600000|  0%| F|  |TAMS 0x0000000760400000| PB 0x0000000760400000| Untracked 
| 176|0x0000000760600000, 0x0000000760600000, 0x0000000760800000|  0%| F|  |TAMS 0x0000000760600000| PB 0x0000000760600000| Untracked 
| 177|0x0000000760800000, 0x0000000760800000, 0x0000000760a00000|  0%| F|  |TAMS 0x0000000760800000| PB 0x0000000760800000| Untracked 
| 178|0x0000000760a00000, 0x0000000760a00000, 0x0000000760c00000|  0%| F|  |TAMS 0x0000000760a00000| PB 0x0000000760a00000| Untracked 
| 179|0x0000000760c00000, 0x0000000760c00000, 0x0000000760e00000|  0%| F|  |TAMS 0x0000000760c00000| PB 0x0000000760c00000| Untracked 
| 180|0x0000000760e00000, 0x0000000760e00000, 0x0000000761000000|  0%| F|  |TAMS 0x0000000760e00000| PB 0x0000000760e00000| Untracked 
| 181|0x0000000761000000, 0x0000000761000000, 0x0000000761200000|  0%| F|  |TAMS 0x0000000761000000| PB 0x0000000761000000| Untracked 
| 182|0x0000000761200000, 0x0000000761200000, 0x0000000761400000|  0%| F|  |TAMS 0x0000000761200000| PB 0x0000000761200000| Untracked 
| 183|0x0000000761400000, 0x0000000761400000, 0x0000000761600000|  0%| F|  |TAMS 0x0000000761400000| PB 0x0000000761400000| Untracked 
| 184|0x0000000761600000, 0x0000000761600000, 0x0000000761800000|  0%| F|  |TAMS 0x0000000761600000| PB 0x0000000761600000| Untracked 
| 185|0x0000000761800000, 0x0000000761800000, 0x0000000761a00000|  0%| F|  |TAMS 0x0000000761800000| PB 0x0000000761800000| Untracked 
| 186|0x0000000761a00000, 0x0000000761a00000, 0x0000000761c00000|  0%| F|  |TAMS 0x0000000761a00000| PB 0x0000000761a00000| Untracked 
| 187|0x0000000761c00000, 0x0000000761c00000, 0x0000000761e00000|  0%| F|  |TAMS 0x0000000761c00000| PB 0x0000000761c00000| Untracked 
| 188|0x0000000761e00000, 0x0000000761e00000, 0x0000000762000000|  0%| F|  |TAMS 0x0000000761e00000| PB 0x0000000761e00000| Untracked 
| 189|0x0000000762000000, 0x0000000762000000, 0x0000000762200000|  0%| F|  |TAMS 0x0000000762000000| PB 0x0000000762000000| Untracked 
| 190|0x0000000762200000, 0x0000000762200000, 0x0000000762400000|  0%| F|  |TAMS 0x0000000762200000| PB 0x0000000762200000| Untracked 
| 191|0x0000000762400000, 0x0000000762400000, 0x0000000762600000|  0%| F|  |TAMS 0x0000000762400000| PB 0x0000000762400000| Untracked 
| 192|0x0000000762600000, 0x0000000762600000, 0x0000000762800000|  0%| F|  |TAMS 0x0000000762600000| PB 0x0000000762600000| Untracked 
| 193|0x0000000762800000, 0x0000000762800000, 0x0000000762a00000|  0%| F|  |TAMS 0x0000000762800000| PB 0x0000000762800000| Untracked 
| 194|0x0000000762a00000, 0x0000000762a00000, 0x0000000762c00000|  0%| F|  |TAMS 0x0000000762a00000| PB 0x0000000762a00000| Untracked 
| 195|0x0000000762c00000, 0x0000000762c00000, 0x0000000762e00000|  0%| F|  |TAMS 0x0000000762c00000| PB 0x0000000762c00000| Untracked 
| 196|0x0000000762e00000, 0x0000000762e00000, 0x0000000763000000|  0%| F|  |TAMS 0x0000000762e00000| PB 0x0000000762e00000| Untracked 
| 197|0x0000000763000000, 0x0000000763000000, 0x0000000763200000|  0%| F|  |TAMS 0x0000000763000000| PB 0x0000000763000000| Untracked 
| 198|0x0000000763200000, 0x0000000763200000, 0x0000000763400000|  0%| F|  |TAMS 0x0000000763200000| PB 0x0000000763200000| Untracked 
| 199|0x0000000763400000, 0x0000000763400000, 0x0000000763600000|  0%| F|  |TAMS 0x0000000763400000| PB 0x0000000763400000| Untracked 
| 200|0x0000000763600000, 0x0000000763600000, 0x0000000763800000|  0%| F|  |TAMS 0x0000000763600000| PB 0x0000000763600000| Untracked 
| 201|0x0000000763800000, 0x0000000763800000, 0x0000000763a00000|  0%| F|  |TAMS 0x0000000763800000| PB 0x0000000763800000| Untracked 
| 202|0x0000000763a00000, 0x0000000763a00000, 0x0000000763c00000|  0%| F|  |TAMS 0x0000000763a00000| PB 0x0000000763a00000| Untracked 
| 203|0x0000000763c00000, 0x0000000763c00000, 0x0000000763e00000|  0%| F|  |TAMS 0x0000000763c00000| PB 0x0000000763c00000| Untracked 
| 204|0x0000000763e00000, 0x0000000763e00000, 0x0000000764000000|  0%| F|  |TAMS 0x0000000763e00000| PB 0x0000000763e00000| Untracked 
| 205|0x0000000764000000, 0x0000000764000000, 0x0000000764200000|  0%| F|  |TAMS 0x0000000764000000| PB 0x0000000764000000| Untracked 
| 206|0x0000000764200000, 0x0000000764200000, 0x0000000764400000|  0%| F|  |TAMS 0x0000000764200000| PB 0x0000000764200000| Untracked 
| 207|0x0000000764400000, 0x0000000764400000, 0x0000000764600000|  0%| F|  |TAMS 0x0000000764400000| PB 0x0000000764400000| Untracked 
| 208|0x0000000764600000, 0x0000000764800000, 0x0000000764800000|100%| E|  |TAMS 0x0000000764600000| PB 0x0000000764600000| Complete 
| 209|0x0000000764800000, 0x0000000764a00000, 0x0000000764a00000|100%| E|CS|TAMS 0x0000000764800000| PB 0x0000000764800000| Complete 
| 210|0x0000000764a00000, 0x0000000764c00000, 0x0000000764c00000|100%| E|  |TAMS 0x0000000764a00000| PB 0x0000000764a00000| Complete 
| 211|0x0000000764c00000, 0x0000000764e00000, 0x0000000764e00000|100%| E|CS|TAMS 0x0000000764c00000| PB 0x0000000764c00000| Complete 
| 212|0x0000000764e00000, 0x0000000765000000, 0x0000000765000000|100%| E|CS|TAMS 0x0000000764e00000| PB 0x0000000764e00000| Complete 
| 213|0x0000000765000000, 0x0000000765200000, 0x0000000765200000|100%| E|CS|TAMS 0x0000000765000000| PB 0x0000000765000000| Complete 
| 214|0x0000000765200000, 0x0000000765400000, 0x0000000765400000|100%| E|CS|TAMS 0x0000000765200000| PB 0x0000000765200000| Complete 
| 215|0x0000000765400000, 0x0000000765600000, 0x0000000765600000|100%| E|CS|TAMS 0x0000000765400000| PB 0x0000000765400000| Complete 
| 216|0x0000000765600000, 0x0000000765800000, 0x0000000765800000|100%| E|CS|TAMS 0x0000000765600000| PB 0x0000000765600000| Complete 
| 217|0x0000000765800000, 0x0000000765a00000, 0x0000000765a00000|100%| E|CS|TAMS 0x0000000765800000| PB 0x0000000765800000| Complete 

Card table byte_map: [0x00000249b8970000,0x00000249b8f20000] _byte_map_base: 0x00000249b4f1d000

Marking Bits: (CMBitMap*) 0x00000249a0a4ec20
 Bits: [0x00000249b8f20000, 0x00000249bbc88000)

Polling page: 0x000002499e710000

Metaspace:

Usage:
  Non-class:     20.15 MB used.
      Class:      2.50 MB used.
       Both:     22.65 MB used.

Virtual space:
  Non-class space:       64.00 MB reserved,      20.44 MB ( 32%) committed,  1 nodes.
      Class space:        1.00 GB reserved,       2.69 MB ( <1%) committed,  1 nodes.
             Both:        1.06 GB reserved,      23.12 MB (  2%) committed. 

Chunk freelists:
   Non-Class:  11.23 MB
       Class:  13.33 MB
        Both:  24.57 MB

MaxMetaspaceSize: unlimited
CompressedClassSpaceSize: 1.00 GB
Initial GC threshold: 21.00 MB
Current GC threshold: 38.06 MB
CDS: on
 - commit_granule_bytes: 65536.
 - commit_granule_words: 8192.
 - virtual_space_node_default_size: 8388608.
 - enlarge_chunks_in_place: 1.
 - use_allocation_guard: 0.


Internal statistics:

num_allocs_failed_limit: 3.
num_arena_births: 420.
num_arena_deaths: 8.
num_vsnodes_births: 2.
num_vsnodes_deaths: 0.
num_space_committed: 370.
num_space_uncommitted: 0.
num_chunks_returned_to_freelist: 21.
num_chunks_taken_from_freelist: 1241.
num_chunk_merges: 3.
num_chunk_splits: 832.
num_chunks_enlarged: 635.
num_inconsistent_stats: 0.

CodeHeap 'non-profiled nmethods': size=120000Kb used=3177Kb max_used=4355Kb free=116822Kb
 bounds [0x00000249b0940000, 0x00000249b0d90000, 0x00000249b7e70000]
CodeHeap 'profiled nmethods': size=120000Kb used=11633Kb max_used=14119Kb free=108366Kb
 bounds [0x00000249a8e70000, 0x00000249a9c40000, 0x00000249b03a0000]
CodeHeap 'non-nmethods': size=5760Kb used=1436Kb max_used=1481Kb free=4323Kb
 bounds [0x00000249b03a0000, 0x00000249b0610000, 0x00000249b0940000]
 total_blobs=6172 nmethods=5647 adapters=429
 compilation: enabled
              stopped_count=0, restarted_count=0
 full_count=0

Compilation events (20 events):
Event: 9.276 Thread 0x00000249be8cbb40 6715   !   2       sun.nio.fs.WindowsNativeDispatcher::GetDriveType (43 bytes)
Event: 9.277 Thread 0x00000249be8cbb40 nmethod 6715 0x00000249a9082890 code [0x00000249a9082a60, 0x00000249a9082c78]
Event: 9.277 Thread 0x00000249be8cbb40 6717       2       sun.nio.fs.WindowsFileStore::isReadOnly (19 bytes)
Event: 9.277 Thread 0x00000249be8cbb40 nmethod 6717 0x00000249a90b3f90 code [0x00000249a90b4120, 0x00000249a90b4248]
Event: 9.277 Thread 0x00000249be8cbb40 6718       2       sun.nio.fs.WindowsFileAttributes::isRegularFile (27 bytes)
Event: 9.277 Thread 0x00000249be8cbb40 nmethod 6718 0x00000249a90b3b90 code [0x00000249a90b3d20, 0x00000249a90b3ee8]
Event: 9.277 Thread 0x00000249be8cbb40 6719       2       java.lang.ref.FinalReference::<init> (7 bytes)
Event: 9.277 Thread 0x00000249be8cbb40 nmethod 6719 0x00000249a90b3690 code [0x00000249a90b3820, 0x00000249a90b3a00]
Event: 9.278 Thread 0x00000249be8cbb40 6720   !   2       io.quarkus.fs.util.ZipUtils::newFileSystem (50 bytes)
Event: 9.278 Thread 0x00000249be8cbb40 nmethod 6720 0x00000249a91cbb90 code [0x00000249a91cbd80, 0x00000249a91cc0f8]
Event: 9.279 Thread 0x00000249be8cbb40 6721       2       java.lang.ref.Finalizer::register (29 bytes)
Event: 9.279 Thread 0x00000249be8cbb40 nmethod 6721 0x00000249a91cb710 code [0x00000249a91cb8c0, 0x00000249a91cba28]
Event: 9.279 Thread 0x00000249be8cbb40 6722   !   2       java.lang.ref.Finalizer::<init> (49 bytes)
Event: 9.279 Thread 0x00000249be8cbb40 nmethod 6722 0x00000249a93bab90 code [0x00000249a93bad40, 0x00000249a93bb190]
Event: 9.284 Thread 0x00000249be8cbb40 6723       2       io.quarkus.maven.dependency.ResolvedArtifactDependency::getContentTree (24 bytes)
Event: 9.285 Thread 0x00000249be8cbb40 nmethod 6723 0x00000249a93ba690 code [0x00000249a93ba840, 0x00000249a93baa20]
Event: 9.286 Thread 0x00000249be8cbb40 6724       2       org.apache.maven.monitor.logging.DefaultLog::isDebugEnabled (10 bytes)
Event: 9.286 Thread 0x00000249be8cbb40 nmethod 6724 0x00000249a93df090 code [0x00000249a93df240, 0x00000249a93df378]
Event: 9.288 Thread 0x00000249be8cbb40 6725       2       io.quarkus.maven.MojoLogger$1::isEnabled (76 bytes)
Event: 9.288 Thread 0x00000249be8cbb40 nmethod 6725 0x00000249a93dea90 code [0x00000249a93dec80, 0x00000249a93def60]

GC Heap History (20 events):
Event: 6.790 GC heap before
{Heap before GC invocations=6 (full 0):
 garbage-first heap   total 186368K, used 114272K [0x000000074a600000, 0x0000000800000000)
  region size 2048K, 31 young (63488K), 7 survivors (14336K)
 Metaspace       used 21129K, committed 21504K, reserved 1114112K
  class space    used 2328K, committed 2496K, reserved 1048576K
}
Event: 6.801 GC heap after
{Heap after GC invocations=7 (full 0):
 garbage-first heap   total 186368K, used 73728K [0x000000074a600000, 0x0000000800000000)
  region size 2048K, 3 young (6144K), 3 survivors (6144K)
 Metaspace       used 21129K, committed 21504K, reserved 1114112K
  class space    used 2328K, committed 2496K, reserved 1048576K
}
Event: 7.259 GC heap before
{Heap before GC invocations=8 (full 0):
 garbage-first heap   total 186368K, used 151552K [0x000000074a600000, 0x0000000800000000)
  region size 2048K, 41 young (83968K), 3 survivors (6144K)
 Metaspace       used 22233K, committed 22720K, reserved 1114112K
  class space    used 2461K, committed 2688K, reserved 1048576K
}
Event: 7.271 GC heap after
{Heap after GC invocations=9 (full 0):
 garbage-first heap   total 186368K, used 87484K [0x000000074a600000, 0x0000000800000000)
  region size 2048K, 6 young (12288K), 6 survivors (12288K)
 Metaspace       used 22233K, committed 22720K, reserved 1114112K
  class space    used 2461K, committed 2688K, reserved 1048576K
}
Event: 7.515 GC heap before
{Heap before GC invocations=9 (full 0):
 garbage-first heap   total 186368K, used 153020K [0x000000074a600000, 0x0000000800000000)
  region size 2048K, 38 young (77824K), 6 survivors (12288K)
 Metaspace       used 22263K, committed 22784K, reserved 1114112K
  class space    used 2461K, committed 2688K, reserved 1048576K
}
Event: 7.530 GC heap after
{Heap after GC invocations=10 (full 0):
 garbage-first heap   total 231424K, used 98714K [0x000000074a600000, 0x0000000800000000)
  region size 2048K, 5 young (10240K), 5 survivors (10240K)
 Metaspace       used 22263K, committed 22784K, reserved 1114112K
  class space    used 2461K, committed 2688K, reserved 1048576K
}
Event: 7.890 GC heap before
{Heap before GC invocations=10 (full 0):
 garbage-first heap   total 231424K, used 186778K [0x000000074a600000, 0x0000000800000000)
  region size 2048K, 48 young (98304K), 5 survivors (10240K)
 Metaspace       used 22286K, committed 22784K, reserved 1114112K
  class space    used 2461K, committed 2688K, reserved 1048576K
}
Event: 7.903 GC heap after
{Heap after GC invocations=11 (full 0):
 garbage-first heap   total 231424K, used 116736K [0x000000074a600000, 0x0000000800000000)
  region size 2048K, 6 young (12288K), 6 survivors (12288K)
 Metaspace       used 22286K, committed 22784K, reserved 1114112K
  class space    used 2461K, committed 2688K, reserved 1048576K
}
Event: 7.997 GC heap before
{Heap before GC invocations=11 (full 0):
 garbage-first heap   total 231424K, used 126976K [0x000000074a600000, 0x0000000800000000)
  region size 2048K, 12 young (24576K), 6 survivors (12288K)
 Metaspace       used 22819K, committed 23296K, reserved 1114112K
  class space    used 2530K, committed 2752K, reserved 1048576K
}
Event: 8.004 GC heap after
{Heap after GC invocations=12 (full 0):
 garbage-first heap   total 231424K, used 120961K [0x000000074a600000, 0x0000000800000000)
  region size 2048K, 2 young (4096K), 2 survivors (4096K)
 Metaspace       used 22819K, committed 23296K, reserved 1114112K
  class space    used 2530K, committed 2752K, reserved 1048576K
}
Event: 8.263 GC heap before
{Heap before GC invocations=13 (full 0):
 garbage-first heap   total 231424K, used 194689K [0x000000074a600000, 0x0000000800000000)
  region size 2048K, 38 young (77824K), 2 survivors (4096K)
 Metaspace       used 22824K, committed 23360K, reserved 1114112K
  class space    used 2523K, committed 2752K, reserved 1048576K
}
Event: 8.271 GC heap after
{Heap after GC invocations=14 (full 0):
 garbage-first heap   total 231424K, used 141820K [0x000000074a600000, 0x0000000800000000)
  region size 2048K, 5 young (10240K), 5 survivors (10240K)
 Metaspace       used 22824K, committed 23360K, reserved 1114112K
  class space    used 2523K, committed 2752K, reserved 1048576K
}
Event: 8.310 GC heap before
{Heap before GC invocations=14 (full 0):
 garbage-first heap   total 231424K, used 195068K [0x000000074a600000, 0x0000000800000000)
  region size 2048K, 31 young (63488K), 5 survivors (10240K)
 Metaspace       used 22836K, committed 23360K, reserved 1114112K
  class space    used 2523K, committed 2752K, reserved 1048576K
}
Event: 8.319 GC heap after
{Heap after GC invocations=15 (full 0):
 garbage-first heap   total 231424K, used 152346K [0x000000074a600000, 0x0000000800000000)
  region size 2048K, 4 young (8192K), 4 survivors (8192K)
 Metaspace       used 22836K, committed 23360K, reserved 1114112K
  class space    used 2523K, committed 2752K, reserved 1048576K
}
Event: 8.343 GC heap before
{Heap before GC invocations=15 (full 0):
 garbage-first heap   total 231424K, used 197402K [0x000000074a600000, 0x0000000800000000)
  region size 2048K, 26 young (53248K), 4 survivors (8192K)
 Metaspace       used 22836K, committed 23360K, reserved 1114112K
  class space    used 2523K, committed 2752K, reserved 1048576K
}
Event: 8.353 GC heap after
{Heap after GC invocations=16 (full 0):
 garbage-first heap   total 446464K, used 166983K [0x000000074a600000, 0x0000000800000000)
  region size 2048K, 4 young (8192K), 4 survivors (8192K)
 Metaspace       used 22836K, committed 23360K, reserved 1114112K
  class space    used 2523K, committed 2752K, reserved 1048576K
}
Event: 8.585 GC heap before
{Heap before GC invocations=17 (full 0):
 garbage-first heap   total 446464K, used 369735K [0x000000074a600000, 0x0000000800000000)
  region size 2048K, 104 young (212992K), 4 survivors (8192K)
 Metaspace       used 22859K, committed 23424K, reserved 1114112K
  class space    used 2524K, committed 2752K, reserved 1048576K
}
Event: 8.602 GC heap after
{Heap after GC invocations=18 (full 0):
 garbage-first heap   total 446464K, used 187667K [0x000000074a600000, 0x0000000800000000)
  region size 2048K, 13 young (26624K), 13 survivors (26624K)
 Metaspace       used 22859K, committed 23424K, reserved 1114112K
  class space    used 2524K, committed 2752K, reserved 1048576K
}
Event: 8.886 GC heap before
{Heap before GC invocations=18 (full 0):
 garbage-first heap   total 446464K, used 361747K [0x000000074a600000, 0x0000000800000000)
  region size 2048K, 98 young (200704K), 13 survivors (26624K)
 Metaspace       used 22885K, committed 23424K, reserved 1114112K
  class space    used 2526K, committed 2752K, reserved 1048576K
}
Event: 8.902 GC heap after
{Heap after GC invocations=19 (full 0):
 garbage-first heap   total 446464K, used 200586K [0x000000074a600000, 0x0000000800000000)
  region size 2048K, 11 young (22528K), 11 survivors (22528K)
 Metaspace       used 22885K, committed 23424K, reserved 1114112K
  class space    used 2526K, committed 2752K, reserved 1048576K
}

Dll operation events (8 events):
Event: 0.010 Loaded shared library C:\java-libs\jdk-21\bin\java.dll
Event: 0.074 Loaded shared library C:\java-libs\jdk-21\bin\jsvml.dll
Event: 0.099 Loaded shared library C:\java-libs\jdk-21\bin\net.dll
Event: 0.100 Loaded shared library C:\java-libs\jdk-21\bin\nio.dll
Event: 0.103 Loaded shared library C:\java-libs\jdk-21\bin\zip.dll
Event: 0.108 Loaded shared library C:\java-libs\jdk-21\bin\jimage.dll
Event: 0.291 Loaded shared library C:\Users\aleks\AppData\Local\Temp\jansi-2.4.1-324063c7d1e456bc-jansi.dll
Event: 0.308 Loaded shared library C:\java-libs\jdk-21\bin\verify.dll

Deoptimization events (20 events):
Event: 8.919 Thread 0x0000024a05362950 DEOPT PACKING pc=0x00000249a9b92b63 sp=0x00000056300fe150
Event: 8.919 Thread 0x0000024a05362950 DEOPT UNPACKING pc=0x00000249b03f4e42 sp=0x00000056300fd630 mode 0
Event: 8.925 Thread 0x0000024a05d5a370 DEOPT PACKING pc=0x00000249a9b92b63 sp=0x00000056306fe120
Event: 8.925 Thread 0x0000024a05d5a370 DEOPT UNPACKING pc=0x00000249b03f4e42 sp=0x00000056306fd600 mode 0
Event: 8.938 Thread 0x000002499e75c3e0 Uncommon trap: trap_request=0xffffffc6 fr.pc=0x00000249b0af140c relative=0x00000000000011cc
Event: 8.938 Thread 0x000002499e75c3e0 Uncommon trap: reason=bimorphic_or_optimized_type_check action=maybe_recompile pc=0x00000249b0af140c method=java.util.concurrent.ConcurrentHashMap.putAll(Ljava/util/Map;)V @ 23 c2
Event: 8.938 Thread 0x000002499e75c3e0 DEOPT PACKING pc=0x00000249b0af140c sp=0x000000562dffd9d0
Event: 8.938 Thread 0x000002499e75c3e0 DEOPT UNPACKING pc=0x00000249b03f46a2 sp=0x000000562dffd9a0 mode 2
Event: 8.947 Thread 0x000002499e75c3e0 Uncommon trap: trap_request=0xffffffde fr.pc=0x00000249b0a2120c relative=0x000000000000006c
Event: 8.947 Thread 0x000002499e75c3e0 Uncommon trap: reason=class_check action=maybe_recompile pc=0x00000249b0a2120c method=java.lang.invoke.Invokers$Holder.linkToTargetMethod(Ljava/lang/Object;Ljava/lang/Object;Ljava/lang/Object;)Ljava/lang/Object; @ 1 c2
Event: 8.947 Thread 0x000002499e75c3e0 DEOPT PACKING pc=0x00000249b0a2120c sp=0x000000562dffd8f0
Event: 8.947 Thread 0x000002499e75c3e0 DEOPT UNPACKING pc=0x00000249b03f46a2 sp=0x000000562dffd878 mode 2
Event: 8.947 Thread 0x000002499e75c3e0 Uncommon trap: trap_request=0xffffffde fr.pc=0x00000249b0a2120c relative=0x000000000000006c
Event: 8.947 Thread 0x000002499e75c3e0 Uncommon trap: reason=class_check action=maybe_recompile pc=0x00000249b0a2120c method=java.lang.invoke.Invokers$Holder.linkToTargetMethod(Ljava/lang/Object;Ljava/lang/Object;Ljava/lang/Object;)Ljava/lang/Object; @ 1 c2
Event: 8.947 Thread 0x000002499e75c3e0 DEOPT PACKING pc=0x00000249b0a2120c sp=0x000000562dffd8f0
Event: 8.947 Thread 0x000002499e75c3e0 DEOPT UNPACKING pc=0x00000249b03f46a2 sp=0x000000562dffd878 mode 2
Event: 9.021 Thread 0x000002499e75c3e0 DEOPT PACKING pc=0x00000249a8ecb1e9 sp=0x000000562dffd580
Event: 9.021 Thread 0x000002499e75c3e0 DEOPT UNPACKING pc=0x00000249b03f4e42 sp=0x000000562dffca78 mode 0
Event: 9.026 Thread 0x000002499e75c3e0 DEOPT PACKING pc=0x00000249a8ec8d9b sp=0x000000562dffd650
Event: 9.026 Thread 0x000002499e75c3e0 DEOPT UNPACKING pc=0x00000249b03f4e42 sp=0x000000562dffcbc0 mode 0

Classes loaded (20 events):
Event: 7.972 Loading class sun/nio/fs/WindowsAclFileAttributeView
Event: 7.972 Loading class sun/nio/fs/AbstractAclFileAttributeView
Event: 7.972 Loading class java/nio/file/attribute/AclFileAttributeView
Event: 7.973 Loading class java/nio/file/attribute/FileOwnerAttributeView
Event: 7.973 Loading class java/nio/file/attribute/FileOwnerAttributeView done
Event: 7.973 Loading class java/nio/file/attribute/AclFileAttributeView done
Event: 7.973 Loading class sun/nio/fs/AbstractAclFileAttributeView done
Event: 7.973 Loading class sun/nio/fs/WindowsAclFileAttributeView done
Event: 7.973 Loading class sun/nio/fs/WindowsSecurity
Event: 7.973 Loading class sun/nio/fs/WindowsSecurity done
Event: 7.974 Loading class sun/nio/fs/WindowsFileStore
Event: 7.974 Loading class sun/nio/fs/WindowsFileStore done
Event: 7.980 Loading class java/nio/file/InvalidPathException
Event: 7.980 Loading class java/nio/file/InvalidPathException done
Event: 7.981 Loading class java/nio/file/attribute/PosixFileAttributeView
Event: 7.981 Loading class java/nio/file/attribute/PosixFileAttributeView done
Event: 7.991 Loading class java/util/regex/PatternSyntaxException
Event: 7.992 Loading class java/util/regex/PatternSyntaxException done
Event: 8.279 Loading class java/util/concurrent/locks/ReentrantReadWriteLock$Sync$HoldCounter
Event: 8.279 Loading class java/util/concurrent/locks/ReentrantReadWriteLock$Sync$HoldCounter done

Classes unloaded (20 events):
Event: 8.083 Thread 0x00000249be89fa00 Unloading class 0x00000249c028f150 'org/apache/commons/cli/CommandLine$Builder$$Lambda+0x00000249c028f150'
Event: 8.083 Thread 0x00000249be89fa00 Unloading class 0x00000249c028ef48 'org/apache/commons/cli/CommandLine$Builder'
Event: 8.083 Thread 0x00000249be89fa00 Unloading class 0x00000249c028ec30 'org/apache/commons/cli/CommandLine'
Event: 8.083 Thread 0x00000249be89fa00 Unloading class 0x00000249c028e9d0 'org/apache/commons/cli/MissingArgumentException'
Event: 8.083 Thread 0x00000249be89fa00 Unloading class 0x00000249c028e770 'org/apache/commons/cli/UnrecognizedOptionException'
Event: 8.083 Thread 0x00000249be89fa00 Unloading class 0x00000249c028e510 'org/apache/commons/cli/MissingOptionException'
Event: 8.083 Thread 0x00000249be89fa00 Unloading class 0x00000249c028e288 'org/apache/commons/cli/GnuParser'
Event: 8.083 Thread 0x00000249be89fa00 Unloading class 0x00000249c028e000 'org/apache/commons/cli/Parser'
Event: 8.083 Thread 0x00000249be89fa00 Unloading class 0x00000249c028ddc8 'org/apache/maven/cli/CleanArgument'
Event: 8.083 Thread 0x00000249be89fa00 Unloading class 0x00000249c028dbc8 'org/apache/commons/cli/OptionValidator'
Event: 8.083 Thread 0x00000249be89fa00 Unloading class 0x00000249c028d9c0 'org/apache/commons/cli/Option$Builder'
Event: 8.083 Thread 0x00000249be89fa00 Unloading class 0x00000249c028d488 'org/apache/commons/cli/Option'
Event: 8.083 Thread 0x00000249be89fa00 Unloading class 0x00000249c028d1f8 'org/apache/commons/cli/Options'
Event: 8.083 Thread 0x00000249be89fa00 Unloading class 0x00000249c028d000 'org/apache/commons/cli/CommandLineParser'
Event: 8.083 Thread 0x00000249be89fa00 Unloading class 0x00000249c028c458 'org/apache/maven/cli/CLIManager'
Event: 8.083 Thread 0x00000249be89fa00 Unloading class 0x00000249c028c200 'org/apache/commons/cli/ParseException'
Event: 8.083 Thread 0x00000249be89fa00 Unloading class 0x00000249c028c000 'io/quarkus/bootstrap/resolver/maven/options/BootstrapMavenOptionsParser'
Event: 8.083 Thread 0x00000249be89fa00 Unloading class 0x00000249c0274c00 'java/lang/invoke/LambdaForm$DMH+0x00000249c0274c00'
Event: 8.083 Thread 0x00000249be89fa00 Unloading class 0x00000249c0278000 'java/lang/invoke/LambdaForm$DMH+0x00000249c0278000'
Event: 8.083 Thread 0x00000249be89fa00 Unloading class 0x00000249c0278400 'java/lang/invoke/LambdaForm$DMH+0x00000249c0278400'

Classes redefined (0 events):
No events

Internal exceptions (20 events):
Event: 6.630 Thread 0x000002499e75c3e0 Exception <a 'java/lang/NoSuchMethodError'{0x000000075363ea30}: 'void java.lang.invoke.Invokers$Holder.invokeExact_MT(java.lang.Object, java.lang.Object, int, java.lang.Object)'> (0x000000075363ea30) 
thrown [s\open\src\hotspot\share\interpreter\linkResolver.cpp, line 773]
Event: 6.703 Thread 0x000002499e75c3e0 Exception <a 'java/lang/NoSuchMethodError'{0x00000007535f3530}: 'java.lang.Object java.lang.invoke.DirectMethodHandle$Holder.invokeInterface(java.lang.Object, java.lang.Object, java.lang.Object)'> (0x00000007535f3530) 
thrown [s\open\src\hotspot\share\interpreter\linkResolver.cpp, line 773]
Event: 6.732 Thread 0x000002499e75c3e0 Exception <a 'java/lang/NoSuchMethodError'{0x00000007532cef48}: 'java.lang.Object java.lang.invoke.DirectMethodHandle$Holder.invokeStaticInit(java.lang.Object, java.lang.Object, int, int, int, int)'> (0x00000007532cef48) 
thrown [s\open\src\hotspot\share\interpreter\linkResolver.cpp, line 773]
Event: 6.746 Thread 0x0000024a053ab8f0 Exception <a 'sun/nio/fs/WindowsException'{0x000000075332b720}> (0x000000075332b720) 
thrown [s\open\src\hotspot\share\prims\jni.cpp, line 520]
Event: 6.748 Thread 0x000002499e75c3e0 Exception <a 'java/lang/NoSuchMethodError'{0x00000007532f9a30}: 'int java.lang.invoke.DirectMethodHandle$Holder.invokeStaticInit(java.lang.Object, java.lang.Object, java.lang.Object, int)'> (0x00000007532f9a30) 
thrown [s\open\src\hotspot\share\interpreter\linkResolver.cpp, line 773]
Event: 6.817 Thread 0x0000024a05362950 Exception <a 'java/lang/NoSuchMethodError'{0x0000000755a626a0}: 'void java.lang.invoke.DirectMethodHandle$Holder.invokeInterface(java.lang.Object, java.lang.Object)'> (0x0000000755a626a0) 
thrown [s\open\src\hotspot\share\interpreter\linkResolver.cpp, line 773]
Event: 6.817 Thread 0x0000024a05d5a370 Exception <a 'java/lang/NoSuchMethodError'{0x0000000755a08018}: 'void java.lang.invoke.DirectMethodHandle$Holder.invokeInterface(java.lang.Object, java.lang.Object)'> (0x0000000755a08018) 
thrown [s\open\src\hotspot\share\interpreter\linkResolver.cpp, line 773]
Event: 6.817 Thread 0x0000024a0535f270 Exception <a 'java/lang/NoSuchMethodError'{0x0000000755a9c628}: 'void java.lang.invoke.DirectMethodHandle$Holder.invokeInterface(java.lang.Object, java.lang.Object)'> (0x0000000755a9c628) 
thrown [s\open\src\hotspot\share\interpreter\linkResolver.cpp, line 773]
Event: 6.817 Thread 0x0000024a05d59ce0 Exception <a 'java/lang/NoSuchMethodError'{0x0000000755ae4cd8}: 'void java.lang.invoke.DirectMethodHandle$Holder.invokeInterface(java.lang.Object, java.lang.Object)'> (0x0000000755ae4cd8) 
thrown [s\open\src\hotspot\share\interpreter\linkResolver.cpp, line 773]
Event: 6.864 Thread 0x000002499e75c3e0 Exception <a 'java/lang/NoSuchMethodError'{0x00000007558da360}: 'java.lang.Object java.lang.invoke.DirectMethodHandle$Holder.newInvokeSpecial(java.lang.Object, java.lang.Object, java.lang.Object, java.lang.Object, java.lang.Object, java.lang.Object, java.lang.Object, java.lang.Object)'> (0x00000007558da360) 
thrown [s\open\src\hotspot\share\interpreter\linkResolver.cpp, line 773]
Event: 6.867 Thread 0x000002499e75c3e0 Exception <a 'java/lang/NoSuchMethodError'{0x00000007559047f8}: 'java.lang.Object java.lang.invoke.DirectMethodHandle$Holder.invokeStatic(java.lang.Object, java.lang.Object, int)'> (0x00000007559047f8) 
thrown [s\open\src\hotspot\share\interpreter\linkResolver.cpp, line 773]
Event: 6.867 Thread 0x000002499e75c3e0 Exception <a 'java/lang/NoSuchMethodError'{0x0000000755908fa8}: 'void java.lang.invoke.DirectMethodHandle$Holder.invokeStatic(java.lang.Object, java.lang.Object, int, java.lang.Object)'> (0x0000000755908fa8) 
thrown [s\open\src\hotspot\share\interpreter\linkResolver.cpp, line 773]
Event: 6.868 Thread 0x000002499e75c3e0 Exception <a 'java/lang/NoSuchMethodError'{0x0000000755910338}: 'void java.lang.invoke.DelegatingMethodHandle$Holder.delegate(java.lang.Object, java.lang.Object, int, java.lang.Object)'> (0x0000000755910338) 
thrown [s\open\src\hotspot\share\interpreter\linkResolver.cpp, line 773]
Event: 6.894 Thread 0x000002499e75c3e0 Exception <a 'java/lang/NoSuchMethodError'{0x000000075597cfb0}: 'java.lang.Object java.lang.invoke.DelegatingMethodHandle$Holder.reinvoke_L(java.lang.Object, java.lang.Object, java.lang.Object, java.lang.Object, java.lang.Object, java.lang.Object, java.lang.Object, java.lang.Object, java.lang.Object, java.lang.Object, java.lang.Object, java.lang.Object, java.lang.Object)'> (0x000000075597cfb0) 
thrown [s\open\src\hotspot\share\interpreter\linkResolver.cpp, line 773]
Event: 6.898 Thread 0x000002499e75c3e0 Exception <a 'java/lang/NoSuchMethodError'{0x00000007559bcd40}: 'java.lang.Object java.lang.invoke.DirectMethodHandle$Holder.invokeStatic(java.lang.Object, java.lang.Object, java.lang.Object, java.lang.Object, java.lang.Object, java.lang.Object, java.lang.Object, java.lang.Object, java.lang.Object, java.lang.Object, java.lang.Object, java.lang.Object, java.lang.Object)'> (0x00000007559bcd40) 
thrown [s\open\src\hotspot\share\interpreter\linkResolver.cpp, line 773]
Event: 6.899 Thread 0x000002499e75c3e0 Exception <a 'java/lang/NoSuchMethodError'{0x00000007559dad58}: 'java.lang.Object java.lang.invoke.DirectMethodHandle$Holder.invokeStatic(java.lang.Object, java.lang.Object, java.lang.Object, java.lang.Object, java.lang.Object, java.lang.Object, java.lang.Object, java.lang.Object, java.lang.Object, java.lang.Object, java.lang.Object, java.lang.Object, java.lang.Object, java.lang.Object)'> (0x00000007559dad58) 
thrown [s\open\src\hotspot\share\interpreter\linkResolver.cpp, line 773]
Event: 6.901 Thread 0x000002499e75c3e0 Exception <a 'java/lang/NoSuchMethodError'{0x00000007559fa468}: 'java.lang.Object java.lang.invoke.DirectMethodHandle$Holder.invokeStatic(java.lang.Object, java.lang.Object, java.lang.Object, java.lang.Object, java.lang.Object, java.lang.Object, java.lang.Object, java.lang.Object, java.lang.Object, java.lang.Object, java.lang.Object, java.lang.Object, java.lang.Object, java.lang.Object, java.lang.Object)'> (0x00000007559fa468) 
thrown [s\open\src\hotspot\share\interpreter\linkResolver.cpp, line 773]
Event: 6.902 Thread 0x000002499e75c3e0 Exception <a 'java/lang/NoSuchMethodError'{0x000000075561c3b0}: 'java.lang.Object java.lang.invoke.DirectMethodHandle$Holder.invokeStatic(java.lang.Object, java.lang.Object, java.lang.Object, java.lang.Object, java.lang.Object, java.lang.Object, java.lang.Object, java.lang.Object, java.lang.Object, java.lang.Object, java.lang.Object, java.lang.Object, java.lang.Object, java.lang.Object, java.lang.Object, java.lang.Object)'> (0x000000075561c3b0) 
thrown [s\open\src\hotspot\share\interpreter\linkResolver.cpp
Event: 6.978 Thread 0x000002499e75c3e0 Exception <a 'sun/nio/fs/WindowsException'{0x00000007554be630}> (0x00000007554be630) 
thrown [s\open\src\hotspot\share\prims\jni.cpp, line 520]
Event: 8.951 Thread 0x000002499e75c3e0 Exception <a 'java/lang/NoSuchMethodError'{0x00000007653be1b0}: 'java.lang.ClassLoader java.lang.ClassLoader.getPlatformClassLoader(java.lang.Class)'> (0x00000007653be1b0) 
thrown [s\open\src\hotspot\share\interpreter\linkResolver.cpp, line 773]

ZGC Phase Switch (0 events):
No events

VM Operations (20 events):
Event: 8.114 Executing VM operation: G1PauseCleanup
Event: 8.114 Executing VM operation: G1PauseCleanup done
Event: 8.160 Executing VM operation: HandshakeAllThreads (Deoptimize)
Event: 8.160 Executing VM operation: HandshakeAllThreads (Deoptimize) done
Event: 8.164 Executing VM operation: HandshakeAllThreads (Deoptimize)
Event: 8.164 Executing VM operation: HandshakeAllThreads (Deoptimize) done
Event: 8.263 Executing VM operation: G1CollectForAllocation (G1 Evacuation Pause)
Event: 8.271 Executing VM operation: G1CollectForAllocation (G1 Evacuation Pause) done
Event: 8.310 Executing VM operation: G1CollectForAllocation (G1 Evacuation Pause)
Event: 8.319 Executing VM operation: G1CollectForAllocation (G1 Evacuation Pause) done
Event: 8.343 Executing VM operation: G1CollectForAllocation (G1 Evacuation Pause)
Event: 8.353 Executing VM operation: G1CollectForAllocation (G1 Evacuation Pause) done
Event: 8.468 Executing VM operation: G1PauseRemark
Event: 8.472 Executing VM operation: G1PauseRemark done
Event: 8.503 Executing VM operation: G1PauseCleanup
Event: 8.504 Executing VM operation: G1PauseCleanup done
Event: 8.585 Executing VM operation: G1CollectForAllocation (G1 Evacuation Pause)
Event: 8.603 Executing VM operation: G1CollectForAllocation (G1 Evacuation Pause) done
Event: 8.886 Executing VM operation: G1CollectForAllocation (G1 Evacuation Pause)
Event: 8.902 Executing VM operation: G1CollectForAllocation (G1 Evacuation Pause) done

Events (20 events):
Event: 8.472 Thread 0x00000249be89fa00 flushing nmethod 0x00000249a9b03b10
Event: 8.472 Thread 0x00000249be89fa00 flushing nmethod 0x00000249a9c07290
Event: 8.472 Thread 0x00000249be89fa00 flushing nmethod 0x00000249b0b46e10
Event: 8.472 Thread 0x00000249be89fa00 flushing nmethod 0x00000249b0b9cc90
Event: 8.472 Thread 0x00000249be89fa00 flushing nmethod 0x00000249b0ba6410
Event: 8.472 Thread 0x00000249be89fa00 flushing nmethod 0x00000249a8e9cb90
Event: 8.472 Thread 0x00000249be89fa00 flushing nmethod 0x00000249a8ecea10
Event: 8.472 Thread 0x00000249be89fa00 flushing nmethod 0x00000249a8ecf290
Event: 8.472 Thread 0x00000249be89fa00 flushing nmethod 0x00000249a8edd390
Event: 8.472 Thread 0x00000249be89fa00 flushing nmethod 0x00000249a8f78510
Event: 8.472 Thread 0x00000249be89fa00 flushing nmethod 0x00000249a91d7290
Event: 8.472 Thread 0x00000249be89fa00 flushing nmethod 0x00000249a922f610
Event: 8.472 Thread 0x00000249be89fa00 flushing nmethod 0x00000249a96fce10
Event: 8.472 Thread 0x00000249be89fa00 flushing nmethod 0x00000249a9767e10
Event: 8.472 Thread 0x00000249be89fa00 flushing nmethod 0x00000249a9873c10
Event: 8.472 Thread 0x00000249be89fa00 flushing nmethod 0x00000249a98bc790
Event: 8.472 Thread 0x00000249be89fa00 flushing nmethod 0x00000249a9a7ff10
Event: 8.472 Thread 0x00000249be89fa00 flushing nmethod 0x00000249a9ad4010
Event: 8.472 Thread 0x00000249be89fa00 flushing nmethod 0x00000249a9b24410
Event: 8.472 Thread 0x00000249be89fa00 flushing nmethod 0x00000249a9b2a990


Dynamic libraries:
0x00007ff632b10000 - 0x00007ff632b20000 	C:\java-libs\jdk-21\bin\java.exe
0x00007ffff7710000 - 0x00007ffff7927000 	C:\WINDOWS\SYSTEM32\ntdll.dll
0x00007ffff7060000 - 0x00007ffff7124000 	C:\WINDOWS\System32\KERNEL32.DLL
0x00007ffff4a20000 - 0x00007ffff4dd7000 	C:\WINDOWS\System32\KERNELBASE.dll
0x00007ffff4de0000 - 0x00007ffff4ef1000 	C:\WINDOWS\System32\ucrtbase.dll
0x00007fffe9e60000 - 0x00007fffe9e79000 	C:\java-libs\jdk-21\bin\jli.dll
0x00007fffe13b0000 - 0x00007fffe13cb000 	C:\java-libs\jdk-21\bin\VCRUNTIME140.dll
0x00007ffff7580000 - 0x00007ffff7632000 	C:\WINDOWS\System32\ADVAPI32.dll
0x00007ffff58f0000 - 0x00007ffff5997000 	C:\WINDOWS\System32\msvcrt.dll
0x00007ffff5aa0000 - 0x00007ffff5b48000 	C:\WINDOWS\System32\sechost.dll
0x00007ffff4f80000 - 0x00007ffff4fa8000 	C:\WINDOWS\System32\bcrypt.dll
0x00007ffff65f0000 - 0x00007ffff6704000 	C:\WINDOWS\System32\RPCRT4.dll
0x00007ffff7210000 - 0x00007ffff73bf000 	C:\WINDOWS\System32\USER32.dll
0x00007ffff5300000 - 0x00007ffff5326000 	C:\WINDOWS\System32\win32u.dll
0x00007fffda900000 - 0x00007fffdab93000 	C:\WINDOWS\WinSxS\amd64_microsoft.windows.common-controls_6595b64144ccf1df_6.0.22621.3672_none_2713b9d173822955\COMCTL32.dll
0x00007ffff7130000 - 0x00007ffff7159000 	C:\WINDOWS\System32\GDI32.dll
0x00007ffff5070000 - 0x00007ffff5188000 	C:\WINDOWS\System32\gdi32full.dll
0x00007ffff53a0000 - 0x00007ffff543a000 	C:\WINDOWS\System32\msvcp_win.dll
0x00007fffea170000 - 0x00007fffea17a000 	C:\WINDOWS\SYSTEM32\VERSION.dll
0x00007ffff57b0000 - 0x00007ffff57e1000 	C:\WINDOWS\System32\IMM32.DLL
0x00007fffef240000 - 0x00007fffef24c000 	C:\java-libs\jdk-21\bin\vcruntime140_1.dll
0x00007fffb7fd0000 - 0x00007fffb805e000 	C:\java-libs\jdk-21\bin\msvcp140.dll
0x00007fffa7e50000 - 0x00007fffa8b63000 	C:\java-libs\jdk-21\bin\server\jvm.dll
0x00007ffff74a0000 - 0x00007ffff7511000 	C:\WINDOWS\System32\WS2_32.dll
0x00007ffff48f0000 - 0x00007ffff493d000 	C:\WINDOWS\SYSTEM32\POWRPROF.dll
0x00007fffeef20000 - 0x00007fffeef54000 	C:\WINDOWS\SYSTEM32\WINMM.dll
0x00007ffff48d0000 - 0x00007ffff48e3000 	C:\WINDOWS\SYSTEM32\UMPDC.dll
0x00007ffff3a50000 - 0x00007ffff3a68000 	C:\WINDOWS\SYSTEM32\kernel.appcore.dll
0x00007fffef050000 - 0x00007fffef05a000 	C:\java-libs\jdk-21\bin\jimage.dll
0x00007ffff2400000 - 0x00007ffff2632000 	C:\WINDOWS\SYSTEM32\DBGHELP.DLL
0x00007ffff5ff0000 - 0x00007ffff637e000 	C:\WINDOWS\System32\combase.dll
0x00007ffff73c0000 - 0x00007ffff7497000 	C:\WINDOWS\System32\OLEAUT32.dll
0x00007fffebcb0000 - 0x00007fffebce2000 	C:\WINDOWS\SYSTEM32\dbgcore.DLL
0x00007ffff4f00000 - 0x00007ffff4f7b000 	C:\WINDOWS\System32\bcryptPrimitives.dll
0x00007fffdcdb0000 - 0x00007fffdcdcf000 	C:\java-libs\jdk-21\bin\java.dll
0x00007ffff67c0000 - 0x00007ffff7029000 	C:\WINDOWS\System32\SHELL32.dll
0x00007ffff2940000 - 0x00007ffff323f000 	C:\WINDOWS\SYSTEM32\windows.storage.dll
0x00007ffff2800000 - 0x00007ffff293f000 	C:\WINDOWS\SYSTEM32\wintypes.dll
0x00007ffff57f0000 - 0x00007ffff58e9000 	C:\WINDOWS\System32\SHCORE.dll
0x00007ffff6710000 - 0x00007ffff676e000 	C:\WINDOWS\System32\shlwapi.dll
0x00007ffff4950000 - 0x00007ffff4977000 	C:\WINDOWS\SYSTEM32\profapi.dll
0x00007fffb3890000 - 0x00007fffb3967000 	C:\java-libs\jdk-21\bin\jsvml.dll
0x00007fffeecf0000 - 0x00007fffeed00000 	C:\java-libs\jdk-21\bin\net.dll
0x00007fffef780000 - 0x00007fffef8b6000 	C:\WINDOWS\SYSTEM32\WINHTTP.dll
0x00007ffff3ee0000 - 0x00007ffff3f49000 	C:\WINDOWS\system32\mswsock.dll
0x00007fffdae10000 - 0x00007fffdae26000 	C:\java-libs\jdk-21\bin\nio.dll
0x00007fffd06c0000 - 0x00007fffd06d8000 	C:\java-libs\jdk-21\bin\zip.dll
0x00007fffc46d0000 - 0x00007fffc46f4000 	C:\Users\aleks\AppData\Local\Temp\jansi-2.4.1-324063c7d1e456bc-jansi.dll
0x00007fffeeb40000 - 0x00007fffeeb50000 	C:\java-libs\jdk-21\bin\verify.dll
0x00007ffff4140000 - 0x00007ffff415b000 	C:\WINDOWS\SYSTEM32\CRYPTSP.dll
0x00007ffff39b0000 - 0x00007ffff39e5000 	C:\WINDOWS\system32\rsaenh.dll
0x00007ffff3fd0000 - 0x00007ffff3ff8000 	C:\WINDOWS\SYSTEM32\USERENV.dll
0x00007ffff4130000 - 0x00007ffff413c000 	C:\WINDOWS\SYSTEM32\CRYPTBASE.dll
0x00007ffff34a0000 - 0x00007ffff34cd000 	C:\WINDOWS\SYSTEM32\IPHLPAPI.DLL
0x00007ffff7050000 - 0x00007ffff7059000 	C:\WINDOWS\System32\NSI.dll
0x00007fffd53a0000 - 0x00007fffd53b7000 	C:\WINDOWS\system32\napinsp.dll
0x00007fffd4510000 - 0x00007fffd452b000 	C:\WINDOWS\system32\pnrpnsp.dll
0x00007ffff3510000 - 0x00007ffff3612000 	C:\WINDOWS\SYSTEM32\DNSAPI.dll
0x00007fffd4550000 - 0x00007fffd4561000 	C:\WINDOWS\System32\winrnr.dll
0x00007fffeee30000 - 0x00007fffeee45000 	C:\WINDOWS\system32\wshbth.dll
0x00007fffd44a0000 - 0x00007fffd44c7000 	C:\WINDOWS\system32\nlansp_c.dll
0x00007fffe9b90000 - 0x00007fffe9b9a000 	C:\Windows\System32\rasadhlp.dll
0x00007fffee830000 - 0x00007fffee8b3000 	C:\WINDOWS\System32\fwpuclnt.dll

dbghelp: loaded successfully - version: 4.0.5 - missing functions: none
symbol engine: initialized successfully - sym options: 0x614 - pdb path: .;C:\java-libs\jdk-21\bin;C:\WINDOWS\SYSTEM32;C:\WINDOWS\WinSxS\amd64_microsoft.windows.common-controls_6595b64144ccf1df_6.0.22621.3672_none_2713b9d173822955;C:\java-libs\jdk-21\bin\server;C:\Users\aleks\AppData\Local\Temp

VM Arguments:
jvm_args: -Dmaven.multiModuleProjectDirectory=C:\Users\aleks\Downloads\literatura-jpn 
java_command: org.apache.maven.wrapper.MavenWrapperMain compile quarkus:dev
java_class_path (initial): C:\Users\aleks\Downloads\literatura-jpn\.mvn\wrapper\maven-wrapper.jar
Launcher Type: SUN_STANDARD

[Global flags]
     intx CICompilerCount                          = 4                                         {product} {ergonomic}
     uint ConcGCThreads                            = 3                                         {product} {ergonomic}
     uint G1ConcRefinementThreads                  = 10                                        {product} {ergonomic}
   size_t G1HeapRegionSize                         = 2097152                                   {product} {ergonomic}
    uintx GCDrainStackTargetSize                   = 64                                        {product} {ergonomic}
   size_t InitialHeapSize                          = 190840832                                 {product} {ergonomic}
   size_t MarkStackSize                            = 4194304                                   {product} {ergonomic}
   size_t MaxHeapSize                              = 3047161856                                {product} {ergonomic}
   size_t MaxNewSize                               = 1826619392                                {product} {ergonomic}
   size_t MinHeapDeltaBytes                        = 2097152                                   {product} {ergonomic}
   size_t MinHeapSize                              = 8388608                                   {product} {ergonomic}
    uintx NonNMethodCodeHeapSize                   = 5839372                                {pd product} {ergonomic}
    uintx NonProfiledCodeHeapSize                  = 122909434                              {pd product} {ergonomic}
    uintx ProfiledCodeHeapSize                     = 122909434                              {pd product} {ergonomic}
    uintx ReservedCodeCacheSize                    = 251658240                              {pd product} {ergonomic}
     bool SegmentedCodeCache                       = true                                      {product} {ergonomic}
   size_t SoftMaxHeapSize                          = 3047161856                             {manageable} {ergonomic}
     bool UseCompressedOops                        = true                           {product lp64_product} {ergonomic}
     bool UseG1GC                                  = true                                      {product} {ergonomic}
     bool UseLargePagesIndividualAllocation        = false                                  {pd product} {ergonomic}

Logging:
Log output configuration:
 #0: stdout all=warning uptime,level,tags foldmultilines=false
 #1: stderr all=off uptime,level,tags foldmultilines=false

Environment Variables:
JAVA_HOME=C:\java-libs\jdk-21
PATH=C:\Program Files\PowerShell\7;C:\WINDOWS\system32;C:\WINDOWS;C:\WINDOWS\System32\Wbem;C:\WINDOWS\System32\WindowsPowerShell\v1.0\;C:\WINDOWS\System32\OpenSSH\;C:\Program Files\PowerShell\7\;C:\Program Files\Git\cmd;C:\Program Files\nodejs\;C:\Program Files\dotnet\;C:\Program Files\Docker\Docker\resources\bin;C:\Program Files (x86)\Java\jre1.8.0_421;C:\Program Files\MySQL\MySQL Shell 8.0\bin\;C:\Users\aleks\AppData\Local\Microsoft\WindowsApps;C:\Users\aleks\AppData\Local\Programs\Microsoft VS Code\bin;C:\Users\aleks\AppData\Roaming\npm;C:\Program Files (x86)\Java;C:\Program Files (x86)\Java\jre1.8.0_421;C:\Program Files (x86)\Common Files\Oracle\Java\java8path;C:\java-libs\jdk-21\bin;C:\Program Files (x86)\Java\jre1.8.0_421\bin;
USERNAME=aleks
LANG=en_US.UTF-8
OS=Windows_NT
PROCESSOR_IDENTIFIER=AMD64 Family 23 Model 104 Stepping 1, AuthenticAMD
TMP=C:\Users\aleks\AppData\Local\Temp
TEMP=C:\Users\aleks\AppData\Local\Temp




Periodic native trim disabled

---------------  S Y S T E M  ---------------

OS:
 Windows 11 , 64 bit Build 22621 (10.0.22621.3958)
OS uptime: 1 days 9:00 hours
Hyper-V role detected

CPU: total 12 (initial active 12) (12 cores per cpu, 2 threads per core) family 23 model 104 stepping 1 microcode 0x0, cx8, cmov, fxsr, ht, mmx, 3dnowpref, sse, sse2, sse3, ssse3, sse4a, sse4.1, sse4.2, popcnt, lzcnt, tsc, tscinvbit, avx, avx2, aes, clmul, bmi1, bmi2, adx, sha, fma, vzeroupper, clflush, clflushopt, hv, rdtscp, rdpid, f16c
Processor Information for processor 0
  Max Mhz: 2100, Current Mhz: 1988, Mhz Limit: 2100
Processor Information for processor 1
  Max Mhz: 2100, Current Mhz: 1988, Mhz Limit: 2100
Processor Information for processor 2
  Max Mhz: 2100, Current Mhz: 1988, Mhz Limit: 2100
Processor Information for processor 3
  Max Mhz: 2100, Current Mhz: 2100, Mhz Limit: 2100
Processor Information for processor 4
  Max Mhz: 2100, Current Mhz: 1988, Mhz Limit: 2100
Processor Information for processor 5
  Max Mhz: 2100, Current Mhz: 2100, Mhz Limit: 2100
Processor Information for processor 6
  Max Mhz: 2100, Current Mhz: 1988, Mhz Limit: 2100
Processor Information for processor 7
  Max Mhz: 2100, Current Mhz: 2100, Mhz Limit: 2100
Processor Information for processor 8
  Max Mhz: 2100, Current Mhz: 2100, Mhz Limit: 2100
Processor Information for processor 9
  Max Mhz: 2100, Current Mhz: 1988, Mhz Limit: 2100
Processor Information for processor 10
  Max Mhz: 2100, Current Mhz: 2100, Mhz Limit: 2100
Processor Information for processor 11
  Max Mhz: 2100, Current Mhz: 1988, Mhz Limit: 2100

Memory: 4k page, system-wide physical 11621M (302M free)
TotalPageFile size 20621M (AvailPageFile size 74M)
current process WorkingSet (physical memory assigned to process): 598M, peak: 601M
current process commit charge ("private bytes"): 645M, peak: 648M

vm_info: Java HotSpot(TM) 64-Bit Server VM (21.0.4+8-LTS-274) for windows-amd64 JRE (21.0.4+8-LTS-274), built on 2024-06-05T05:23:33Z by "mach5one" with MS VC++ 17.6 (VS2022)

END.
