#
# There is insufficient memory for the Java Runtime Environment to continue.
# Native memory allocation (mmap) failed to map 213909504 bytes for G1 virtual space
# Possible reasons:
#   The system is out of physical RAM or swap space
#   The process is running with CompressedOops enabled, and the Java Heap may be blocking the growth of the native heap
# Possible solutions:
#   Reduce memory load on the system
#   Increase physical memory or swap space
#   Check if swap backing store is full
#   Decrease Java heap size (-Xmx/-Xms)
#   Decrease number of Java threads
#   Decrease Java thread stack sizes (-Xss)
#   Set larger code cache with -XX:ReservedCodeCacheSize=
#   JVM is running with Zero Based Compressed Oops mode in which the Java heap is
#     placed in the first 32GB address space. The Java Heap base address is the
#     maximum limit for the native heap growth. Please use -XX:HeapBaseMinAddress
#     to set the Java Heap base and to place the Java Heap above 32GB virtual address.
# This output file may be truncated or incomplete.
#
#  Out of Memory Error (os_windows.cpp:3600), pid=11740, tid=5240
#
# JRE version: Java(TM) SE Runtime Environment (21.0.4+8) (build 21.0.4+8-LTS-274)
# Java VM: Java HotSpot(TM) 64-Bit Server VM (21.0.4+8-LTS-274, mixed mode, sharing, tiered, compressed oops, compressed class ptrs, g1 gc, windows-amd64)
# No core dump will be written. Minidumps are not enabled by default on client versions of Windows
#

---------------  S U M M A R Y ------------

Command Line: -Dmaven.multiModuleProjectDirectory=C:\Users\aleks\Downloads\literatura-jpn org.apache.maven.wrapper.MavenWrapperMain compile quarkus:dev

Host: AMD Ryzen 5 5500U with Radeon Graphics         , 12 cores, 11G,  Windows 11 , 64 bit Build 22621 (10.0.22621.3958)
Time: Sat Oct 26 03:46:35 2024 Horário Padrão de Tocantins elapsed time: 13.621319 seconds (0d 0h 0m 13s)

---------------  T H R E A D  ---------------

Current thread (0x000002cd7fe1ea70):  VMThread "VM Thread"          [id=5240, stack(0x000000e3fb500000,0x000000e3fb600000) (1024K)]

Stack: [0x000000e3fb500000,0x000000e3fb600000]
Native frames: (J=compiled Java code, j=interpreted, Vv=VM code, C=native code)
V  [jvm.dll+0x6c8e59]
V  [jvm.dll+0x853181]
V  [jvm.dll+0x8556ae]
V  [jvm.dll+0x855d83]
V  [jvm.dll+0x27d526]
V  [jvm.dll+0x6c55f5]
V  [jvm.dll+0x6ba17a]
V  [jvm.dll+0x352a8a]
V  [jvm.dll+0x35a6e6]
V  [jvm.dll+0x3acdae]
V  [jvm.dll+0x3ad058]
V  [jvm.dll+0x326dec]
V  [jvm.dll+0x326e77]
V  [jvm.dll+0x36b75c]
V  [jvm.dll+0x369fae]
V  [jvm.dll+0x3265b1]
V  [jvm.dll+0x3699e8]
V  [jvm.dll+0x85bb50]
V  [jvm.dll+0x85ced4]
V  [jvm.dll+0x85d410]
V  [jvm.dll+0x85d6b3]
V  [jvm.dll+0x7fd65b]
V  [jvm.dll+0x6c753d]
C  [ucrtbase.dll+0x29333]
C  [KERNEL32.DLL+0x1257d]
C  [ntdll.dll+0x5af08]

VM_Operation (0x000000e3fd2fe088): G1TryInitiateConcMark, mode: safepoint, requested by thread 0x000002cd5713eb70


---------------  P R O C E S S  ---------------

Threads class SMR info:
_java_thread_list=0x000002cd58b1ef80, length=24, elements={
0x000002cd70f7f620, 0x000002cd7fe3e600, 0x000002cd7fe41330, 0x000002cd7fe43510,
0x000002cd7fe43f70, 0x000002cd7fe449d0, 0x000002cd7fe45560, 0x000002cd7fe46420,
0x000002cd7fe472d0, 0x000002cd54128130, 0x000002cd5412efe0, 0x000002cd5571d5d0,
0x000002cd5764be30, 0x000002cd5719e610, 0x000002cd575b3270, 0x000002cd5759f0a0,
0x000002cd5758db70, 0x000002cd5758e1e0, 0x000002cd5713eb70, 0x000002cd56e24740,
0x000002cd56e240b0, 0x000002cd56e25af0, 0x000002cd56e26810, 0x000002cd595a52a0
}

Java Threads: ( => current thread )
  0x000002cd70f7f620 JavaThread "main"                              [_thread_blocked, id=16404, stack(0x000000e3fae00000,0x000000e3faf00000) (1024K)]
  0x000002cd7fe3e600 JavaThread "Reference Handler"          daemon [_thread_blocked, id=14764, stack(0x000000e3fb600000,0x000000e3fb700000) (1024K)]
  0x000002cd7fe41330 JavaThread "Finalizer"                  daemon [_thread_blocked, id=7124, stack(0x000000e3fb700000,0x000000e3fb800000) (1024K)]
  0x000002cd7fe43510 JavaThread "Signal Dispatcher"          daemon [_thread_blocked, id=6972, stack(0x000000e3fb800000,0x000000e3fb900000) (1024K)]
  0x000002cd7fe43f70 JavaThread "Attach Listener"            daemon [_thread_blocked, id=3692, stack(0x000000e3fb900000,0x000000e3fba00000) (1024K)]
  0x000002cd7fe449d0 JavaThread "Service Thread"             daemon [_thread_blocked, id=16672, stack(0x000000e3fba00000,0x000000e3fbb00000) (1024K)]
  0x000002cd7fe45560 JavaThread "Monitor Deflation Thread"   daemon [_thread_blocked, id=3956, stack(0x000000e3fbb00000,0x000000e3fbc00000) (1024K)]
  0x000002cd7fe46420 JavaThread "C2 CompilerThread0"         daemon [_thread_blocked, id=1072, stack(0x000000e3fbc00000,0x000000e3fbd00000) (1024K)]
  0x000002cd7fe472d0 JavaThread "C1 CompilerThread0"         daemon [_thread_blocked, id=17288, stack(0x000000e3fbd00000,0x000000e3fbe00000) (1024K)]
  0x000002cd54128130 JavaThread "Notification Thread"        daemon [_thread_blocked, id=21312, stack(0x000000e3fbe00000,0x000000e3fbf00000) (1024K)]
  0x000002cd5412efe0 JavaThread "Common-Cleaner"             daemon [_thread_blocked, id=15180, stack(0x000000e3fbf00000,0x000000e3fc000000) (1024K)]
  0x000002cd5571d5d0 JavaThread "Thread-1"                   daemon [_thread_blocked, id=13816, stack(0x000000e3fca00000,0x000000e3fcb00000) (1024K)]
  0x000002cd5764be30 JavaThread "ForkJoinPool.commonPool-worker-1" daemon [_thread_blocked, id=7964, stack(0x000000e3fcc00000,0x000000e3fcd00000) (1024K)]
  0x000002cd5719e610 JavaThread "ForkJoinPool.commonPool-worker-2" daemon [_thread_blocked, id=20004, stack(0x000000e3fcd00000,0x000000e3fce00000) (1024K)]
  0x000002cd575b3270 JavaThread "ForkJoinPool.commonPool-worker-4" daemon [_thread_blocked, id=7788, stack(0x000000e3fce00000,0x000000e3fcf00000) (1024K)]
  0x000002cd5759f0a0 JavaThread "ForkJoinPool.commonPool-worker-3" daemon [_thread_blocked, id=3716, stack(0x000000e3fcf00000,0x000000e3fd000000) (1024K)]
  0x000002cd5758db70 JavaThread "ForkJoinPool.commonPool-worker-5" daemon [_thread_blocked, id=10672, stack(0x000000e3fd000000,0x000000e3fd100000) (1024K)]
  0x000002cd5758e1e0 JavaThread "ForkJoinPool.commonPool-worker-6" daemon [_thread_blocked, id=5988, stack(0x000000e3fd100000,0x000000e3fd200000) (1024K)]
  0x000002cd5713eb70 JavaThread "ForkJoinPool.commonPool-worker-7" daemon [_thread_blocked, id=15704, stack(0x000000e3fd200000,0x000000e3fd300000) (1024K)]
  0x000002cd56e24740 JavaThread "ForkJoinPool.commonPool-worker-8" daemon [_thread_blocked, id=13088, stack(0x000000e3fd300000,0x000000e3fd400000) (1024K)]
  0x000002cd56e240b0 JavaThread "ForkJoinPool.commonPool-worker-9" daemon [_thread_blocked, id=21272, stack(0x000000e3fd400000,0x000000e3fd500000) (1024K)]
  0x000002cd56e25af0 JavaThread "ForkJoinPool.commonPool-worker-10" daemon [_thread_blocked, id=17068, stack(0x000000e3fd500000,0x000000e3fd600000) (1024K)]
  0x000002cd56e26810 JavaThread "ForkJoinPool.commonPool-worker-11" daemon [_thread_blocked, id=15260, stack(0x000000e3fd600000,0x000000e3fd700000) (1024K)]
  0x000002cd595a52a0 JavaThread "C2 CompilerThread1"         daemon [_thread_blocked, id=22108, stack(0x000000e3fc000000,0x000000e3fc100000) (1024K)]
Total: 24

Other Threads:
=>0x000002cd7fe1ea70 VMThread "VM Thread"                           [id=5240, stack(0x000000e3fb500000,0x000000e3fb600000) (1024K)]
  0x000002cd7fe05290 WatcherThread "VM Periodic Task Thread"        [id=8712, stack(0x000000e3fb400000,0x000000e3fb500000) (1024K)]
  0x000002cd70fc7d70 WorkerThread "GC Thread#0"                     [id=23936, stack(0x000000e3faf00000,0x000000e3fb000000) (1024K)]
  0x000002cd550a2700 WorkerThread "GC Thread#1"                     [id=8416, stack(0x000000e3fc200000,0x000000e3fc300000) (1024K)]
  0x000002cd550a2aa0 WorkerThread "GC Thread#2"                     [id=7720, stack(0x000000e3fc300000,0x000000e3fc400000) (1024K)]
  0x000002cd550a2e40 WorkerThread "GC Thread#3"                     [id=20504, stack(0x000000e3fc400000,0x000000e3fc500000) (1024K)]
  0x000002cd5507d1e0 WorkerThread "GC Thread#4"                     [id=23608, stack(0x000000e3fc500000,0x000000e3fc600000) (1024K)]
  0x000002cd5507d580 WorkerThread "GC Thread#5"                     [id=24524, stack(0x000000e3fc600000,0x000000e3fc700000) (1024K)]
  0x000002cd5507d920 WorkerThread "GC Thread#6"                     [id=22572, stack(0x000000e3fc700000,0x000000e3fc800000) (1024K)]
  0x000002cd5507dcc0 WorkerThread "GC Thread#7"                     [id=4744, stack(0x000000e3fc800000,0x000000e3fc900000) (1024K)]
  0x000002cd54e9e5b0 WorkerThread "GC Thread#8"                     [id=3888, stack(0x000000e3fc100000,0x000000e3fc200000) (1024K)]
  0x000002cd54f19620 WorkerThread "GC Thread#9"                     [id=7860, stack(0x000000e3fc900000,0x000000e3fca00000) (1024K)]
  0x000002cd70fd4af0 ConcurrentGCThread "G1 Main Marker"            [id=13644, stack(0x000000e3fb000000,0x000000e3fb100000) (1024K)]
  0x000002cd70fd57a0 WorkerThread "G1 Conc#0"                       [id=16824, stack(0x000000e3fb100000,0x000000e3fb200000) (1024K)]
  0x000002cd56698660 WorkerThread "G1 Conc#1"                       [id=11240, stack(0x000000e3fd700000,0x000000e3fd800000) (1024K)]
  0x000002cd56699fc0 WorkerThread "G1 Conc#2"                       [id=23344, stack(0x000000e3fd800000,0x000000e3fd900000) (1024K)]
  0x000002cd7103e7f0 ConcurrentGCThread "G1 Refine#0"               [id=11956, stack(0x000000e3fb200000,0x000000e3fb300000) (1024K)]
  0x000002cd7fcd84e0 ConcurrentGCThread "G1 Service"                [id=9524, stack(0x000000e3fb300000,0x000000e3fb400000) (1024K)]
Total: 18

Threads with active compile tasks:
C2 CompilerThread0    13647 8162       4       java.util.regex.Matcher::group (65 bytes)
C2 CompilerThread1    13647 8161       4       java.util.ArrayList::subList (20 bytes)
Total: 2

VM state: at safepoint (normal execution)

VM Mutex/Monitor currently owned by a thread:  ([mutex/lock_event])
[0x00007fffa8a87e98] Threads_lock - owner thread: 0x000002cd7fe1ea70
[0x00007fffa8a87f98] Heap_lock - owner thread: 0x000002cd5713eb70

Heap address: 0x000000074a600000, size: 2906 MB, Compressed Oops mode: Zero based, Oop shift amount: 3

CDS archive(s) mapped at: [0x000002cd0f000000-0x000002cd0fc90000-0x000002cd0fc90000), size 13172736, SharedBaseAddress: 0x000002cd0f000000, ArchiveRelocationMode: 1.
Compressed class space mapped at: 0x000002cd10000000-0x000002cd50000000, reserved size: 1073741824
Narrow klass base: 0x000002cd0f000000, Narrow klass shift: 0, Narrow klass range: 0x100000000

GC Precious Log:
 CardTable entry size: 512
 Card Set container configuration: InlinePtr #cards 4 size 8 Array Of Cards #cards 16 size 48 Howl #buckets 8 coarsen threshold 3686 Howl Bitmap #cards 512 size 80 coarsen threshold 460 Card regions per heap region 1 cards per card region 4096
 CPUs: 12 total, 12 available
 Memory: 11621M
 Large Page Support: Disabled
 NUMA Support: Disabled
 Compressed Oops: Enabled (Zero based)
 Heap Region Size: 2M
 Heap Min Capacity: 8M
 Heap Initial Capacity: 182M
 Heap Max Capacity: 2906M
 Pre-touch: Disabled
 Parallel Workers: 10
 Concurrent Workers: 3
 Concurrent Refinement Workers: 10
 Periodic GC: Disabled

Heap:
 garbage-first heap   total 495616K, used 315721K [0x000000074a600000, 0x0000000800000000)
  region size 2048K, 4 young (8192K), 4 survivors (8192K)
 Metaspace       used 27663K, committed 28160K, reserved 1114112K
  class space    used 2995K, committed 3200K, reserved 1048576K

Heap Regions: E=young(eden), S=young(survivor), O=old, HS=humongous(starts), HC=humongous(continues), CS=collection set, F=free, TAMS=top-at-mark-start, PB=parsable bottom
|   0|0x000000074a600000, 0x000000074a800000, 0x000000074a800000|100%| O|  |TAMS 0x000000074a800000| PB 0x000000074a600000| Untracked 
|   1|0x000000074a800000, 0x000000074aa00000, 0x000000074aa00000|100%| O|  |TAMS 0x000000074aa00000| PB 0x000000074a800000| Untracked 
|   2|0x000000074aa00000, 0x000000074ac00000, 0x000000074ac00000|100%| O|  |TAMS 0x000000074ac00000| PB 0x000000074aa00000| Untracked 
|   3|0x000000074ac00000, 0x000000074ae00000, 0x000000074ae00000|100%| O|  |TAMS 0x000000074ae00000| PB 0x000000074ac00000| Untracked 
|   4|0x000000074ae00000, 0x000000074b000000, 0x000000074b000000|100%| O|  |TAMS 0x000000074b000000| PB 0x000000074ae00000| Untracked 
|   5|0x000000074b000000, 0x000000074b200000, 0x000000074b200000|100%| O|  |TAMS 0x000000074b200000| PB 0x000000074b000000| Untracked 
|   6|0x000000074b200000, 0x000000074b400000, 0x000000074b400000|100%| O|  |TAMS 0x000000074b400000| PB 0x000000074b200000| Untracked 
|   7|0x000000074b400000, 0x000000074b600000, 0x000000074b600000|100%| O|  |TAMS 0x000000074b600000| PB 0x000000074b400000| Untracked 
|   8|0x000000074b600000, 0x000000074b800000, 0x000000074b800000|100%| O|  |TAMS 0x000000074b800000| PB 0x000000074b600000| Untracked 
|   9|0x000000074b800000, 0x000000074ba00000, 0x000000074ba00000|100%| O|  |TAMS 0x000000074ba00000| PB 0x000000074b800000| Untracked 
|  10|0x000000074ba00000, 0x000000074bc00000, 0x000000074bc00000|100%| O|  |TAMS 0x000000074bc00000| PB 0x000000074ba00000| Untracked 
|  11|0x000000074bc00000, 0x000000074be00000, 0x000000074be00000|100%| O|  |TAMS 0x000000074be00000| PB 0x000000074bc00000| Untracked 
|  12|0x000000074be00000, 0x000000074c000000, 0x000000074c000000|100%| O|  |TAMS 0x000000074c000000| PB 0x000000074be00000| Untracked 
|  13|0x000000074c000000, 0x000000074c200000, 0x000000074c200000|100%| O|  |TAMS 0x000000074c200000| PB 0x000000074c000000| Untracked 
|  14|0x000000074c200000, 0x000000074c400000, 0x000000074c400000|100%| O|  |TAMS 0x000000074c400000| PB 0x000000074c200000| Untracked 
|  15|0x000000074c400000, 0x000000074c600000, 0x000000074c600000|100%| O|  |TAMS 0x000000074c600000| PB 0x000000074c400000| Untracked 
|  16|0x000000074c600000, 0x000000074c800000, 0x000000074c800000|100%| O|  |TAMS 0x000000074c800000| PB 0x000000074c600000| Untracked 
|  17|0x000000074c800000, 0x000000074ca00000, 0x000000074ca00000|100%| O|  |TAMS 0x000000074ca00000| PB 0x000000074c800000| Untracked 
|  18|0x000000074ca00000, 0x000000074cc00000, 0x000000074cc00000|100%| O|  |TAMS 0x000000074cc00000| PB 0x000000074ca00000| Untracked 
|  19|0x000000074cc00000, 0x000000074ce00000, 0x000000074ce00000|100%| O|  |TAMS 0x000000074ce00000| PB 0x000000074cc00000| Untracked 
|  20|0x000000074ce00000, 0x000000074d000000, 0x000000074d000000|100%| O|  |TAMS 0x000000074d000000| PB 0x000000074ce00000| Untracked 
|  21|0x000000074d000000, 0x000000074d200000, 0x000000074d200000|100%| O|  |TAMS 0x000000074d200000| PB 0x000000074d000000| Untracked 
|  22|0x000000074d200000, 0x000000074d400000, 0x000000074d400000|100%| O|  |TAMS 0x000000074d400000| PB 0x000000074d200000| Untracked 
|  23|0x000000074d400000, 0x000000074d600000, 0x000000074d600000|100%| O|  |TAMS 0x000000074d600000| PB 0x000000074d400000| Untracked 
|  24|0x000000074d600000, 0x000000074d800000, 0x000000074d800000|100%| O|  |TAMS 0x000000074d800000| PB 0x000000074d600000| Untracked 
|  25|0x000000074d800000, 0x000000074da00000, 0x000000074da00000|100%| O|  |TAMS 0x000000074da00000| PB 0x000000074d800000| Untracked 
|  26|0x000000074da00000, 0x000000074dc00000, 0x000000074dc00000|100%| O|  |TAMS 0x000000074dc00000| PB 0x000000074da00000| Untracked 
|  27|0x000000074dc00000, 0x000000074de00000, 0x000000074de00000|100%| O|  |TAMS 0x000000074de00000| PB 0x000000074dc00000| Untracked 
|  28|0x000000074de00000, 0x000000074e000000, 0x000000074e000000|100%| O|  |TAMS 0x000000074e000000| PB 0x000000074de00000| Untracked 
|  29|0x000000074e000000, 0x000000074e200000, 0x000000074e200000|100%| O|  |TAMS 0x000000074e200000| PB 0x000000074e000000| Untracked 
|  30|0x000000074e200000, 0x000000074e400000, 0x000000074e400000|100%| O|  |TAMS 0x000000074e400000| PB 0x000000074e200000| Untracked 
|  31|0x000000074e400000, 0x000000074e600000, 0x000000074e600000|100%| O|  |TAMS 0x000000074e600000| PB 0x000000074e400000| Untracked 
|  32|0x000000074e600000, 0x000000074e800000, 0x000000074e800000|100%|HS|  |TAMS 0x000000074e800000| PB 0x000000074e600000| Complete 
|  33|0x000000074e800000, 0x000000074ea00000, 0x000000074ea00000|100%|HS|  |TAMS 0x000000074ea00000| PB 0x000000074e800000| Complete 
|  34|0x000000074ea00000, 0x000000074ec00000, 0x000000074ec00000|100%| O|  |TAMS 0x000000074ec00000| PB 0x000000074ea00000| Untracked 
|  35|0x000000074ec00000, 0x000000074ee00000, 0x000000074ee00000|100%| O|  |TAMS 0x000000074ee00000| PB 0x000000074ec00000| Untracked 
|  36|0x000000074ee00000, 0x000000074f000000, 0x000000074f000000|100%| O|  |TAMS 0x000000074f000000| PB 0x000000074ee00000| Untracked 
|  37|0x000000074f000000, 0x000000074f200000, 0x000000074f200000|100%| O|  |TAMS 0x000000074f000000| PB 0x000000074f000000| Untracked 
|  38|0x000000074f200000, 0x000000074f400000, 0x000000074f400000|100%| O|  |TAMS 0x000000074f400000| PB 0x000000074f200000| Untracked 
|  39|0x000000074f400000, 0x000000074f600000, 0x000000074f600000|100%| O|  |TAMS 0x000000074f600000| PB 0x000000074f400000| Untracked 
|  40|0x000000074f600000, 0x000000074f800000, 0x000000074f800000|100%| O|  |TAMS 0x000000074f800000| PB 0x000000074f600000| Untracked 
|  41|0x000000074f800000, 0x000000074fa00000, 0x000000074fa00000|100%| O|  |TAMS 0x000000074fa00000| PB 0x000000074f800000| Untracked 
|  42|0x000000074fa00000, 0x000000074fc00000, 0x000000074fc00000|100%| O|  |TAMS 0x000000074fc00000| PB 0x000000074fa00000| Untracked 
|  43|0x000000074fc00000, 0x000000074fe00000, 0x000000074fe00000|100%| O|  |TAMS 0x000000074fe00000| PB 0x000000074fc00000| Untracked 
|  44|0x000000074fe00000, 0x0000000750000000, 0x0000000750000000|100%| O|  |TAMS 0x0000000750000000| PB 0x000000074fe00000| Untracked 
|  45|0x0000000750000000, 0x0000000750200000, 0x0000000750200000|100%| O|  |TAMS 0x0000000750200000| PB 0x0000000750000000| Untracked 
|  46|0x0000000750200000, 0x0000000750400000, 0x0000000750400000|100%| O|  |TAMS 0x0000000750400000| PB 0x0000000750200000| Untracked 
|  47|0x0000000750400000, 0x0000000750600000, 0x0000000750600000|100%| O|  |TAMS 0x0000000750600000| PB 0x0000000750400000| Untracked 
|  48|0x0000000750600000, 0x0000000750800000, 0x0000000750800000|100%| O|  |TAMS 0x0000000750800000| PB 0x0000000750600000| Untracked 
|  49|0x0000000750800000, 0x0000000750a00000, 0x0000000750a00000|100%| O|  |TAMS 0x0000000750a00000| PB 0x0000000750800000| Untracked 
|  50|0x0000000750a00000, 0x0000000750c00000, 0x0000000750c00000|100%| O|  |TAMS 0x0000000750c00000| PB 0x0000000750a00000| Untracked 
|  51|0x0000000750c00000, 0x0000000750e00000, 0x0000000750e00000|100%| O|  |TAMS 0x0000000750e00000| PB 0x0000000750c00000| Untracked 
|  52|0x0000000750e00000, 0x0000000751000000, 0x0000000751000000|100%| O|  |TAMS 0x0000000751000000| PB 0x0000000750e00000| Untracked 
|  53|0x0000000751000000, 0x0000000751200000, 0x0000000751200000|100%| O|  |TAMS 0x0000000751200000| PB 0x0000000751000000| Untracked 
|  54|0x0000000751200000, 0x0000000751400000, 0x0000000751400000|100%| O|  |TAMS 0x0000000751400000| PB 0x0000000751200000| Untracked 
|  55|0x0000000751400000, 0x0000000751600000, 0x0000000751600000|100%| O|  |TAMS 0x0000000751600000| PB 0x0000000751400000| Untracked 
|  56|0x0000000751600000, 0x0000000751800000, 0x0000000751800000|100%| O|  |TAMS 0x0000000751800000| PB 0x0000000751600000| Untracked 
|  57|0x0000000751800000, 0x0000000751a00000, 0x0000000751a00000|100%| O|  |TAMS 0x0000000751a00000| PB 0x0000000751800000| Untracked 
|  58|0x0000000751a00000, 0x0000000751c00000, 0x0000000751c00000|100%| O|  |TAMS 0x0000000751c00000| PB 0x0000000751a00000| Untracked 
|  59|0x0000000751c00000, 0x0000000751e00000, 0x0000000751e00000|100%| O|  |TAMS 0x0000000751e00000| PB 0x0000000751c00000| Untracked 
|  60|0x0000000751e00000, 0x0000000752000000, 0x0000000752000000|100%| O|  |TAMS 0x0000000752000000| PB 0x0000000751e00000| Untracked 
|  61|0x0000000752000000, 0x0000000752200000, 0x0000000752200000|100%| O|  |TAMS 0x0000000752200000| PB 0x0000000752000000| Untracked 
|  62|0x0000000752200000, 0x0000000752400000, 0x0000000752400000|100%| O|  |TAMS 0x0000000752400000| PB 0x0000000752200000| Untracked 
|  63|0x0000000752400000, 0x0000000752600000, 0x0000000752600000|100%| O|  |TAMS 0x00000007524abca0| PB 0x0000000752400000| Untracked 
|  64|0x0000000752600000, 0x0000000752800000, 0x0000000752800000|100%| O|  |TAMS 0x0000000752800000| PB 0x0000000752600000| Untracked 
|  65|0x0000000752800000, 0x0000000752a00000, 0x0000000752a00000|100%| O|  |TAMS 0x0000000752a00000| PB 0x0000000752800000| Untracked 
|  66|0x0000000752a00000, 0x0000000752c00000, 0x0000000752c00000|100%| O|  |TAMS 0x0000000752c00000| PB 0x0000000752a00000| Untracked 
|  67|0x0000000752c00000, 0x0000000752e00000, 0x0000000752e00000|100%| O|  |TAMS 0x0000000752e00000| PB 0x0000000752c00000| Untracked 
|  68|0x0000000752e00000, 0x0000000753000000, 0x0000000753000000|100%| O|  |TAMS 0x0000000752e00000| PB 0x0000000752e00000| Untracked 
|  69|0x0000000753000000, 0x0000000753200000, 0x0000000753200000|100%| O|  |TAMS 0x0000000753200000| PB 0x0000000753000000| Untracked 
|  70|0x0000000753200000, 0x0000000753400000, 0x0000000753400000|100%| O|  |TAMS 0x0000000753400000| PB 0x0000000753200000| Untracked 
|  71|0x0000000753400000, 0x0000000753600000, 0x0000000753600000|100%| O|  |TAMS 0x0000000753600000| PB 0x0000000753400000| Untracked 
|  72|0x0000000753600000, 0x0000000753800000, 0x0000000753800000|100%| O|  |TAMS 0x0000000753800000| PB 0x0000000753600000| Untracked 
|  73|0x0000000753800000, 0x0000000753a00000, 0x0000000753a00000|100%| O|  |TAMS 0x0000000753a00000| PB 0x0000000753800000| Untracked 
|  74|0x0000000753a00000, 0x0000000753c00000, 0x0000000753c00000|100%| O|  |TAMS 0x0000000753a00000| PB 0x0000000753a00000| Untracked 
|  75|0x0000000753c00000, 0x0000000753e00000, 0x0000000753e00000|100%| O|  |TAMS 0x0000000753c00000| PB 0x0000000753c00000| Untracked 
|  76|0x0000000753e00000, 0x0000000754000000, 0x0000000754000000|100%| O|  |TAMS 0x0000000753e00000| PB 0x0000000753e00000| Untracked 
|  77|0x0000000754000000, 0x0000000754200000, 0x0000000754200000|100%| O|  |TAMS 0x0000000754200000| PB 0x0000000754000000| Untracked 
|  78|0x0000000754200000, 0x0000000754400000, 0x0000000754400000|100%| O|  |TAMS 0x0000000754200000| PB 0x0000000754200000| Untracked 
|  79|0x0000000754400000, 0x0000000754600000, 0x0000000754600000|100%| O|  |TAMS 0x0000000754600000| PB 0x0000000754400000| Untracked 
|  80|0x0000000754600000, 0x0000000754800000, 0x0000000754800000|100%| O|  |TAMS 0x0000000754800000| PB 0x0000000754600000| Untracked 
|  81|0x0000000754800000, 0x0000000754a00000, 0x0000000754a00000|100%| O|  |TAMS 0x0000000754a00000| PB 0x0000000754800000| Untracked 
|  82|0x0000000754a00000, 0x0000000754c00000, 0x0000000754c00000|100%| O|  |TAMS 0x0000000754c00000| PB 0x0000000754a00000| Untracked 
|  83|0x0000000754c00000, 0x0000000754e00000, 0x0000000754e00000|100%| O|  |TAMS 0x0000000754e00000| PB 0x0000000754c00000| Untracked 
|  84|0x0000000754e00000, 0x0000000755000000, 0x0000000755000000|100%| O|  |TAMS 0x0000000754e00000| PB 0x0000000754e00000| Untracked 
|  85|0x0000000755000000, 0x0000000755200000, 0x0000000755200000|100%| O|  |TAMS 0x0000000755000000| PB 0x0000000755000000| Untracked 
|  86|0x0000000755200000, 0x00000007552ca470, 0x0000000755400000| 39%| O|  |TAMS 0x0000000755200000| PB 0x0000000755200000| Untracked 
|  87|0x0000000755400000, 0x0000000755400000, 0x0000000755600000|  0%| F|  |TAMS 0x0000000755400000| PB 0x0000000755400000| Untracked 
|  88|0x0000000755600000, 0x0000000755800000, 0x0000000755800000|100%| O|  |TAMS 0x0000000755800000| PB 0x0000000755600000| Untracked 
|  89|0x0000000755800000, 0x0000000755800000, 0x0000000755a00000|  0%| F|  |TAMS 0x0000000755800000| PB 0x0000000755800000| Untracked 
|  90|0x0000000755a00000, 0x0000000755c00000, 0x0000000755c00000|100%| O|  |TAMS 0x0000000755c00000| PB 0x0000000755a00000| Untracked 
|  91|0x0000000755c00000, 0x0000000755c00000, 0x0000000755e00000|  0%| F|  |TAMS 0x0000000755c00000| PB 0x0000000755c00000| Untracked 
|  92|0x0000000755e00000, 0x0000000756000000, 0x0000000756000000|100%| O|  |TAMS 0x0000000756000000| PB 0x0000000755e00000| Untracked 
|  93|0x0000000756000000, 0x0000000756200000, 0x0000000756200000|100%| O|  |TAMS 0x0000000756200000| PB 0x0000000756000000| Untracked 
|  94|0x0000000756200000, 0x0000000756200000, 0x0000000756400000|  0%| F|  |TAMS 0x0000000756200000| PB 0x0000000756200000| Untracked 
|  95|0x0000000756400000, 0x0000000756600000, 0x0000000756600000|100%| O|  |TAMS 0x0000000756600000| PB 0x0000000756400000| Untracked 
|  96|0x0000000756600000, 0x0000000756800000, 0x0000000756800000|100%| O|  |TAMS 0x0000000756800000| PB 0x0000000756600000| Untracked 
|  97|0x0000000756800000, 0x0000000756800000, 0x0000000756a00000|  0%| F|  |TAMS 0x0000000756800000| PB 0x0000000756800000| Untracked 
|  98|0x0000000756a00000, 0x0000000756c00000, 0x0000000756c00000|100%| O|  |TAMS 0x0000000756c00000| PB 0x0000000756a00000| Untracked 
|  99|0x0000000756c00000, 0x0000000756e00000, 0x0000000756e00000|100%| O|  |TAMS 0x0000000756e00000| PB 0x0000000756c00000| Untracked 
| 100|0x0000000756e00000, 0x0000000757000000, 0x0000000757000000|100%| O|  |TAMS 0x0000000757000000| PB 0x0000000756e00000| Untracked 
| 101|0x0000000757000000, 0x0000000757200000, 0x0000000757200000|100%| O|  |TAMS 0x0000000757200000| PB 0x0000000757000000| Untracked 
| 102|0x0000000757200000, 0x0000000757400000, 0x0000000757400000|100%| O|  |TAMS 0x0000000757400000| PB 0x0000000757200000| Untracked 
| 103|0x0000000757400000, 0x0000000757600000, 0x0000000757600000|100%| O|  |TAMS 0x0000000757600000| PB 0x0000000757400000| Untracked 
| 104|0x0000000757600000, 0x0000000757800000, 0x0000000757800000|100%| O|  |TAMS 0x0000000757800000| PB 0x0000000757600000| Untracked 
| 105|0x0000000757800000, 0x0000000757a00000, 0x0000000757a00000|100%| O|  |TAMS 0x0000000757a00000| PB 0x0000000757800000| Untracked 
| 106|0x0000000757a00000, 0x0000000757c00000, 0x0000000757c00000|100%| O|  |TAMS 0x0000000757c00000| PB 0x0000000757a00000| Untracked 
| 107|0x0000000757c00000, 0x0000000757e00000, 0x0000000757e00000|100%| O|  |TAMS 0x0000000757e00000| PB 0x0000000757c00000| Untracked 
| 108|0x0000000757e00000, 0x0000000758000000, 0x0000000758000000|100%| O|  |TAMS 0x0000000758000000| PB 0x0000000757e00000| Untracked 
| 109|0x0000000758000000, 0x0000000758200000, 0x0000000758200000|100%| O|  |TAMS 0x0000000758200000| PB 0x0000000758000000| Untracked 
| 110|0x0000000758200000, 0x0000000758400000, 0x0000000758400000|100%| O|  |TAMS 0x0000000758400000| PB 0x0000000758200000| Untracked 
| 111|0x0000000758400000, 0x0000000758600000, 0x0000000758600000|100%| O|  |TAMS 0x0000000758600000| PB 0x0000000758400000| Untracked 
| 112|0x0000000758600000, 0x0000000758800000, 0x0000000758800000|100%| O|  |TAMS 0x0000000758800000| PB 0x0000000758600000| Untracked 
| 113|0x0000000758800000, 0x0000000758a00000, 0x0000000758a00000|100%| O|  |TAMS 0x0000000758a00000| PB 0x0000000758800000| Untracked 
| 114|0x0000000758a00000, 0x0000000758c00000, 0x0000000758c00000|100%| O|  |TAMS 0x0000000758c00000| PB 0x0000000758a00000| Untracked 
| 115|0x0000000758c00000, 0x0000000758e00000, 0x0000000758e00000|100%| O|  |TAMS 0x0000000758e00000| PB 0x0000000758c00000| Untracked 
| 116|0x0000000758e00000, 0x0000000759000000, 0x0000000759000000|100%| O|  |TAMS 0x0000000759000000| PB 0x0000000758e00000| Untracked 
| 117|0x0000000759000000, 0x0000000759200000, 0x0000000759200000|100%| O|  |TAMS 0x0000000759200000| PB 0x0000000759000000| Untracked 
| 118|0x0000000759200000, 0x0000000759400000, 0x0000000759400000|100%| O|  |TAMS 0x0000000759400000| PB 0x0000000759200000| Untracked 
| 119|0x0000000759400000, 0x0000000759600000, 0x0000000759600000|100%| O|  |TAMS 0x0000000759600000| PB 0x0000000759400000| Untracked 
| 120|0x0000000759600000, 0x0000000759800000, 0x0000000759800000|100%| O|  |TAMS 0x0000000759800000| PB 0x0000000759600000| Untracked 
| 121|0x0000000759800000, 0x0000000759a00000, 0x0000000759a00000|100%| O|  |TAMS 0x0000000759a00000| PB 0x0000000759800000| Untracked 
| 122|0x0000000759a00000, 0x0000000759c00000, 0x0000000759c00000|100%| O|  |TAMS 0x0000000759c00000| PB 0x0000000759a00000| Untracked 
| 123|0x0000000759c00000, 0x0000000759e00000, 0x0000000759e00000|100%| O|  |TAMS 0x0000000759e00000| PB 0x0000000759c00000| Untracked 
| 124|0x0000000759e00000, 0x000000075a000000, 0x000000075a000000|100%| O|  |TAMS 0x000000075a000000| PB 0x0000000759e00000| Untracked 
| 125|0x000000075a000000, 0x000000075a200000, 0x000000075a200000|100%| O|  |TAMS 0x000000075a200000| PB 0x000000075a000000| Untracked 
| 126|0x000000075a200000, 0x000000075a400000, 0x000000075a400000|100%| O|  |TAMS 0x000000075a400000| PB 0x000000075a200000| Untracked 
| 127|0x000000075a400000, 0x000000075a600000, 0x000000075a600000|100%| O|  |TAMS 0x000000075a600000| PB 0x000000075a400000| Untracked 
| 128|0x000000075a600000, 0x000000075a800000, 0x000000075a800000|100%| O|  |TAMS 0x000000075a800000| PB 0x000000075a600000| Untracked 
| 129|0x000000075a800000, 0x000000075aa00000, 0x000000075aa00000|100%| O|  |TAMS 0x000000075aa00000| PB 0x000000075a800000| Untracked 
| 130|0x000000075aa00000, 0x000000075aa00000, 0x000000075ac00000|  0%| F|  |TAMS 0x000000075aa00000| PB 0x000000075aa00000| Untracked 
| 131|0x000000075ac00000, 0x000000075ac00000, 0x000000075ae00000|  0%| F|  |TAMS 0x000000075ac00000| PB 0x000000075ac00000| Untracked 
| 132|0x000000075ae00000, 0x000000075b000000, 0x000000075b000000|100%| O|  |TAMS 0x000000075b000000| PB 0x000000075ae00000| Untracked 
| 133|0x000000075b000000, 0x000000075b200000, 0x000000075b200000|100%| O|  |TAMS 0x000000075b200000| PB 0x000000075b000000| Untracked 
| 134|0x000000075b200000, 0x000000075b400000, 0x000000075b400000|100%| O|  |TAMS 0x000000075b400000| PB 0x000000075b200000| Untracked 
| 135|0x000000075b400000, 0x000000075b600000, 0x000000075b600000|100%| O|  |TAMS 0x000000075b600000| PB 0x000000075b400000| Untracked 
| 136|0x000000075b600000, 0x000000075b800000, 0x000000075b800000|100%| O|  |TAMS 0x000000075b800000| PB 0x000000075b600000| Untracked 
| 137|0x000000075b800000, 0x000000075ba00000, 0x000000075ba00000|100%| O|  |TAMS 0x000000075ba00000| PB 0x000000075b800000| Untracked 
| 138|0x000000075ba00000, 0x000000075bc00000, 0x000000075bc00000|100%| O|  |TAMS 0x000000075bc00000| PB 0x000000075ba00000| Untracked 
| 139|0x000000075bc00000, 0x000000075be00000, 0x000000075be00000|100%| O|  |TAMS 0x000000075be00000| PB 0x000000075bc00000| Untracked 
| 140|0x000000075be00000, 0x000000075c000000, 0x000000075c000000|100%| O|  |TAMS 0x000000075c000000| PB 0x000000075be00000| Untracked 
| 141|0x000000075c000000, 0x000000075c200000, 0x000000075c200000|100%| O|  |TAMS 0x000000075c200000| PB 0x000000075c000000| Untracked 
| 142|0x000000075c200000, 0x000000075c400000, 0x000000075c400000|100%| O|  |TAMS 0x000000075c400000| PB 0x000000075c200000| Untracked 
| 143|0x000000075c400000, 0x000000075c600000, 0x000000075c600000|100%| O|  |TAMS 0x000000075c600000| PB 0x000000075c400000| Untracked 
| 144|0x000000075c600000, 0x000000075c800000, 0x000000075c800000|100%| O|  |TAMS 0x000000075c800000| PB 0x000000075c600000| Untracked 
| 145|0x000000075c800000, 0x000000075ca00000, 0x000000075ca00000|100%| O|  |TAMS 0x000000075ca00000| PB 0x000000075c800000| Untracked 
| 146|0x000000075ca00000, 0x000000075ca00000, 0x000000075cc00000|  0%| F|  |TAMS 0x000000075ca00000| PB 0x000000075ca00000| Untracked 
| 147|0x000000075cc00000, 0x000000075cc00000, 0x000000075ce00000|  0%| F|  |TAMS 0x000000075cc00000| PB 0x000000075cc00000| Untracked 
| 148|0x000000075ce00000, 0x000000075ce00000, 0x000000075d000000|  0%| F|  |TAMS 0x000000075ce00000| PB 0x000000075ce00000| Untracked 
| 149|0x000000075d000000, 0x000000075d200000, 0x000000075d200000|100%| O|  |TAMS 0x000000075d200000| PB 0x000000075d000000| Untracked 
| 150|0x000000075d200000, 0x000000075d400000, 0x000000075d400000|100%| O|  |TAMS 0x000000075d400000| PB 0x000000075d200000| Untracked 
| 151|0x000000075d400000, 0x000000075d600000, 0x000000075d600000|100%| O|  |TAMS 0x000000075d600000| PB 0x000000075d400000| Untracked 
| 152|0x000000075d600000, 0x000000075d600000, 0x000000075d800000|  0%| F|  |TAMS 0x000000075d600000| PB 0x000000075d600000| Untracked 
| 153|0x000000075d800000, 0x000000075d800000, 0x000000075da00000|  0%| F|  |TAMS 0x000000075d800000| PB 0x000000075d800000| Untracked 
| 154|0x000000075da00000, 0x000000075da00000, 0x000000075dc00000|  0%| F|  |TAMS 0x000000075da00000| PB 0x000000075da00000| Untracked 
| 155|0x000000075dc00000, 0x000000075dc00000, 0x000000075de00000|  0%| F|  |TAMS 0x000000075dc00000| PB 0x000000075dc00000| Untracked 
| 156|0x000000075de00000, 0x000000075de00000, 0x000000075e000000|  0%| F|  |TAMS 0x000000075de00000| PB 0x000000075de00000| Untracked 
| 157|0x000000075e000000, 0x000000075e000000, 0x000000075e200000|  0%| F|  |TAMS 0x000000075e000000| PB 0x000000075e000000| Untracked 
| 158|0x000000075e200000, 0x000000075e200000, 0x000000075e400000|  0%| F|  |TAMS 0x000000075e200000| PB 0x000000075e200000| Untracked 
| 159|0x000000075e400000, 0x000000075e400000, 0x000000075e600000|  0%| F|  |TAMS 0x000000075e400000| PB 0x000000075e400000| Untracked 
| 160|0x000000075e600000, 0x000000075e600000, 0x000000075e800000|  0%| F|  |TAMS 0x000000075e600000| PB 0x000000075e600000| Untracked 
| 161|0x000000075e800000, 0x000000075e800000, 0x000000075ea00000|  0%| F|  |TAMS 0x000000075e800000| PB 0x000000075e800000| Untracked 
| 162|0x000000075ea00000, 0x000000075ec00000, 0x000000075ec00000|100%| O|  |TAMS 0x000000075ec00000| PB 0x000000075ea00000| Untracked 
| 163|0x000000075ec00000, 0x000000075ee00000, 0x000000075ee00000|100%| O|  |TAMS 0x000000075ee00000| PB 0x000000075ec00000| Untracked 
| 164|0x000000075ee00000, 0x000000075f000000, 0x000000075f000000|100%| O|  |TAMS 0x000000075f000000| PB 0x000000075ee00000| Untracked 
| 165|0x000000075f000000, 0x000000075f200000, 0x000000075f200000|100%| O|  |TAMS 0x000000075f200000| PB 0x000000075f000000| Untracked 
| 166|0x000000075f200000, 0x000000075f400000, 0x000000075f400000|100%| O|  |TAMS 0x000000075f400000| PB 0x000000075f200000| Untracked 
| 167|0x000000075f400000, 0x000000075f600000, 0x000000075f600000|100%| O|  |TAMS 0x000000075f600000| PB 0x000000075f400000| Untracked 
| 168|0x000000075f600000, 0x000000075f800000, 0x000000075f800000|100%| O|  |TAMS 0x000000075f800000| PB 0x000000075f600000| Untracked 
| 169|0x000000075f800000, 0x000000075fa00000, 0x000000075fa00000|100%| O|  |TAMS 0x000000075fa00000| PB 0x000000075f800000| Untracked 
| 170|0x000000075fa00000, 0x000000075fc00000, 0x000000075fc00000|100%| O|  |TAMS 0x000000075fc00000| PB 0x000000075fa00000| Untracked 
| 171|0x000000075fc00000, 0x000000075fc00000, 0x000000075fe00000|  0%| F|  |TAMS 0x000000075fc00000| PB 0x000000075fc00000| Untracked 
| 172|0x000000075fe00000, 0x000000075fe00000, 0x0000000760000000|  0%| F|  |TAMS 0x000000075fe00000| PB 0x000000075fe00000| Untracked 
| 173|0x0000000760000000, 0x0000000760000000, 0x0000000760200000|  0%| F|  |TAMS 0x0000000760000000| PB 0x0000000760000000| Untracked 
| 174|0x0000000760200000, 0x0000000760200000, 0x0000000760400000|  0%| F|  |TAMS 0x0000000760200000| PB 0x0000000760200000| Untracked 
| 175|0x0000000760400000, 0x0000000760400000, 0x0000000760600000|  0%| F|  |TAMS 0x0000000760400000| PB 0x0000000760400000| Untracked 
| 176|0x0000000760600000, 0x0000000760600000, 0x0000000760800000|  0%| F|  |TAMS 0x0000000760600000| PB 0x0000000760600000| Untracked 
| 177|0x0000000760800000, 0x0000000760800000, 0x0000000760a00000|  0%| F|  |TAMS 0x0000000760800000| PB 0x0000000760800000| Untracked 
| 178|0x0000000760a00000, 0x0000000760a00000, 0x0000000760c00000|  0%| F|  |TAMS 0x0000000760a00000| PB 0x0000000760a00000| Untracked 
| 179|0x0000000760c00000, 0x0000000760c00000, 0x0000000760e00000|  0%| F|  |TAMS 0x0000000760c00000| PB 0x0000000760c00000| Untracked 
| 180|0x0000000760e00000, 0x0000000760e00000, 0x0000000761000000|  0%| F|  |TAMS 0x0000000760e00000| PB 0x0000000760e00000| Untracked 
| 181|0x0000000761000000, 0x0000000761000000, 0x0000000761200000|  0%| F|  |TAMS 0x0000000761000000| PB 0x0000000761000000| Untracked 
| 182|0x0000000761200000, 0x0000000761200000, 0x0000000761400000|  0%| F|  |TAMS 0x0000000761200000| PB 0x0000000761200000| Untracked 
| 183|0x0000000761400000, 0x0000000761400000, 0x0000000761600000|  0%| F|  |TAMS 0x0000000761400000| PB 0x0000000761400000| Untracked 
| 184|0x0000000761600000, 0x0000000761600000, 0x0000000761800000|  0%| F|  |TAMS 0x0000000761600000| PB 0x0000000761600000| Untracked 
| 185|0x0000000761800000, 0x0000000761800000, 0x0000000761a00000|  0%| F|  |TAMS 0x0000000761800000| PB 0x0000000761800000| Untracked 
| 186|0x0000000761a00000, 0x0000000761a00000, 0x0000000761c00000|  0%| F|  |TAMS 0x0000000761a00000| PB 0x0000000761a00000| Untracked 
| 187|0x0000000761c00000, 0x0000000761c00000, 0x0000000761e00000|  0%| F|  |TAMS 0x0000000761c00000| PB 0x0000000761c00000| Untracked 
| 188|0x0000000761e00000, 0x0000000761e00000, 0x0000000762000000|  0%| F|  |TAMS 0x0000000761e00000| PB 0x0000000761e00000| Untracked 
| 189|0x0000000762000000, 0x0000000762000000, 0x0000000762200000|  0%| F|  |TAMS 0x0000000762000000| PB 0x0000000762000000| Untracked 
| 190|0x0000000762200000, 0x0000000762200000, 0x0000000762400000|  0%| F|  |TAMS 0x0000000762200000| PB 0x0000000762200000| Untracked 
| 191|0x0000000762400000, 0x0000000762400000, 0x0000000762600000|  0%| F|  |TAMS 0x0000000762400000| PB 0x0000000762400000| Untracked 
| 192|0x0000000762600000, 0x0000000762600000, 0x0000000762800000|  0%| F|  |TAMS 0x0000000762600000| PB 0x0000000762600000| Untracked 
| 193|0x0000000762800000, 0x0000000762800000, 0x0000000762a00000|  0%| F|  |TAMS 0x0000000762800000| PB 0x0000000762800000| Untracked 
| 194|0x0000000762a00000, 0x0000000762a00000, 0x0000000762c00000|  0%| F|  |TAMS 0x0000000762a00000| PB 0x0000000762a00000| Untracked 
| 195|0x0000000762c00000, 0x0000000762c00000, 0x0000000762e00000|  0%| F|  |TAMS 0x0000000762c00000| PB 0x0000000762c00000| Untracked 
| 196|0x0000000762e00000, 0x0000000762e00000, 0x0000000763000000|  0%| F|  |TAMS 0x0000000762e00000| PB 0x0000000762e00000| Untracked 
| 197|0x0000000763000000, 0x0000000763000000, 0x0000000763200000|  0%| F|  |TAMS 0x0000000763000000| PB 0x0000000763000000| Untracked 
| 198|0x0000000763200000, 0x0000000763200000, 0x0000000763400000|  0%| F|  |TAMS 0x0000000763200000| PB 0x0000000763200000| Untracked 
| 199|0x0000000763400000, 0x0000000763400000, 0x0000000763600000|  0%| F|  |TAMS 0x0000000763400000| PB 0x0000000763400000| Untracked 
| 200|0x0000000763600000, 0x0000000763600000, 0x0000000763800000|  0%| F|  |TAMS 0x0000000763600000| PB 0x0000000763600000| Untracked 
| 201|0x0000000763800000, 0x0000000763800000, 0x0000000763a00000|  0%| F|  |TAMS 0x0000000763800000| PB 0x0000000763800000| Untracked 
| 202|0x0000000763a00000, 0x0000000763a00000, 0x0000000763c00000|  0%| F|  |TAMS 0x0000000763a00000| PB 0x0000000763a00000| Untracked 
| 203|0x0000000763c00000, 0x0000000763c00000, 0x0000000763e00000|  0%| F|  |TAMS 0x0000000763c00000| PB 0x0000000763c00000| Untracked 
| 204|0x0000000763e00000, 0x0000000763e00000, 0x0000000764000000|  0%| F|  |TAMS 0x0000000763e00000| PB 0x0000000763e00000| Untracked 
| 205|0x0000000764000000, 0x0000000764000000, 0x0000000764200000|  0%| F|  |TAMS 0x0000000764000000| PB 0x0000000764000000| Untracked 
| 206|0x0000000764200000, 0x0000000764200000, 0x0000000764400000|  0%| F|  |TAMS 0x0000000764200000| PB 0x0000000764200000| Untracked 
| 207|0x0000000764400000, 0x0000000764400000, 0x0000000764600000|  0%| F|  |TAMS 0x0000000764400000| PB 0x0000000764400000| Untracked 
| 208|0x0000000764600000, 0x0000000764600000, 0x0000000764800000|  0%| F|  |TAMS 0x0000000764600000| PB 0x0000000764600000| Untracked 
| 209|0x0000000764800000, 0x0000000764800000, 0x0000000764a00000|  0%| F|  |TAMS 0x0000000764800000| PB 0x0000000764800000| Untracked 
| 210|0x0000000764a00000, 0x0000000764a00000, 0x0000000764c00000|  0%| F|  |TAMS 0x0000000764a00000| PB 0x0000000764a00000| Untracked 
| 211|0x0000000764c00000, 0x0000000764c00000, 0x0000000764e00000|  0%| F|  |TAMS 0x0000000764c00000| PB 0x0000000764c00000| Untracked 
| 212|0x0000000764e00000, 0x0000000764e00000, 0x0000000765000000|  0%| F|  |TAMS 0x0000000764e00000| PB 0x0000000764e00000| Untracked 
| 213|0x0000000765000000, 0x0000000765000000, 0x0000000765200000|  0%| F|  |TAMS 0x0000000765000000| PB 0x0000000765000000| Untracked 
| 214|0x0000000765200000, 0x0000000765200000, 0x0000000765400000|  0%| F|  |TAMS 0x0000000765200000| PB 0x0000000765200000| Untracked 
| 215|0x0000000765400000, 0x0000000765400000, 0x0000000765600000|  0%| F|  |TAMS 0x0000000765400000| PB 0x0000000765400000| Untracked 
| 216|0x0000000765600000, 0x0000000765600000, 0x0000000765800000|  0%| F|  |TAMS 0x0000000765600000| PB 0x0000000765600000| Untracked 
| 217|0x0000000765800000, 0x0000000765800000, 0x0000000765a00000|  0%| F|  |TAMS 0x0000000765800000| PB 0x0000000765800000| Untracked 
| 218|0x0000000765a00000, 0x0000000765a00000, 0x0000000765c00000|  0%| F|  |TAMS 0x0000000765a00000| PB 0x0000000765a00000| Untracked 
| 219|0x0000000765c00000, 0x0000000765c00000, 0x0000000765e00000|  0%| F|  |TAMS 0x0000000765c00000| PB 0x0000000765c00000| Untracked 
| 220|0x0000000765e00000, 0x0000000765e00000, 0x0000000766000000|  0%| F|  |TAMS 0x0000000765e00000| PB 0x0000000765e00000| Untracked 
| 221|0x0000000766000000, 0x00000007661880a8, 0x0000000766200000| 76%| S|CS|TAMS 0x0000000766000000| PB 0x0000000766000000| Complete 
| 222|0x0000000766200000, 0x0000000766400000, 0x0000000766400000|100%| S|CS|TAMS 0x0000000766200000| PB 0x0000000766200000| Complete 
| 223|0x0000000766400000, 0x0000000766600000, 0x0000000766600000|100%| S|CS|TAMS 0x0000000766400000| PB 0x0000000766400000| Complete 
| 224|0x0000000766600000, 0x0000000766800000, 0x0000000766800000|100%| S|CS|TAMS 0x0000000766600000| PB 0x0000000766600000| Complete 
| 225|0x0000000766800000, 0x0000000766800000, 0x0000000766a00000|  0%| F|  |TAMS 0x0000000766800000| PB 0x0000000766800000| Untracked 
| 226|0x0000000766a00000, 0x0000000766a00000, 0x0000000766c00000|  0%| F|  |TAMS 0x0000000766a00000| PB 0x0000000766a00000| Untracked 
| 227|0x0000000766c00000, 0x0000000766c00000, 0x0000000766e00000|  0%| F|  |TAMS 0x0000000766c00000| PB 0x0000000766c00000| Untracked 
| 228|0x0000000766e00000, 0x0000000766e00000, 0x0000000767000000|  0%| F|  |TAMS 0x0000000766e00000| PB 0x0000000766e00000| Untracked 
| 229|0x0000000767000000, 0x0000000767000000, 0x0000000767200000|  0%| F|  |TAMS 0x0000000767000000| PB 0x0000000767000000| Untracked 
| 230|0x0000000767200000, 0x0000000767200000, 0x0000000767400000|  0%| F|  |TAMS 0x0000000767200000| PB 0x0000000767200000| Untracked 
| 231|0x0000000767400000, 0x0000000767400000, 0x0000000767600000|  0%| F|  |TAMS 0x0000000767400000| PB 0x0000000767400000| Untracked 
| 232|0x0000000767600000, 0x0000000767600000, 0x0000000767800000|  0%| F|  |TAMS 0x0000000767600000| PB 0x0000000767600000| Untracked 
| 233|0x0000000767800000, 0x0000000767800000, 0x0000000767a00000|  0%| F|  |TAMS 0x0000000767800000| PB 0x0000000767800000| Untracked 
| 234|0x0000000767a00000, 0x0000000767a00000, 0x0000000767c00000|  0%| F|  |TAMS 0x0000000767a00000| PB 0x0000000767a00000| Untracked 
| 235|0x0000000767c00000, 0x0000000767c00000, 0x0000000767e00000|  0%| F|  |TAMS 0x0000000767c00000| PB 0x0000000767c00000| Untracked 
| 236|0x0000000767e00000, 0x0000000767e00000, 0x0000000768000000|  0%| F|  |TAMS 0x0000000767e00000| PB 0x0000000767e00000| Untracked 
| 237|0x0000000768000000, 0x0000000768000000, 0x0000000768200000|  0%| F|  |TAMS 0x0000000768000000| PB 0x0000000768000000| Untracked 
| 238|0x0000000768200000, 0x0000000768200000, 0x0000000768400000|  0%| F|  |TAMS 0x0000000768200000| PB 0x0000000768200000| Untracked 
| 239|0x0000000768400000, 0x0000000768400000, 0x0000000768600000|  0%| F|  |TAMS 0x0000000768400000| PB 0x0000000768400000| Untracked 
| 240|0x0000000768600000, 0x0000000768600000, 0x0000000768800000|  0%| F|  |TAMS 0x0000000768600000| PB 0x0000000768600000| Untracked 
| 241|0x0000000768800000, 0x0000000768800000, 0x0000000768a00000|  0%| F|  |TAMS 0x0000000768800000| PB 0x0000000768800000| Untracked 

Card table byte_map: [0x000002cd79ef0000,0x000002cd7a4a0000] _byte_map_base: 0x000002cd7649d000

Marking Bits: (CMBitMap*) 0x000002cd70fc8c80
 Bits: [0x000002cd7a4a0000, 0x000002cd7d208000)

Polling page: 0x000002cd6eee0000

Metaspace:

Usage:
  Non-class:     24.09 MB used.
      Class:      2.93 MB used.
       Both:     27.01 MB used.

Virtual space:
  Non-class space:       64.00 MB reserved,      24.38 MB ( 38%) committed,  1 nodes.
      Class space:        1.00 GB reserved,       3.12 MB ( <1%) committed,  1 nodes.
             Both:        1.06 GB reserved,      27.50 MB (  3%) committed. 

Chunk freelists:
   Non-Class:  7.61 MB
       Class:  12.88 MB
        Both:  20.48 MB

MaxMetaspaceSize: unlimited
CompressedClassSpaceSize: 1.00 GB
Initial GC threshold: 21.00 MB
Current GC threshold: 45.12 MB
CDS: on
 - commit_granule_bytes: 65536.
 - commit_granule_words: 8192.
 - virtual_space_node_default_size: 8388608.
 - enlarge_chunks_in_place: 1.
 - use_allocation_guard: 0.


Internal statistics:

num_allocs_failed_limit: 3.
num_arena_births: 514.
num_arena_deaths: 10.
num_vsnodes_births: 2.
num_vsnodes_deaths: 0.
num_space_committed: 441.
num_space_uncommitted: 1.
num_chunks_returned_to_freelist: 31.
num_chunks_taken_from_freelist: 1532.
num_chunk_merges: 5.
num_chunk_splits: 1034.
num_chunks_enlarged: 791.
num_inconsistent_stats: 0.

CodeHeap 'non-profiled nmethods': size=120000Kb used=5536Kb max_used=5536Kb free=114463Kb
 bounds [0x000002cd07ad0000, 0x000002cd08040000, 0x000002cd0f000000]
CodeHeap 'profiled nmethods': size=120000Kb used=13191Kb max_used=14583Kb free=106808Kb
 bounds [0x000002cd00000000, 0x000002cd00e40000, 0x000002cd07530000]
CodeHeap 'non-nmethods': size=5760Kb used=1446Kb max_used=1529Kb free=4313Kb
 bounds [0x000002cd07530000, 0x000002cd077a0000, 0x000002cd07ad0000]
 total_blobs=7244 nmethods=6713 adapters=435
 compilation: enabled
              stopped_count=0, restarted_count=0
 full_count=0

Compilation events (20 events):
Event: 13.594 Thread 0x000002cd7fe472d0 8172       3       java.util.concurrent.ForkJoinTask::getAndBitwiseOrStatus (12 bytes)
Event: 13.594 Thread 0x000002cd7fe472d0 nmethod 8172 0x000002cd004b5890 code [0x000002cd004b5a40, 0x000002cd004b5d10]
Event: 13.594 Thread 0x000002cd7fe472d0 8173       3       jdk.internal.misc.Unsafe::getAndBitwiseOrInt (27 bytes)
Event: 13.595 Thread 0x000002cd7fe472d0 nmethod 8173 0x000002cd005e0210 code [0x000002cd005e03c0, 0x000002cd005e05f0]
Event: 13.595 Thread 0x000002cd595a52a0 nmethod 8170 0x000002cd07f6b310 code [0x000002cd07f6b4a0, 0x000002cd07f6b5a0]
Event: 13.595 Thread 0x000002cd595a52a0 8159   !   4       org.apache.maven.model.RepositoryBase::clone (73 bytes)
Event: 13.596 Thread 0x000002cd595a52a0 nmethod 8159 0x000002cd08035990 code [0x000002cd08035b20, 0x000002cd08035d30]
Event: 13.596 Thread 0x000002cd595a52a0 8166       4       org.eclipse.aether.util.graph.transformer.ConflictResolver$State::scopes (55 bytes)
Event: 13.597 Thread 0x000002cd7fe46420 nmethod 8158 0x000002cd08035e90 code [0x000002cd08036060, 0x000002cd08036638]
Event: 13.597 Thread 0x000002cd7fe46420 8164       4       org.slf4j.impl.SimpleLogger::formatAndLog (34 bytes)
Event: 13.598 Thread 0x000002cd7fe46420 nmethod 8164 0x000002cd08036890 code [0x000002cd08036a00, 0x000002cd08036ab8]
Event: 13.598 Thread 0x000002cd7fe46420 8162       4       java.util.regex.Matcher::group (65 bytes)
Event: 13.601 Thread 0x000002cd595a52a0 nmethod 8166 0x000002cd08036b90 code [0x000002cd08036d40, 0x000002cd08037298]
Event: 13.601 Thread 0x000002cd595a52a0 8176       4       java.util.HashMap$HashIterator::<init> (79 bytes)
Event: 13.606 Thread 0x000002cd595a52a0 nmethod 8176 0x000002cd08037490 code [0x000002cd08037620, 0x000002cd08037a00]
Event: 13.606 Thread 0x000002cd595a52a0 8178       4       java.util.ArrayDeque::push (6 bytes)
Event: 13.608 Thread 0x000002cd595a52a0 nmethod 8178 0x000002cd08037b10 code [0x000002cd08037cc0, 0x000002cd08037f18]
Event: 13.609 Thread 0x000002cd595a52a0 8179       4       java.util.ArrayDeque::isEmpty (17 bytes)
Event: 13.609 Thread 0x000002cd595a52a0 nmethod 8179 0x000002cd08038090 code [0x000002cd08038200, 0x000002cd08038298]
Event: 13.609 Thread 0x000002cd595a52a0 8161       4       java.util.ArrayList::subList (20 bytes)

GC Heap History (20 events):
Event: 6.929 GC heap after
{Heap after GC invocations=15 (full 0):
 garbage-first heap   total 450560K, used 175326K [0x000000074a600000, 0x0000000800000000)
  region size 2048K, 12 young (24576K), 12 survivors (24576K)
 Metaspace       used 22868K, committed 23488K, reserved 1114112K
  class space    used 2524K, committed 2752K, reserved 1048576K
}
Event: 7.163 GC heap before
{Heap before GC invocations=15 (full 0):
 garbage-first heap   total 450560K, used 371934K [0x000000074a600000, 0x0000000800000000)
  region size 2048K, 109 young (223232K), 12 survivors (24576K)
 Metaspace       used 22882K, committed 23488K, reserved 1114112K
  class space    used 2527K, committed 2752K, reserved 1048576K
}
Event: 7.180 GC heap after
{Heap after GC invocations=16 (full 0):
 garbage-first heap   total 450560K, used 195412K [0x000000074a600000, 0x0000000800000000)
  region size 2048K, 13 young (26624K), 13 survivors (26624K)
 Metaspace       used 22882K, committed 23488K, reserved 1114112K
  class space    used 2527K, committed 2752K, reserved 1048576K
}
Event: 8.982 GC heap before
{Heap before GC invocations=16 (full 0):
 garbage-first heap   total 450560K, used 375636K [0x000000074a600000, 0x0000000800000000)
  region size 2048K, 100 young (204800K), 13 survivors (26624K)
 Metaspace       used 26798K, committed 27328K, reserved 1114112K
  class space    used 2907K, committed 3136K, reserved 1048576K
}
Event: 9.002 GC heap after
{Heap after GC invocations=17 (full 0):
 garbage-first heap   total 450560K, used 237898K [0x000000074a600000, 0x0000000800000000)
  region size 2048K, 13 young (26624K), 13 survivors (26624K)
 Metaspace       used 26798K, committed 27328K, reserved 1114112K
  class space    used 2907K, committed 3136K, reserved 1048576K
}
Event: 9.523 GC heap before
{Heap before GC invocations=17 (full 0):
 garbage-first heap   total 450560K, used 383306K [0x000000074a600000, 0x0000000800000000)
  region size 2048K, 84 young (172032K), 13 survivors (26624K)
 Metaspace       used 26823K, committed 27328K, reserved 1114112K
  class space    used 2907K, committed 3136K, reserved 1048576K
}
Event: 9.542 GC heap after
{Heap after GC invocations=18 (full 0):
 garbage-first heap   total 450560K, used 267520K [0x000000074a600000, 0x0000000800000000)
  region size 2048K, 11 young (22528K), 11 survivors (22528K)
 Metaspace       used 26823K, committed 27328K, reserved 1114112K
  class space    used 2907K, committed 3136K, reserved 1048576K
}
Event: 10.207 GC heap before
{Heap before GC invocations=19 (full 0):
 garbage-first heap   total 489472K, used 384256K [0x000000074a600000, 0x0000000800000000)
  region size 2048K, 69 young (141312K), 11 survivors (22528K)
 Metaspace       used 26835K, committed 27328K, reserved 1114112K
  class space    used 2908K, committed 3136K, reserved 1048576K
}
Event: 10.218 GC heap after
{Heap after GC invocations=20 (full 0):
 garbage-first heap   total 489472K, used 286720K [0x000000074a600000, 0x0000000800000000)
  region size 2048K, 9 young (18432K), 9 survivors (18432K)
 Metaspace       used 26835K, committed 27328K, reserved 1114112K
  class space    used 2908K, committed 3136K, reserved 1048576K
}
Event: 11.178 GC heap before
{Heap before GC invocations=20 (full 0):
 garbage-first heap   total 489472K, used 428032K [0x000000074a600000, 0x0000000800000000)
  region size 2048K, 77 young (157696K), 9 survivors (18432K)
 Metaspace       used 27002K, committed 27456K, reserved 1114112K
  class space    used 2921K, committed 3136K, reserved 1048576K
}
Event: 11.193 GC heap after
{Heap after GC invocations=21 (full 0):
 garbage-first heap   total 489472K, used 315878K [0x000000074a600000, 0x0000000800000000)
  region size 2048K, 10 young (20480K), 10 survivors (20480K)
 Metaspace       used 27002K, committed 27456K, reserved 1114112K
  class space    used 2921K, committed 3136K, reserved 1048576K
}
Event: 11.763 GC heap before
{Heap before GC invocations=21 (full 0):
 garbage-first heap   total 489472K, used 424422K [0x000000074a600000, 0x0000000800000000)
  region size 2048K, 63 young (129024K), 10 survivors (20480K)
 Metaspace       used 27286K, committed 27776K, reserved 1114112K
  class space    used 2952K, committed 3200K, reserved 1048576K
}
Event: 11.775 GC heap after
{Heap after GC invocations=22 (full 0):
 garbage-first heap   total 489472K, used 344640K [0x000000074a600000, 0x0000000800000000)
  region size 2048K, 8 young (16384K), 8 survivors (16384K)
 Metaspace       used 27286K, committed 27776K, reserved 1114112K
  class space    used 2952K, committed 3200K, reserved 1048576K
}
Event: 12.207 GC heap before
{Heap before GC invocations=23 (full 0):
 garbage-first heap   total 495616K, used 375360K [0x000000074a600000, 0x0000000800000000)
  region size 2048K, 50 young (102400K), 8 survivors (16384K)
 Metaspace       used 27274K, committed 27776K, reserved 1114112K
  class space    used 2948K, committed 3200K, reserved 1048576K
}
Event: 12.220 GC heap after
{Heap after GC invocations=24 (full 0):
 garbage-first heap   total 495616K, used 319488K [0x000000074a600000, 0x0000000800000000)
  region size 2048K, 7 young (14336K), 7 survivors (14336K)
 Metaspace       used 27274K, committed 27776K, reserved 1114112K
  class space    used 2948K, committed 3200K, reserved 1048576K
}
Event: 13.018 GC heap before
{Heap before GC invocations=24 (full 0):
 garbage-first heap   total 495616K, used 415744K [0x000000074a600000, 0x0000000800000000)
  region size 2048K, 54 young (110592K), 7 survivors (14336K)
 Metaspace       used 27617K, committed 28096K, reserved 1114112K
  class space    used 2989K, committed 3200K, reserved 1048576K
}
Event: 13.031 GC heap after
{Heap after GC invocations=25 (full 0):
 garbage-first heap   total 495616K, used 285821K [0x000000074a600000, 0x0000000800000000)
  region size 2048K, 7 young (14336K), 7 survivors (14336K)
 Metaspace       used 27617K, committed 28096K, reserved 1114112K
  class space    used 2989K, committed 3200K, reserved 1048576K
}
Event: 13.463 GC heap before
{Heap before GC invocations=25 (full 0):
 garbage-first heap   total 495616K, used 400509K [0x000000074a600000, 0x0000000800000000)
  region size 2048K, 63 young (129024K), 7 survivors (14336K)
 Metaspace       used 27618K, committed 28096K, reserved 1114112K
  class space    used 2989K, committed 3200K, reserved 1048576K
}
Event: 13.477 GC heap after
{Heap after GC invocations=26 (full 0):
 garbage-first heap   total 495616K, used 305839K [0x000000074a600000, 0x0000000800000000)
  region size 2048K, 8 young (16384K), 8 survivors (16384K)
 Metaspace       used 27618K, committed 28096K, reserved 1114112K
  class space    used 2989K, committed 3200K, reserved 1048576K
}
Event: 13.609 GC heap before
{Heap before GC invocations=26 (full 0):
 garbage-first heap   total 495616K, used 338607K [0x000000074a600000, 0x0000000800000000)
  region size 2048K, 25 young (51200K), 8 survivors (16384K)
 Metaspace       used 27663K, committed 28160K, reserved 1114112K
  class space    used 2995K, committed 3200K, reserved 1048576K
}

Dll operation events (8 events):
Event: 0.006 Loaded shared library C:\java-libs\jdk-21\bin\java.dll
Event: 0.031 Loaded shared library C:\java-libs\jdk-21\bin\jsvml.dll
Event: 0.045 Loaded shared library C:\java-libs\jdk-21\bin\net.dll
Event: 0.046 Loaded shared library C:\java-libs\jdk-21\bin\nio.dll
Event: 0.049 Loaded shared library C:\java-libs\jdk-21\bin\zip.dll
Event: 0.055 Loaded shared library C:\java-libs\jdk-21\bin\jimage.dll
Event: 0.216 Loaded shared library C:\Users\aleks\AppData\Local\Temp\jansi-2.4.1-b88e89c7a7c1669-jansi.dll
Event: 0.229 Loaded shared library C:\java-libs\jdk-21\bin\verify.dll

Deoptimization events (20 events):
Event: 12.545 Thread 0x000002cd70f7f620 DEOPT PACKING pc=0x000002cd07d28038 sp=0x000000e3faefd720
Event: 12.545 Thread 0x000002cd70f7f620 DEOPT UNPACKING pc=0x000002cd075846a2 sp=0x000000e3faefd6b0 mode 2
Event: 12.545 Thread 0x000002cd70f7f620 Uncommon trap: trap_request=0xffffffc6 fr.pc=0x000002cd07d1a5ec relative=0x000000000000068c
Event: 12.545 Thread 0x000002cd70f7f620 Uncommon trap: reason=bimorphic_or_optimized_type_check action=maybe_recompile pc=0x000002cd07d1a5ec method=java.nio.file.Files.provider(Ljava/nio/file/Path;)Ljava/nio/file/spi/FileSystemProvider; @ 1 c2
Event: 12.545 Thread 0x000002cd70f7f620 DEOPT PACKING pc=0x000002cd07d1a5ec sp=0x000000e3faefd6d0
Event: 12.545 Thread 0x000002cd70f7f620 DEOPT UNPACKING pc=0x000002cd075846a2 sp=0x000000e3faefd650 mode 2
Event: 12.601 Thread 0x000002cd70f7f620 Uncommon trap: trap_request=0xffffffde fr.pc=0x000002cd07b84f94 relative=0x0000000000000074
Event: 12.601 Thread 0x000002cd70f7f620 Uncommon trap: reason=class_check action=maybe_recompile pc=0x000002cd07b84f94 method=java.lang.invoke.Invokers$Holder.linkToTargetMethod(Ljava/lang/Object;Ljava/lang/Object;Ljava/lang/Object;Ljava/lang/Object;)Ljava/lang/Object; @ 1 c2
Event: 12.601 Thread 0x000002cd70f7f620 DEOPT PACKING pc=0x000002cd07b84f94 sp=0x000000e3faefdf20
Event: 12.601 Thread 0x000002cd70f7f620 DEOPT UNPACKING pc=0x000002cd075846a2 sp=0x000000e3faefdeb0 mode 2
Event: 12.603 Thread 0x000002cd70f7f620 Uncommon trap: trap_request=0xffffff45 fr.pc=0x000002cd07c77220 relative=0x0000000000000cc0
Event: 12.603 Thread 0x000002cd70f7f620 Uncommon trap: reason=unstable_if action=reinterpret pc=0x000002cd07c77220 method=java.util.regex.Pattern.sequence(Ljava/util/regex/Pattern$Node;)Ljava/util/regex/Pattern$Node; @ 151 c2
Event: 12.603 Thread 0x000002cd70f7f620 DEOPT PACKING pc=0x000002cd07c77220 sp=0x000000e3faefd390
Event: 12.603 Thread 0x000002cd70f7f620 DEOPT UNPACKING pc=0x000002cd075846a2 sp=0x000000e3faefd340 mode 2
Event: 12.622 Thread 0x000002cd5759f0a0 DEOPT PACKING pc=0x000002cd004d8fdf sp=0x000000e3fcffe8e0
Event: 12.622 Thread 0x000002cd5759f0a0 DEOPT UNPACKING pc=0x000002cd07584e42 sp=0x000000e3fcffdde8 mode 0
Event: 13.002 Thread 0x000002cd70f7f620 DEOPT PACKING pc=0x000002cd00669d2d sp=0x000000e3faefb850
Event: 13.002 Thread 0x000002cd70f7f620 DEOPT UNPACKING pc=0x000002cd07584e42 sp=0x000000e3faefad08 mode 0
Event: 13.135 Thread 0x000002cd70f7f620 DEOPT PACKING pc=0x000002cd00669d2d sp=0x000000e3faefca50
Event: 13.135 Thread 0x000002cd70f7f620 DEOPT UNPACKING pc=0x000002cd07584e42 sp=0x000000e3faefbf08 mode 0

Classes loaded (20 events):
Event: 7.718 Loading class java/nio/file/ClosedDirectoryStreamException
Event: 7.718 Loading class java/nio/file/ClosedDirectoryStreamException done
Event: 7.718 Loading class java/nio/file/DirectoryIteratorException
Event: 7.718 Loading class java/nio/file/DirectoryIteratorException done
Event: 8.089 Loading class java/io/InterruptedIOException
Event: 8.089 Loading class java/io/InterruptedIOException done
Event: 8.089 Loading class java/nio/channels/ClosedChannelException
Event: 8.089 Loading class java/nio/channels/ClosedChannelException done
Event: 8.090 Loading class java/nio/channels/NonWritableChannelException
Event: 8.090 Loading class java/nio/channels/NonWritableChannelException done
Event: 8.102 Loading class java/util/ResourceBundle$CacheKey
Event: 8.102 Loading class java/util/ResourceBundle$CacheKey done
Event: 8.242 Loading class jdk/internal/reflect/MethodHandleIntegerFieldAccessorImpl
Event: 8.243 Loading class jdk/internal/reflect/MethodHandleIntegerFieldAccessorImpl done
Event: 8.307 Loading class sun/nio/cs/UTF_8$Encoder
Event: 8.308 Loading class sun/nio/cs/UTF_8$Encoder done
Event: 12.594 Loading class java/util/zip/ZipOutputStream
Event: 12.595 Loading class java/util/zip/ZipOutputStream done
Event: 12.595 Loading class java/io/DataOutputStream
Event: 12.595 Loading class java/io/DataOutputStream done

Classes unloaded (20 events):
Event: 6.695 Thread 0x000002cd7fe1ea70 Unloading class 0x000002cd10274c00 'java/lang/invoke/LambdaForm$DMH+0x000002cd10274c00'
Event: 6.695 Thread 0x000002cd7fe1ea70 Unloading class 0x000002cd10274400 'java/lang/invoke/LambdaForm$DMH+0x000002cd10274400'
Event: 11.870 Thread 0x000002cd7fe1ea70 Unloading class 0x000002cd102fb0f0 'org/apache/commons/cli/Util'
Event: 11.870 Thread 0x000002cd7fe1ea70 Unloading class 0x000002cd102faec8 'org/apache/commons/cli/CommandLine$Builder$$Lambda+0x000002cd102faec8'
Event: 11.870 Thread 0x000002cd7fe1ea70 Unloading class 0x000002cd102facc0 'org/apache/commons/cli/CommandLine$Builder'
Event: 11.870 Thread 0x000002cd7fe1ea70 Unloading class 0x000002cd102fa9a8 'org/apache/commons/cli/CommandLine'
Event: 11.870 Thread 0x000002cd7fe1ea70 Unloading class 0x000002cd102fa748 'org/apache/commons/cli/MissingArgumentException'
Event: 11.870 Thread 0x000002cd7fe1ea70 Unloading class 0x000002cd102fa4e8 'org/apache/commons/cli/UnrecognizedOptionException'
Event: 11.870 Thread 0x000002cd7fe1ea70 Unloading class 0x000002cd102fa288 'org/apache/commons/cli/MissingOptionException'
Event: 11.870 Thread 0x000002cd7fe1ea70 Unloading class 0x000002cd102fa000 'org/apache/commons/cli/GnuParser'
Event: 11.870 Thread 0x000002cd7fe1ea70 Unloading class 0x000002cd102f9be0 'org/apache/commons/cli/Parser'
Event: 11.870 Thread 0x000002cd7fe1ea70 Unloading class 0x000002cd102f99e0 'org/apache/maven/cli/CleanArgument'
Event: 11.870 Thread 0x000002cd7fe1ea70 Unloading class 0x000002cd102f97e0 'org/apache/commons/cli/OptionValidator'
Event: 11.870 Thread 0x000002cd7fe1ea70 Unloading class 0x000002cd102f95d8 'org/apache/commons/cli/Option$Builder'
Event: 11.870 Thread 0x000002cd7fe1ea70 Unloading class 0x000002cd102f9290 'org/apache/commons/cli/Option'
Event: 11.870 Thread 0x000002cd7fe1ea70 Unloading class 0x000002cd102f9000 'org/apache/commons/cli/Options'
Event: 11.870 Thread 0x000002cd7fe1ea70 Unloading class 0x000002cd102f8400 'org/apache/commons/cli/CommandLineParser'
Event: 11.870 Thread 0x000002cd7fe1ea70 Unloading class 0x000002cd102f8c58 'org/apache/maven/cli/CLIManager'
Event: 11.870 Thread 0x000002cd7fe1ea70 Unloading class 0x000002cd102f8a00 'org/apache/commons/cli/ParseException'
Event: 11.870 Thread 0x000002cd7fe1ea70 Unloading class 0x000002cd102f8800 'io/quarkus/bootstrap/resolver/maven/options/BootstrapMavenOptionsParser'

Classes redefined (0 events):
No events

Internal exceptions (20 events):
Event: 5.181 Thread 0x000002cd70f7f620 Exception <a 'java/lang/NoSuchMethodError'{0x0000000757ee9120}: 'void java.lang.invoke.DelegatingMethodHandle$Holder.delegate(java.lang.Object, java.lang.Object, int, java.lang.Object)'> (0x0000000757ee9120) 
thrown [s\open\src\hotspot\share\interpreter\linkResolver.cpp, line 773]
Event: 5.213 Thread 0x000002cd70f7f620 Exception <a 'java/lang/NoSuchMethodError'{0x0000000757f56410}: 'java.lang.Object java.lang.invoke.DelegatingMethodHandle$Holder.reinvoke_L(java.lang.Object, java.lang.Object, java.lang.Object, java.lang.Object, java.lang.Object, java.lang.Object, java.lang.Object, java.lang.Object, java.lang.Object, java.lang.Object, java.lang.Object, java.lang.Object, java.lang.Object)'> (0x0000000757f56410) 
thrown [s\open\src\hotspot\share\interpreter\linkResolver.cpp, line 773]
Event: 5.220 Thread 0x000002cd70f7f620 Exception <a 'java/lang/NoSuchMethodError'{0x0000000757f95ed8}: 'java.lang.Object java.lang.invoke.DirectMethodHandle$Holder.invokeStatic(java.lang.Object, java.lang.Object, java.lang.Object, java.lang.Object, java.lang.Object, java.lang.Object, java.lang.Object, java.lang.Object, java.lang.Object, java.lang.Object, java.lang.Object, java.lang.Object, java.lang.Object)'> (0x0000000757f95ed8) 
thrown [s\open\src\hotspot\share\interpreter\linkResolver.cpp, line 773]
Event: 5.223 Thread 0x000002cd70f7f620 Exception <a 'java/lang/NoSuchMethodError'{0x0000000757fb3ef0}: 'java.lang.Object java.lang.invoke.DirectMethodHandle$Holder.invokeStatic(java.lang.Object, java.lang.Object, java.lang.Object, java.lang.Object, java.lang.Object, java.lang.Object, java.lang.Object, java.lang.Object, java.lang.Object, java.lang.Object, java.lang.Object, java.lang.Object, java.lang.Object, java.lang.Object)'> (0x0000000757fb3ef0) 
thrown [s\open\src\hotspot\share\interpreter\linkResolver.cpp, line 773]
Event: 5.226 Thread 0x000002cd70f7f620 Exception <a 'java/lang/NoSuchMethodError'{0x0000000757fd3600}: 'java.lang.Object java.lang.invoke.DirectMethodHandle$Holder.invokeStatic(java.lang.Object, java.lang.Object, java.lang.Object, java.lang.Object, java.lang.Object, java.lang.Object, java.lang.Object, java.lang.Object, java.lang.Object, java.lang.Object, java.lang.Object, java.lang.Object, java.lang.Object, java.lang.Object, java.lang.Object)'> (0x0000000757fd3600) 
thrown [s\open\src\hotspot\share\interpreter\linkResolver.cpp, line 773]
Event: 5.228 Thread 0x000002cd70f7f620 Exception <a 'java/lang/NoSuchMethodError'{0x0000000757ff5290}: 'java.lang.Object java.lang.invoke.DirectMethodHandle$Holder.invokeStatic(java.lang.Object, java.lang.Object, java.lang.Object, java.lang.Object, java.lang.Object, java.lang.Object, java.lang.Object, java.lang.Object, java.lang.Object, java.lang.Object, java.lang.Object, java.lang.Object, java.lang.Object, java.lang.Object, java.lang.Object, java.lang.Object)'> (0x0000000757ff5290) 
thrown [s\open\src\hotspot\share\interpreter\linkResolver.cpp
Event: 5.302 Thread 0x000002cd70f7f620 Exception <a 'sun/nio/fs/WindowsException'{0x0000000757a96ed8}> (0x0000000757a96ed8) 
thrown [s\open\src\hotspot\share\prims\jni.cpp, line 520]
Event: 6.519 Thread 0x000002cd56e26810 Implicit null exception at 0x000002cd07f68213 to 0x000002cd07f68ba3
Event: 7.240 Thread 0x000002cd70f7f620 Exception <a 'java/lang/NoSuchMethodError'{0x0000000765408b58}: 'java.lang.ClassLoader java.lang.ClassLoader.getPlatformClassLoader(java.lang.Class)'> (0x0000000765408b58) 
thrown [s\open\src\hotspot\share\interpreter\linkResolver.cpp, line 773]
Event: 8.098 Thread 0x000002cd70f7f620 Exception <a 'java/lang/NoSuchMethodError'{0x000000075fcc1cf8}: 'void java.lang.invoke.DelegatingMethodHandle$Holder.reinvoke_L(java.lang.Object, java.lang.Object, java.lang.Object, java.lang.Object, java.lang.Object, java.lang.Object, java.lang.Object, java.lang.Object, java.lang.Object, int)'> (0x000000075fcc1cf8) 
thrown [s\open\src\hotspot\share\interpreter\linkResolver.cpp, line 773]
Event: 8.633 Thread 0x000002cd70f7f620 Exception <a 'java/lang/NoSuchMethodError'{0x000000075d6bc158}: 'java.lang.Object java.lang.invoke.DirectMethodHandle$Holder.invokeInterface(java.lang.Object, java.lang.Object, java.lang.Object, java.lang.Object, java.lang.Object)'> (0x000000075d6bc158) 
thrown [s\open\src\hotspot\share\interpreter\linkResolver.cpp, line 773]
Event: 8.685 Thread 0x000002cd5758e1e0 Exception <a 'sun/nio/fs/WindowsException'{0x000000075d217db0}> (0x000000075d217db0) 
thrown [s\open\src\hotspot\share\prims\jni.cpp, line 520]
Event: 8.830 Thread 0x000002cd70f7f620 Exception <a 'sun/nio/fs/WindowsException'{0x000000075cc53b38}> (0x000000075cc53b38) 
thrown [s\open\src\hotspot\share\prims\jni.cpp, line 520]
Event: 9.071 Thread 0x000002cd70f7f620 Implicit null exception at 0x000002cd07b48cac to 0x000002cd07b49aac
Event: 9.075 Thread 0x000002cd70f7f620 Implicit null exception at 0x000002cd07b48cac to 0x000002cd07b49aac
Event: 9.078 Thread 0x000002cd70f7f620 Implicit null exception at 0x000002cd07b48cac to 0x000002cd07b49aac
Event: 9.080 Thread 0x000002cd70f7f620 Implicit null exception at 0x000002cd07b48cac to 0x000002cd07b49aac
Event: 12.608 Thread 0x000002cd70f7f620 Exception <a 'java/lang/NoSuchMethodError'{0x0000000767d68ef0}: 'int java.lang.invoke.DirectMethodHandle$Holder.invokeSpecialIFC(java.lang.Object, java.lang.Object, java.lang.Object)'> (0x0000000767d68ef0) 
thrown [s\open\src\hotspot\share\interpreter\linkResolver.cpp, line 773]
Event: 12.612 Thread 0x000002cd5758db70 Exception <a 'sun/nio/fs/WindowsException'{0x0000000767a32560}> (0x0000000767a32560) 
thrown [s\open\src\hotspot\share\prims\jni.cpp, line 520]
Event: 12.674 Thread 0x000002cd70f7f620 Exception <a 'sun/nio/fs/WindowsException'{0x00000007676128a8}> (0x00000007676128a8) 
thrown [s\open\src\hotspot\share\prims\jni.cpp, line 520]

ZGC Phase Switch (0 events):
No events

VM Operations (20 events):
Event: 9.717 Executing VM operation: G1PauseCleanup done
Event: 10.207 Executing VM operation: G1CollectForAllocation (G1 Evacuation Pause)
Event: 10.218 Executing VM operation: G1CollectForAllocation (G1 Evacuation Pause) done
Event: 11.178 Executing VM operation: G1CollectForAllocation (G1 Evacuation Pause)
Event: 11.193 Executing VM operation: G1CollectForAllocation (G1 Evacuation Pause) done
Event: 11.517 Executing VM operation: HandshakeAllThreads (Deoptimize)
Event: 11.517 Executing VM operation: HandshakeAllThreads (Deoptimize) done
Event: 11.763 Executing VM operation: G1CollectForAllocation (G1 Evacuation Pause)
Event: 11.775 Executing VM operation: G1CollectForAllocation (G1 Evacuation Pause) done
Event: 11.869 Executing VM operation: G1PauseRemark
Event: 11.877 Executing VM operation: G1PauseRemark done
Event: 11.915 Executing VM operation: G1PauseCleanup
Event: 11.915 Executing VM operation: G1PauseCleanup done
Event: 12.207 Executing VM operation: G1CollectForAllocation (G1 Evacuation Pause)
Event: 12.220 Executing VM operation: G1CollectForAllocation (G1 Evacuation Pause) done
Event: 13.018 Executing VM operation: G1CollectForAllocation (G1 Evacuation Pause)
Event: 13.031 Executing VM operation: G1CollectForAllocation (G1 Evacuation Pause) done
Event: 13.462 Executing VM operation: G1CollectForAllocation (G1 Evacuation Pause)
Event: 13.477 Executing VM operation: G1CollectForAllocation (G1 Evacuation Pause) done
Event: 13.609 Executing VM operation: G1TryInitiateConcMark (G1 Humongous Allocation)

Events (20 events):
Event: 11.876 Thread 0x000002cd7fe1ea70 flushing nmethod 0x000002cd0064ec90
Event: 11.876 Thread 0x000002cd7fe1ea70 flushing nmethod 0x000002cd00652210
Event: 11.876 Thread 0x000002cd7fe1ea70 flushing nmethod 0x000002cd00677610
Event: 11.876 Thread 0x000002cd7fe1ea70 flushing nmethod 0x000002cd00681710
Event: 11.876 Thread 0x000002cd7fe1ea70 flushing nmethod 0x000002cd00a50b10
Event: 11.876 Thread 0x000002cd7fe1ea70 flushing nmethod 0x000002cd00c48990
Event: 11.876 Thread 0x000002cd7fe1ea70 flushing nmethod 0x000002cd00c49210
Event: 11.876 Thread 0x000002cd7fe1ea70 flushing nmethod 0x000002cd00c49610
Event: 11.876 Thread 0x000002cd7fe1ea70 flushing nmethod 0x000002cd00c4af10
Event: 11.876 Thread 0x000002cd7fe1ea70 flushing nmethod 0x000002cd00c4c090
Event: 11.876 Thread 0x000002cd7fe1ea70 flushing nmethod 0x000002cd00c4c610
Event: 11.876 Thread 0x000002cd7fe1ea70 flushing nmethod 0x000002cd00c4cb90
Event: 11.876 Thread 0x000002cd7fe1ea70 flushing nmethod 0x000002cd00c4d410
Event: 11.876 Thread 0x000002cd7fe1ea70 flushing nmethod 0x000002cd00c5b010
Event: 11.876 Thread 0x000002cd7fe1ea70 flushing nmethod 0x000002cd00c5b890
Event: 11.876 Thread 0x000002cd7fe1ea70 flushing nmethod 0x000002cd00ce0010
Event: 11.876 Thread 0x000002cd7fe1ea70 flushing nmethod 0x000002cd00d93e90
Event: 11.876 Thread 0x000002cd7fe1ea70 flushing nmethod 0x000002cd00dbfe10
Event: 11.880 Thread 0x000002cd545ac600 Thread exited: 0x000002cd545ac600
Event: 12.092 Thread 0x000002cd595a52a0 Thread added: 0x000002cd595a52a0


Dynamic libraries:
0x00007ff632b10000 - 0x00007ff632b20000 	C:\java-libs\jdk-21\bin\java.exe
0x00007ffff7710000 - 0x00007ffff7927000 	C:\WINDOWS\SYSTEM32\ntdll.dll
0x00007ffff7060000 - 0x00007ffff7124000 	C:\WINDOWS\System32\KERNEL32.DLL
0x00007ffff4a20000 - 0x00007ffff4dd7000 	C:\WINDOWS\System32\KERNELBASE.dll
0x00007ffff4de0000 - 0x00007ffff4ef1000 	C:\WINDOWS\System32\ucrtbase.dll
0x00007fffec850000 - 0x00007fffec869000 	C:\java-libs\jdk-21\bin\jli.dll
0x00007ffff7580000 - 0x00007ffff7632000 	C:\WINDOWS\System32\ADVAPI32.dll
0x00007ffff58f0000 - 0x00007ffff5997000 	C:\WINDOWS\System32\msvcrt.dll
0x00007fffe13b0000 - 0x00007fffe13cb000 	C:\java-libs\jdk-21\bin\VCRUNTIME140.dll
0x00007ffff5aa0000 - 0x00007ffff5b48000 	C:\WINDOWS\System32\sechost.dll
0x00007ffff4f80000 - 0x00007ffff4fa8000 	C:\WINDOWS\System32\bcrypt.dll
0x00007ffff65f0000 - 0x00007ffff6704000 	C:\WINDOWS\System32\RPCRT4.dll
0x00007ffff7210000 - 0x00007ffff73bf000 	C:\WINDOWS\System32\USER32.dll
0x00007ffff5300000 - 0x00007ffff5326000 	C:\WINDOWS\System32\win32u.dll
0x00007ffff7130000 - 0x00007ffff7159000 	C:\WINDOWS\System32\GDI32.dll
0x00007fffda900000 - 0x00007fffdab93000 	C:\WINDOWS\WinSxS\amd64_microsoft.windows.common-controls_6595b64144ccf1df_6.0.22621.3672_none_2713b9d173822955\COMCTL32.dll
0x00007ffff5070000 - 0x00007ffff5188000 	C:\WINDOWS\System32\gdi32full.dll
0x00007ffff53a0000 - 0x00007ffff543a000 	C:\WINDOWS\System32\msvcp_win.dll
0x00007fffea170000 - 0x00007fffea17a000 	C:\WINDOWS\SYSTEM32\VERSION.dll
0x00007ffff57b0000 - 0x00007ffff57e1000 	C:\WINDOWS\System32\IMM32.DLL
0x00007ffff0620000 - 0x00007ffff062c000 	C:\java-libs\jdk-21\bin\vcruntime140_1.dll
0x00007fffd82c0000 - 0x00007fffd834e000 	C:\java-libs\jdk-21\bin\msvcp140.dll
0x00007fffa7e50000 - 0x00007fffa8b63000 	C:\java-libs\jdk-21\bin\server\jvm.dll
0x00007ffff74a0000 - 0x00007ffff7511000 	C:\WINDOWS\System32\WS2_32.dll
0x00007ffff48f0000 - 0x00007ffff493d000 	C:\WINDOWS\SYSTEM32\POWRPROF.dll
0x00007fffeef20000 - 0x00007fffeef54000 	C:\WINDOWS\SYSTEM32\WINMM.dll
0x00007ffff48d0000 - 0x00007ffff48e3000 	C:\WINDOWS\SYSTEM32\UMPDC.dll
0x00007ffff3a50000 - 0x00007ffff3a68000 	C:\WINDOWS\SYSTEM32\kernel.appcore.dll
0x00007fffef240000 - 0x00007fffef24a000 	C:\java-libs\jdk-21\bin\jimage.dll
0x00007ffff2400000 - 0x00007ffff2632000 	C:\WINDOWS\SYSTEM32\DBGHELP.DLL
0x00007ffff5ff0000 - 0x00007ffff637e000 	C:\WINDOWS\System32\combase.dll
0x00007ffff73c0000 - 0x00007ffff7497000 	C:\WINDOWS\System32\OLEAUT32.dll
0x00007fffebcb0000 - 0x00007fffebce2000 	C:\WINDOWS\SYSTEM32\dbgcore.DLL
0x00007ffff4f00000 - 0x00007ffff4f7b000 	C:\WINDOWS\System32\bcryptPrimitives.dll
0x00007fffe1390000 - 0x00007fffe13af000 	C:\java-libs\jdk-21\bin\java.dll
0x00007ffff67c0000 - 0x00007ffff7029000 	C:\WINDOWS\System32\SHELL32.dll
0x00007ffff2940000 - 0x00007ffff323f000 	C:\WINDOWS\SYSTEM32\windows.storage.dll
0x00007ffff2800000 - 0x00007ffff293f000 	C:\WINDOWS\SYSTEM32\wintypes.dll
0x00007ffff57f0000 - 0x00007ffff58e9000 	C:\WINDOWS\System32\SHCORE.dll
0x00007ffff6710000 - 0x00007ffff676e000 	C:\WINDOWS\System32\shlwapi.dll
0x00007ffff4950000 - 0x00007ffff4977000 	C:\WINDOWS\SYSTEM32\profapi.dll
0x00007fffb7d80000 - 0x00007fffb7e57000 	C:\java-libs\jdk-21\bin\jsvml.dll
0x00007fffef050000 - 0x00007fffef060000 	C:\java-libs\jdk-21\bin\net.dll
0x00007fffef780000 - 0x00007fffef8b6000 	C:\WINDOWS\SYSTEM32\WINHTTP.dll
0x00007ffff3ee0000 - 0x00007ffff3f49000 	C:\WINDOWS\system32\mswsock.dll
0x00007fffdcdb0000 - 0x00007fffdcdc6000 	C:\java-libs\jdk-21\bin\nio.dll
0x00007fffdcd20000 - 0x00007fffdcd38000 	C:\java-libs\jdk-21\bin\zip.dll
0x00007fffd80f0000 - 0x00007fffd8114000 	C:\Users\aleks\AppData\Local\Temp\jansi-2.4.1-b88e89c7a7c1669-jansi.dll
0x00007fffeecf0000 - 0x00007fffeed00000 	C:\java-libs\jdk-21\bin\verify.dll
0x00007ffff4140000 - 0x00007ffff415b000 	C:\WINDOWS\SYSTEM32\CRYPTSP.dll
0x00007ffff39b0000 - 0x00007ffff39e5000 	C:\WINDOWS\system32\rsaenh.dll
0x00007ffff3fd0000 - 0x00007ffff3ff8000 	C:\WINDOWS\SYSTEM32\USERENV.dll
0x00007ffff4130000 - 0x00007ffff413c000 	C:\WINDOWS\SYSTEM32\CRYPTBASE.dll
0x00007ffff34a0000 - 0x00007ffff34cd000 	C:\WINDOWS\SYSTEM32\IPHLPAPI.DLL
0x00007ffff7050000 - 0x00007ffff7059000 	C:\WINDOWS\System32\NSI.dll
0x00007fffd53a0000 - 0x00007fffd53b7000 	C:\WINDOWS\system32\napinsp.dll
0x00007fffd4510000 - 0x00007fffd452b000 	C:\WINDOWS\system32\pnrpnsp.dll
0x00007ffff3510000 - 0x00007ffff3612000 	C:\WINDOWS\SYSTEM32\DNSAPI.dll
0x00007fffd4550000 - 0x00007fffd4561000 	C:\WINDOWS\System32\winrnr.dll
0x00007fffeee30000 - 0x00007fffeee45000 	C:\WINDOWS\system32\wshbth.dll
0x00007fffd44a0000 - 0x00007fffd44c7000 	C:\WINDOWS\system32\nlansp_c.dll
0x00007fffe9b90000 - 0x00007fffe9b9a000 	C:\Windows\System32\rasadhlp.dll
0x00007fffee830000 - 0x00007fffee8b3000 	C:\WINDOWS\System32\fwpuclnt.dll

dbghelp: loaded successfully - version: 4.0.5 - missing functions: none
symbol engine: initialized successfully - sym options: 0x614 - pdb path: .;C:\java-libs\jdk-21\bin;C:\WINDOWS\SYSTEM32;C:\WINDOWS\WinSxS\amd64_microsoft.windows.common-controls_6595b64144ccf1df_6.0.22621.3672_none_2713b9d173822955;C:\java-libs\jdk-21\bin\server;C:\Users\aleks\AppData\Local\Temp

VM Arguments:
jvm_args: -Dmaven.multiModuleProjectDirectory=C:\Users\aleks\Downloads\literatura-jpn 
java_command: org.apache.maven.wrapper.MavenWrapperMain compile quarkus:dev
java_class_path (initial): C:\Users\aleks\Downloads\literatura-jpn\.mvn\wrapper\maven-wrapper.jar
Launcher Type: SUN_STANDARD

[Global flags]
     intx CICompilerCount                          = 4                                         {product} {ergonomic}
     uint ConcGCThreads                            = 3                                         {product} {ergonomic}
     uint G1ConcRefinementThreads                  = 10                                        {product} {ergonomic}
   size_t G1HeapRegionSize                         = 2097152                                   {product} {ergonomic}
    uintx GCDrainStackTargetSize                   = 64                                        {product} {ergonomic}
   size_t InitialHeapSize                          = 190840832                                 {product} {ergonomic}
   size_t MarkStackSize                            = 4194304                                   {product} {ergonomic}
   size_t MaxHeapSize                              = 3047161856                                {product} {ergonomic}
   size_t MaxNewSize                               = 1826619392                                {product} {ergonomic}
   size_t MinHeapDeltaBytes                        = 2097152                                   {product} {ergonomic}
   size_t MinHeapSize                              = 8388608                                   {product} {ergonomic}
    uintx NonNMethodCodeHeapSize                   = 5839372                                {pd product} {ergonomic}
    uintx NonProfiledCodeHeapSize                  = 122909434                              {pd product} {ergonomic}
    uintx ProfiledCodeHeapSize                     = 122909434                              {pd product} {ergonomic}
    uintx ReservedCodeCacheSize                    = 251658240                              {pd product} {ergonomic}
     bool SegmentedCodeCache                       = true                                      {product} {ergonomic}
   size_t SoftMaxHeapSize                          = 3047161856                             {manageable} {ergonomic}
     bool UseCompressedOops                        = true                           {product lp64_product} {ergonomic}
     bool UseG1GC                                  = true                                      {product} {ergonomic}
     bool UseLargePagesIndividualAllocation        = false                                  {pd product} {ergonomic}

Logging:
Log output configuration:
 #0: stdout all=warning uptime,level,tags foldmultilines=false
 #1: stderr all=off uptime,level,tags foldmultilines=false

Environment Variables:
JAVA_HOME=C:\java-libs\jdk-21
PATH=C:\Program Files\PowerShell\7;C:\WINDOWS\system32;C:\WINDOWS;C:\WINDOWS\System32\Wbem;C:\WINDOWS\System32\WindowsPowerShell\v1.0\;C:\WINDOWS\System32\OpenSSH\;C:\Program Files\PowerShell\7\;C:\Program Files\Git\cmd;C:\Program Files\nodejs\;C:\Program Files\dotnet\;C:\Program Files\Docker\Docker\resources\bin;C:\Program Files (x86)\Java\jre1.8.0_421;C:\Program Files\MySQL\MySQL Shell 8.0\bin\;C:\Users\aleks\AppData\Local\Microsoft\WindowsApps;C:\Users\aleks\AppData\Local\Programs\Microsoft VS Code\bin;C:\Users\aleks\AppData\Roaming\npm;C:\Program Files (x86)\Java;C:\Program Files (x86)\Java\jre1.8.0_421;C:\Program Files (x86)\Common Files\Oracle\Java\java8path;C:\java-libs\jdk-21\bin;C:\Program Files (x86)\Java\jre1.8.0_421\bin;
USERNAME=aleks
LANG=en_US.UTF-8
OS=Windows_NT
PROCESSOR_IDENTIFIER=AMD64 Family 23 Model 104 Stepping 1, AuthenticAMD
TMP=C:\Users\aleks\AppData\Local\Temp
TEMP=C:\Users\aleks\AppData\Local\Temp




Periodic native trim disabled

---------------  S Y S T E M  ---------------

OS:
 Windows 11 , 64 bit Build 22621 (10.0.22621.3958)
OS uptime: 1 days 9:14 hours
Hyper-V role detected

CPU: total 12 (initial active 12) (12 cores per cpu, 2 threads per core) family 23 model 104 stepping 1 microcode 0x0, cx8, cmov, fxsr, ht, mmx, 3dnowpref, sse, sse2, sse3, ssse3, sse4a, sse4.1, sse4.2, popcnt, lzcnt, tsc, tscinvbit, avx, avx2, aes, clmul, bmi1, bmi2, adx, sha, fma, vzeroupper, clflush, clflushopt, hv, rdtscp, rdpid, f16c
Processor Information for processor 0
  Max Mhz: 2100, Current Mhz: 2100, Mhz Limit: 2100
Processor Information for processor 1
  Max Mhz: 2100, Current Mhz: 2100, Mhz Limit: 2100
Processor Information for processor 2
  Max Mhz: 2100, Current Mhz: 2100, Mhz Limit: 2100
Processor Information for processor 3
  Max Mhz: 2100, Current Mhz: 1988, Mhz Limit: 2100
Processor Information for processor 4
  Max Mhz: 2100, Current Mhz: 2100, Mhz Limit: 2100
Processor Information for processor 5
  Max Mhz: 2100, Current Mhz: 2100, Mhz Limit: 2100
Processor Information for processor 6
  Max Mhz: 2100, Current Mhz: 2100, Mhz Limit: 2100
Processor Information for processor 7
  Max Mhz: 2100, Current Mhz: 1988, Mhz Limit: 2100
Processor Information for processor 8
  Max Mhz: 2100, Current Mhz: 1988, Mhz Limit: 2100
Processor Information for processor 9
  Max Mhz: 2100, Current Mhz: 2100, Mhz Limit: 2100
Processor Information for processor 10
  Max Mhz: 2100, Current Mhz: 2100, Mhz Limit: 2100
Processor Information for processor 11
  Max Mhz: 2100, Current Mhz: 1988, Mhz Limit: 2100

Memory: 4k page, system-wide physical 11621M (409M free)
TotalPageFile size 20621M (AvailPageFile size 67M)
current process WorkingSet (physical memory assigned to process): 665M, peak: 679M
current process commit charge ("private bytes"): 712M, peak: 916M

vm_info: Java HotSpot(TM) 64-Bit Server VM (21.0.4+8-LTS-274) for windows-amd64 JRE (21.0.4+8-LTS-274), built on 2024-06-05T05:23:33Z by "mach5one" with MS VC++ 17.6 (VS2022)

END.
